2026-03-10 17:51:25,418 - INFO - Building graphs for 7053 instances (timeout=5s)...
2026-03-10 17:52:48,325 - WARNING - Graph build result timeout (15s) for /workspace/smt-select/smtlib/non-incremental/QF_BV/asp/EdgeMatching/edge-matching-width=10-height=10-colours=5.smt2 — worker may be stuck; marking failed
2026-03-10 17:53:25,541 - WARNING - Graph build result timeout (15s) for /workspace/smt-select/smtlib/non-incremental/QF_BV/sage/app11/bench_583.smt2 — worker may be stuck; marking failed
2026-03-10 17:58:05,227 - WARNING - Graph build result timeout (15s) for /workspace/smt-select/smtlib/non-incremental/QF_BV/sage/app7/bench_1855.smt2 — worker may be stuck; marking failed
2026-03-10 17:59:47,382 - WARNING - Graph build result timeout (15s) for /workspace/smt-select/smtlib/non-incremental/QF_BV/sage/app7/bench_773.smt2 — worker may be stuck; marking failed
2026-03-10 18:03:09,981 - WARNING - Graph build result timeout (15s) for /workspace/smt-select/smtlib/non-incremental/QF_BV/sage/app7/bench_6991.smt2 — worker may be stuck; marking failed
2026-03-10 18:03:25,974 - INFO - Graphs: 5658 built, 1395 failed (of 7053 instances)
2026-03-10 18:05:39,360 - INFO - GIN-PWC: 5658 instances, 70173 pairwise samples
2026-03-10 18:05:39,381 - INFO - Early stopping: val_ratio=0.15, patience=50, min_epochs=100 -> 59648 train, 10525 val samples
2026-03-10 18:08:24,778 - INFO - Best val loss 0.1012 (epoch 1)
2026-03-10 18:08:24,780 - INFO - Epoch 1/200 train loss (weighted BCE) 0.1535 val loss 0.1012 (best)
2026-03-10 18:11:09,070 - INFO - Best val loss 0.0596 (epoch 2)
2026-03-10 18:13:45,575 - INFO - Best val loss 0.0469 (epoch 3)
2026-03-10 18:16:24,368 - INFO - Best val loss 0.0411 (epoch 4)
2026-03-10 18:19:06,368 - INFO - Best val loss 0.0407 (epoch 5)
2026-03-10 18:24:38,251 - INFO - Best val loss 0.0394 (epoch 7)
2026-03-10 18:27:28,054 - INFO - Best val loss 0.0393 (epoch 8)
2026-03-10 18:30:23,576 - INFO - Best val loss 0.0378 (epoch 9)
2026-03-10 18:33:17,953 - INFO - Epoch 10/200 train loss (weighted BCE) 0.0396 val loss 0.0380
2026-03-10 18:36:13,180 - INFO - Best val loss 0.0360 (epoch 11)
2026-03-10 18:39:12,669 - INFO - Best val loss 0.0317 (epoch 12)
2026-03-10 18:47:48,752 - INFO - Best val loss 0.0309 (epoch 15)
2026-03-10 19:01:09,857 - INFO - Epoch 20/200 train loss (weighted BCE) 0.0316 val loss 0.0325
2026-03-10 19:06:08,968 - INFO - Best val loss 0.0302 (epoch 22)
2026-03-10 19:08:29,171 - INFO - Best val loss 0.0293 (epoch 23)
2026-03-10 19:24:48,578 - INFO - Epoch 30/200 train loss (weighted BCE) 0.0278 val loss 0.0306
2026-03-10 19:45:39,308 - INFO - Best val loss 0.0292 (epoch 39)
2026-03-10 19:48:05,676 - INFO - Best val loss 0.0289 (epoch 40)
2026-03-10 19:48:05,677 - INFO - Epoch 40/200 train loss (weighted BCE) 0.0278 val loss 0.0289 (best)
2026-03-10 19:54:57,162 - INFO - Best val loss 0.0268 (epoch 43)
2026-03-10 20:11:36,355 - INFO - Epoch 50/200 train loss (weighted BCE) 0.0251 val loss 0.0316
2026-03-10 20:33:07,053 - INFO - Epoch 60/200 train loss (weighted BCE) 0.0230 val loss 0.0348
2026-03-10 20:55:17,353 - INFO - Epoch 70/200 train loss (weighted BCE) 0.0200 val loss 0.0756
2026-03-10 21:16:52,556 - INFO - Epoch 80/200 train loss (weighted BCE) 0.0275 val loss 0.0341
2026-03-10 21:39:30,956 - INFO - Epoch 90/200 train loss (weighted BCE) 0.0205 val loss 0.0319
2026-03-10 21:59:37,454 - INFO - Epoch 100/200 train loss (weighted BCE) 0.0259 val loss 0.0381
2026-03-10 21:59:37,456 - INFO - Early stop: no val improvement for 50 epochs (min_epochs=100 reached), restoring best
2026-03-10 21:59:37,536 - INFO - Saved GIN-PWC model, vocab, config, failed_paths to models/gin_pwc/QF_BV/seed0
