2026-02-21 13:21:06,587 - INFO - Building graphs for 1784 instances (timeout=5s)...
2026-02-21 13:22:35,437 - WARNING - Graph build result timeout (15s) for /workspace/smt-select/smtlib/non-incremental/QF_LIA/20220307-SMPT/FamilyReunion-PT-L00400M0040C020P020G001/RC-10.smt2 — worker may be stuck; marking failed
2026-02-21 13:23:20,397 - WARNING - Graph build result timeout (15s) for /workspace/smt-select/smtlib/non-incremental/QF_LIA/2019-cmodelsdiff/stillLive/0018-still_live-23-1.smt2 — worker may be stuck; marking failed
2026-02-21 13:25:44,144 - WARNING - Graph build result timeout (15s) for /workspace/smt-select/smtlib/non-incremental/QF_LIA/20220307-SMPT/FamilyReunion-PT-L00400M0040C020P020G001/RC-00.smt2 — worker may be stuck; marking failed
2026-02-21 13:25:59,146 - WARNING - Graph build result timeout (15s) for /workspace/smt-select/smtlib/non-incremental/QF_LIA/2019-cmodelsdiff/stillLive/0022-still_live-27-1.smt2 — worker may be stuck; marking failed
2026-02-21 13:26:33,371 - WARNING - Graph build result timeout (15s) for /workspace/smt-select/smtlib/non-incremental/QF_LIA/20220307-SMPT/FamilyReunion-PT-L00400M0040C020P020G001/RC-08.smt2 — worker may be stuck; marking failed
2026-02-21 13:27:01,404 - WARNING - Graph build result timeout (15s) for /workspace/smt-select/smtlib/non-incremental/QF_LIA/20220307-SMPT/FamilyReunion-PT-L00400M0040C020P020G001/RC-15.smt2 — worker may be stuck; marking failed
2026-02-21 13:27:46,827 - WARNING - Graph build result timeout (15s) for /workspace/smt-select/smtlib/non-incremental/QF_LIA/2019-ezsmt/Labyrinth/SCC/0075-labyrinth-13-0.smt2 — worker may be stuck; marking failed
2026-02-21 13:27:47,259 - INFO - Graphs: 1568 built, 216 failed (of 1784 instances)
2026-02-21 13:28:51,243 - INFO - GIN-PWC: 1568 instances, 14796 pairwise samples
2026-02-21 13:28:51,248 - INFO - Early stopping: val_ratio=0.15, patience=50, min_epochs=100 -> 12577 train, 2219 val samples
2026-02-21 13:29:42,286 - INFO - Best val loss 0.4767 (epoch 1)
2026-02-21 13:29:42,287 - INFO - Epoch 1/500 train loss (weighted BCE) 0.8113 val loss 0.4767 (best)
2026-02-21 13:31:31,471 - INFO - Best val loss 0.3835 (epoch 3)
2026-02-21 13:33:32,179 - INFO - Best val loss 0.3272 (epoch 5)
2026-02-21 13:34:26,982 - INFO - Best val loss 0.2517 (epoch 6)
2026-02-21 13:35:19,176 - INFO - Best val loss 0.2368 (epoch 7)
2026-02-21 13:36:10,981 - INFO - Best val loss 0.2310 (epoch 8)
2026-02-21 13:37:52,776 - INFO - Best val loss 0.1939 (epoch 10)
2026-02-21 13:37:52,776 - INFO - Epoch 10/500 train loss (weighted BCE) 0.2249 val loss 0.1939 (best)
2026-02-21 13:38:41,995 - INFO - Best val loss 0.1888 (epoch 11)
2026-02-21 13:40:21,706 - INFO - Best val loss 0.1806 (epoch 13)
2026-02-21 13:42:02,666 - INFO - Best val loss 0.1743 (epoch 15)
2026-02-21 13:42:55,265 - INFO - Best val loss 0.1684 (epoch 16)
2026-02-21 13:44:41,221 - INFO - Best val loss 0.1600 (epoch 18)
2026-02-21 13:46:24,952 - INFO - Epoch 20/500 train loss (weighted BCE) 0.1991 val loss 0.2107
2026-02-21 13:52:49,665 - INFO - Best val loss 0.1547 (epoch 27)
2026-02-21 13:53:40,769 - INFO - Best val loss 0.1498 (epoch 28)
2026-02-21 13:55:27,650 - INFO - Epoch 30/500 train loss (weighted BCE) 0.1447 val loss 0.1595
2026-02-21 13:58:00,470 - INFO - Best val loss 0.1398 (epoch 33)
2026-02-21 14:02:18,282 - INFO - Best val loss 0.1384 (epoch 38)
2026-02-21 14:04:10,987 - INFO - Best val loss 0.1347 (epoch 40)
2026-02-21 14:04:10,988 - INFO - Epoch 40/500 train loss (weighted BCE) 0.1324 val loss 0.1347 (best)
2026-02-21 14:12:47,453 - INFO - Epoch 50/500 train loss (weighted BCE) 0.1279 val loss 0.1594
2026-02-21 14:20:45,361 - INFO - Best val loss 0.1307 (epoch 59)
2026-02-21 14:21:37,566 - INFO - Epoch 60/500 train loss (weighted BCE) 0.1231 val loss 0.1401
2026-02-21 14:25:14,673 - INFO - Best val loss 0.1270 (epoch 64)
2026-02-21 14:30:30,758 - INFO - Epoch 70/500 train loss (weighted BCE) 0.1072 val loss 0.1322
2026-02-21 14:31:23,067 - INFO - Best val loss 0.1255 (epoch 71)
2026-02-21 14:39:27,059 - INFO - Epoch 80/500 train loss (weighted BCE) 0.1348 val loss 0.1408
2026-02-21 14:48:20,251 - INFO - Epoch 90/500 train loss (weighted BCE) 0.1085 val loss 0.1372
2026-02-21 14:57:32,755 - INFO - Epoch 100/500 train loss (weighted BCE) 0.1115 val loss 0.1454
2026-02-21 15:06:52,353 - INFO - Epoch 110/500 train loss (weighted BCE) 0.1030 val loss 0.1361
2026-02-21 15:17:06,354 - INFO - Epoch 120/500 train loss (weighted BCE) 0.1007 val loss 0.1335
2026-02-21 15:18:08,750 - INFO - Early stop: no val improvement for 50 epochs (min_epochs=100 reached), restoring best
2026-02-21 15:18:08,797 - INFO - Saved GIN-PWC model, vocab, config, failed_paths to models/gin_pwc/QF_LIA/seed30
