2026-02-21 09:53:46,594 - INFO - Building graphs for 1795 instances (timeout=5s)...
2026-02-21 09:54:58,897 - WARNING - Graph build result timeout (15s) for /workspace/smt-select/smtlib/non-incremental/QF_LIA/nec-smt/large/int_from_list/prp-37-49.smt2 — worker may be stuck; marking failed
2026-02-21 09:57:01,013 - WARNING - Graph build result timeout (15s) for /workspace/smt-select/smtlib/non-incremental/QF_LIA/2019-ezsmt/Labyrinth/SCC/0110-labyrinth-16-0.smt2 — worker may be stuck; marking failed
2026-02-21 09:57:58,768 - WARNING - Graph build result timeout (15s) for /workspace/smt-select/smtlib/non-incremental/QF_LIA/nec-smt/large/checkpass_pwd/prp-40-41.smt2 — worker may be stuck; marking failed
2026-02-21 09:58:21,511 - WARNING - Graph build result timeout (15s) for /workspace/smt-select/smtlib/non-incremental/QF_LIA/2019-cmodelsdiff/labyrinth/0100-labyrinth-17-0.smt2 — worker may be stuck; marking failed
2026-02-21 09:58:38,623 - WARNING - Graph build result timeout (15s) for /workspace/smt-select/smtlib/non-incremental/QF_LIA/2019-ezsmt/Labyrinth/SCC/0159-labyrinth-20-0.smt2 — worker may be stuck; marking failed
2026-02-21 09:59:58,712 - WARNING - Graph build result timeout (15s) for /workspace/smt-select/smtlib/non-incremental/QF_LIA/tropical-matrix/constraint-679470.smt2 — worker may be stuck; marking failed
2026-02-21 10:00:19,792 - INFO - Graphs: 1581 built, 214 failed (of 1795 instances)
2026-02-21 10:01:24,210 - INFO - GIN-PWC: 1581 instances, 14868 pairwise samples
2026-02-21 10:01:24,215 - INFO - Early stopping: val_ratio=0.15, patience=50, min_epochs=100 -> 12638 train, 2230 val samples
2026-02-21 10:02:24,967 - INFO - Best val loss 0.5450 (epoch 1)
2026-02-21 10:02:24,967 - INFO - Epoch 1/500 train loss (weighted BCE) 0.6884 val loss 0.5450 (best)
2026-02-21 10:03:19,759 - INFO - Best val loss 0.3665 (epoch 2)
2026-02-21 10:04:12,060 - INFO - Best val loss 0.3218 (epoch 3)
2026-02-21 10:05:58,172 - INFO - Best val loss 0.2874 (epoch 5)
2026-02-21 10:06:52,061 - INFO - Best val loss 0.2581 (epoch 6)
2026-02-21 10:07:49,273 - INFO - Best val loss 0.2291 (epoch 7)
2026-02-21 10:08:47,268 - INFO - Best val loss 0.2226 (epoch 8)
2026-02-21 10:09:47,671 - INFO - Best val loss 0.2154 (epoch 9)
2026-02-21 10:10:49,421 - INFO - Best val loss 0.2005 (epoch 10)
2026-02-21 10:10:49,422 - INFO - Epoch 10/500 train loss (weighted BCE) 0.1836 val loss 0.2005 (best)
2026-02-21 10:16:36,362 - INFO - Best val loss 0.1980 (epoch 16)
2026-02-21 10:18:32,170 - INFO - Best val loss 0.1916 (epoch 18)
2026-02-21 10:20:28,357 - INFO - Epoch 20/500 train loss (weighted BCE) 0.1457 val loss 0.2055
2026-02-21 10:23:14,661 - INFO - Best val loss 0.1877 (epoch 23)
2026-02-21 10:24:14,874 - INFO - Best val loss 0.1760 (epoch 24)
2026-02-21 10:29:11,973 - INFO - Best val loss 0.1618 (epoch 29)
2026-02-21 10:30:10,353 - INFO - Epoch 30/500 train loss (weighted BCE) 0.1340 val loss 0.1754
2026-02-21 10:40:06,562 - INFO - Epoch 40/500 train loss (weighted BCE) 0.1278 val loss 0.1752
2026-02-21 10:49:58,464 - INFO - Epoch 50/500 train loss (weighted BCE) 0.1180 val loss 0.1691
2026-02-21 11:00:03,054 - INFO - Epoch 60/500 train loss (weighted BCE) 0.1897 val loss 0.5281
2026-02-21 11:09:47,861 - INFO - Epoch 70/500 train loss (weighted BCE) 0.1120 val loss 0.2064
2026-02-21 11:19:50,567 - INFO - Epoch 80/500 train loss (weighted BCE) 0.1050 val loss 0.2012
2026-02-21 11:29:55,463 - INFO - Epoch 90/500 train loss (weighted BCE) 0.1078 val loss 0.1634
2026-02-21 11:30:50,175 - INFO - Best val loss 0.1598 (epoch 91)
2026-02-21 11:38:24,872 - INFO - Best val loss 0.1532 (epoch 99)
2026-02-21 11:39:25,356 - INFO - Epoch 100/500 train loss (weighted BCE) 0.1118 val loss 0.1703
2026-02-21 11:49:23,450 - INFO - Epoch 110/500 train loss (weighted BCE) 0.1004 val loss 0.1807
2026-02-21 11:59:04,360 - INFO - Epoch 120/500 train loss (weighted BCE) 0.1008 val loss 0.2215
2026-02-21 12:08:37,457 - INFO - Epoch 130/500 train loss (weighted BCE) 0.0981 val loss 0.2139
2026-02-21 12:18:05,844 - INFO - Epoch 140/500 train loss (weighted BCE) 0.1008 val loss 0.1918
2026-02-21 12:19:03,866 - INFO - Best val loss 0.1518 (epoch 141)
2026-02-21 12:27:22,855 - INFO - Epoch 150/500 train loss (weighted BCE) 0.1017 val loss 0.1657
2026-02-21 12:36:52,056 - INFO - Epoch 160/500 train loss (weighted BCE) 0.1022 val loss 0.2594
2026-02-21 12:46:32,364 - INFO - Epoch 170/500 train loss (weighted BCE) 0.0932 val loss 0.2120
2026-02-21 12:56:00,757 - INFO - Epoch 180/500 train loss (weighted BCE) 0.1253 val loss 0.2491
2026-02-21 13:05:39,557 - INFO - Epoch 190/500 train loss (weighted BCE) 0.0940 val loss 0.2652
2026-02-21 13:06:33,554 - INFO - Early stop: no val improvement for 50 epochs (min_epochs=100 reached), restoring best
2026-02-21 13:06:33,608 - INFO - Saved GIN-PWC model, vocab, config, failed_paths to models/gin_pwc/QF_LIA/seed20
