2026-02-20 18:44:30,927 - INFO - Building graphs for 906 instances (timeout=5s)...
2026-02-20 18:44:45,958 - WARNING - Graph build result timeout (15s) for /workspace/smt-select/smtlib/non-incremental/QF_IDL/job_shop/jobshop50-2-25-25-4-4-11.smt2 — worker may be stuck; marking failed
2026-02-20 18:45:00,959 - WARNING - Graph build result timeout (15s) for /workspace/smt-select/smtlib/non-incremental/QF_IDL/parity/17.600.graph.smt2 — worker may be stuck; marking failed
2026-02-20 18:45:15,961 - WARNING - Graph build result timeout (15s) for /workspace/smt-select/smtlib/non-incremental/QF_IDL/asp/EdgeMatching/edge-matching-width=9-height=9-colours=10.smt2 — worker may be stuck; marking failed
2026-02-20 18:45:46,886 - WARNING - Graph build result timeout (15s) for /workspace/smt-select/smtlib/non-incremental/QF_IDL/asp/EdgeMatching/edge-matching-width=9-height=9-colours=6.smt2 — worker may be stuck; marking failed
2026-02-20 18:46:32,209 - WARNING - Graph build result timeout (15s) for /workspace/smt-select/smtlib/non-incremental/QF_IDL/asp/Labyrinth/laby_18_18_14.lp.smt2 — worker may be stuck; marking failed
2026-02-20 18:46:47,211 - WARNING - Graph build result timeout (15s) for /workspace/smt-select/smtlib/non-incremental/QF_IDL/asp/EdgeMatching/edge-matching-width=10-height=10-colours=9.smt2 — worker may be stuck; marking failed
2026-02-20 18:48:09,832 - WARNING - Graph build result timeout (15s) for /workspace/smt-select/smtlib/non-incremental/QF_IDL/queens_bench/super_queen/super_queen62-1.smt2 — worker may be stuck; marking failed
2026-02-20 18:48:59,839 - INFO - Graphs: 721 built, 185 failed (of 906 instances)
2026-02-20 18:49:44,507 - INFO - GIN-PWC: 721 instances, 5435 pairwise samples
2026-02-20 18:49:44,512 - INFO - Early stopping: val_ratio=0.15, patience=50, min_epochs=100 -> 4620 train, 815 val samples
2026-02-20 18:50:16,920 - INFO - Best val loss 0.8691 (epoch 1)
2026-02-20 18:50:16,921 - INFO - Epoch 1/500 train loss (weighted BCE) 0.8320 val loss 0.8691 (best)
2026-02-20 18:50:48,408 - INFO - Best val loss 0.2952 (epoch 2)
2026-02-20 18:51:19,309 - INFO - Best val loss 0.2241 (epoch 3)
2026-02-20 18:51:50,217 - INFO - Best val loss 0.2130 (epoch 4)
2026-02-20 18:53:51,214 - INFO - Best val loss 0.1979 (epoch 8)
2026-02-20 18:54:51,715 - INFO - Best val loss 0.1873 (epoch 10)
2026-02-20 18:54:51,715 - INFO - Epoch 10/500 train loss (weighted BCE) 0.1367 val loss 0.1873 (best)
2026-02-20 18:58:31,917 - INFO - Best val loss 0.1790 (epoch 17)
2026-02-20 18:59:04,116 - INFO - Best val loss 0.1714 (epoch 18)
2026-02-20 19:00:08,504 - INFO - Epoch 20/500 train loss (weighted BCE) 0.1270 val loss 0.1846
2026-02-20 19:00:41,421 - INFO - Best val loss 0.1602 (epoch 21)
2026-02-20 19:01:46,121 - INFO - Best val loss 0.1572 (epoch 23)
2026-02-20 19:02:18,816 - INFO - Best val loss 0.1543 (epoch 24)
2026-02-20 19:03:21,519 - INFO - Best val loss 0.1528 (epoch 26)
2026-02-20 19:03:52,908 - INFO - Best val loss 0.1388 (epoch 27)
2026-02-20 19:05:25,816 - INFO - Best val loss 0.1216 (epoch 30)
2026-02-20 19:05:25,816 - INFO - Epoch 30/500 train loss (weighted BCE) 0.0913 val loss 0.1216 (best)
2026-02-20 19:10:34,697 - INFO - Epoch 40/500 train loss (weighted BCE) 0.1011 val loss 0.1432
2026-02-20 19:15:22,105 - INFO - Best val loss 0.1086 (epoch 49)
2026-02-20 19:15:53,405 - INFO - Best val loss 0.1066 (epoch 50)
2026-02-20 19:15:53,407 - INFO - Epoch 50/500 train loss (weighted BCE) 0.0615 val loss 0.1066 (best)
2026-02-20 19:17:28,315 - INFO - Best val loss 0.0999 (epoch 53)
2026-02-20 19:20:02,817 - INFO - Best val loss 0.0982 (epoch 58)
2026-02-20 19:21:06,716 - INFO - Best val loss 0.0959 (epoch 60)
2026-02-20 19:21:06,717 - INFO - Epoch 60/500 train loss (weighted BCE) 0.0490 val loss 0.0959 (best)
2026-02-20 19:22:42,017 - INFO - Best val loss 0.0875 (epoch 63)
2026-02-20 19:26:25,104 - INFO - Epoch 70/500 train loss (weighted BCE) 0.0541 val loss 0.0899
2026-02-20 19:30:04,511 - INFO - Best val loss 0.0859 (epoch 77)
2026-02-20 19:31:06,515 - INFO - Best val loss 0.0843 (epoch 79)
2026-02-20 19:31:37,897 - INFO - Epoch 80/500 train loss (weighted BCE) 0.0909 val loss 0.0973
2026-02-20 19:34:08,114 - INFO - Best val loss 0.0821 (epoch 85)
2026-02-20 19:36:39,102 - INFO - Epoch 90/500 train loss (weighted BCE) 0.0536 val loss 0.1094
2026-02-20 19:41:21,717 - INFO - Best val loss 0.0761 (epoch 99)
2026-02-20 19:41:52,317 - INFO - Best val loss 0.0698 (epoch 100)
2026-02-20 19:41:52,317 - INFO - Epoch 100/500 train loss (weighted BCE) 0.0469 val loss 0.0698 (best)
2026-02-20 19:47:01,994 - INFO - Epoch 110/500 train loss (weighted BCE) 0.0327 val loss 0.0982
2026-02-20 19:52:13,297 - INFO - Epoch 120/500 train loss (weighted BCE) 0.0421 val loss 0.1035
2026-02-20 19:57:24,296 - INFO - Epoch 130/500 train loss (weighted BCE) 0.0428 val loss 0.0961
2026-02-20 20:02:46,910 - INFO - Epoch 140/500 train loss (weighted BCE) 0.0675 val loss 0.1305
2026-02-20 20:08:02,717 - INFO - Epoch 150/500 train loss (weighted BCE) 0.0606 val loss 0.0989
2026-02-20 20:08:02,719 - INFO - Early stop: no val improvement for 50 epochs (min_epochs=100 reached), restoring best
2026-02-20 20:08:02,773 - INFO - Saved GIN-PWC model, vocab, config, failed_paths to models/gin_pwc/QF_IDL/seed30
