2026-02-20 10:18:09,762 - INFO - Building graphs for 780 instances (timeout=5s)...
2026-02-20 10:18:33,155 - INFO - Graphs: 772 built, 8 failed (of 780 instances)
2026-02-20 10:18:33,993 - INFO - GIN-PWC: 772 instances, 4847 pairwise samples
2026-02-20 10:18:33,994 - INFO - Early stopping: val_ratio=0.15, patience=50, min_epochs=100 -> 4120 train, 727 val samples
2026-02-20 10:18:34,625 - INFO - Best val loss 0.1988 (epoch 1)
2026-02-20 10:18:34,626 - INFO - Epoch 1/500 train loss (weighted BCE) 0.3123 val loss 0.1988 (best)
2026-02-20 10:18:34,962 - INFO - Best val loss 0.1790 (epoch 2)
2026-02-20 10:18:35,302 - INFO - Best val loss 0.1266 (epoch 3)
2026-02-20 10:18:37,618 - INFO - Epoch 10/500 train loss (weighted BCE) 0.0807 val loss 0.2558
2026-02-20 10:18:41,023 - INFO - Epoch 20/500 train loss (weighted BCE) 0.0651 val loss 0.4212
2026-02-20 10:18:43,690 - INFO - Best val loss 0.1071 (epoch 28)
2026-02-20 10:18:44,035 - INFO - Best val loss 0.0769 (epoch 29)
2026-02-20 10:18:44,382 - INFO - Epoch 30/500 train loss (weighted BCE) 0.0461 val loss 0.1269
2026-02-20 10:18:47,740 - INFO - Epoch 40/500 train loss (weighted BCE) 0.0379 val loss 0.1758
2026-02-20 10:18:51,128 - INFO - Epoch 50/500 train loss (weighted BCE) 0.0431 val loss 0.2463
2026-02-20 10:18:54,545 - INFO - Epoch 60/500 train loss (weighted BCE) 0.0339 val loss 0.2375
2026-02-20 10:18:57,935 - INFO - Epoch 70/500 train loss (weighted BCE) 0.0294 val loss 0.3041
2026-02-20 10:19:01,217 - INFO - Epoch 80/500 train loss (weighted BCE) 0.0440 val loss 3.0048
2026-02-20 10:19:04,652 - INFO - Epoch 90/500 train loss (weighted BCE) 0.0468 val loss 6.2012
2026-02-20 10:19:08,101 - INFO - Epoch 100/500 train loss (weighted BCE) 0.0272 val loss 3.5040
2026-02-20 10:19:08,101 - INFO - Early stop: no val improvement for 50 epochs (min_epochs=100 reached), restoring best
2026-02-20 10:19:08,107 - INFO - Saved GIN-PWC model, vocab, config, failed_paths to models/gin_pwc/BV/seed0
