2026-02-20 20:16:00,512 - INFO - Building graphs for 906 instances (timeout=5s)...
2026-02-20 20:16:15,538 - WARNING - Graph build result timeout (15s) for /workspace/smt-select/smtlib/non-incremental/QF_IDL/parity/22.300.graph.smt2 — worker may be stuck; marking failed
2026-02-20 20:16:30,539 - WARNING - Graph build result timeout (15s) for /workspace/smt-select/smtlib/non-incremental/QF_IDL/DTP/DTP_k2_n35_c245_s8.smt2 — worker may be stuck; marking failed
2026-02-20 20:16:45,542 - WARNING - Graph build result timeout (15s) for /workspace/smt-select/smtlib/non-incremental/QF_IDL/planning/plan-12.cvc.smt2 — worker may be stuck; marking failed
2026-02-20 20:18:25,274 - WARNING - Graph build result timeout (15s) for /workspace/smt-select/smtlib/non-incremental/QF_IDL/20210312-Bouvier/vlsat3_c99.smt2 — worker may be stuck; marking failed
2026-02-20 20:19:56,243 - WARNING - Graph build result timeout (15s) for /workspace/smt-select/smtlib/non-incremental/QF_IDL/20210312-Bouvier/vlsat3_i82.smt2 — worker may be stuck; marking failed
2026-02-20 20:20:13,980 - INFO - Graphs: 715 built, 191 failed (of 906 instances)
2026-02-20 20:20:56,829 - INFO - GIN-PWC: 715 instances, 5394 pairwise samples
2026-02-20 20:20:56,833 - INFO - Early stopping: val_ratio=0.15, patience=50, min_epochs=100 -> 4585 train, 809 val samples
2026-02-20 20:21:29,828 - INFO - Best val loss 0.4610 (epoch 1)
2026-02-20 20:21:29,829 - INFO - Epoch 1/500 train loss (weighted BCE) 0.9964 val loss 0.4610 (best)
2026-02-20 20:22:03,615 - INFO - Best val loss 0.4218 (epoch 2)
2026-02-20 20:22:36,027 - INFO - Best val loss 0.3144 (epoch 3)
2026-02-20 20:23:08,719 - INFO - Best val loss 0.2425 (epoch 4)
2026-02-20 20:25:11,215 - INFO - Best val loss 0.2267 (epoch 8)
2026-02-20 20:25:42,211 - INFO - Best val loss 0.2042 (epoch 9)
2026-02-20 20:26:13,404 - INFO - Epoch 10/500 train loss (weighted BCE) 0.1917 val loss 0.4676
2026-02-20 20:31:15,195 - INFO - Epoch 20/500 train loss (weighted BCE) 0.1553 val loss 0.2490
2026-02-20 20:34:49,616 - INFO - Best val loss 0.1906 (epoch 27)
2026-02-20 20:36:22,991 - INFO - Epoch 30/500 train loss (weighted BCE) 0.1212 val loss 0.2688
2026-02-20 20:39:56,923 - INFO - Best val loss 0.1767 (epoch 37)
2026-02-20 20:40:58,816 - INFO - Best val loss 0.1433 (epoch 39)
2026-02-20 20:41:30,293 - INFO - Epoch 40/500 train loss (weighted BCE) 0.0743 val loss 0.1659
2026-02-20 20:46:41,195 - INFO - Epoch 50/500 train loss (weighted BCE) 0.0623 val loss 0.1866
2026-02-20 20:47:11,229 - INFO - Best val loss 0.1412 (epoch 51)
2026-02-20 20:51:50,996 - INFO - Epoch 60/500 train loss (weighted BCE) 0.0555 val loss 0.2157
2026-02-20 20:57:00,003 - INFO - Epoch 70/500 train loss (weighted BCE) 0.0677 val loss 0.2067
2026-02-20 20:58:35,418 - INFO - Best val loss 0.1215 (epoch 73)
2026-02-20 21:02:09,601 - INFO - Epoch 80/500 train loss (weighted BCE) 0.0595 val loss 0.1652
2026-02-20 21:07:17,205 - INFO - Epoch 90/500 train loss (weighted BCE) 0.0471 val loss 0.1413
2026-02-20 21:12:24,397 - INFO - Epoch 100/500 train loss (weighted BCE) 0.0535 val loss 0.1745
2026-02-20 21:17:21,210 - INFO - Epoch 110/500 train loss (weighted BCE) 0.0466 val loss 0.1705
2026-02-20 21:22:06,310 - INFO - Epoch 120/500 train loss (weighted BCE) 0.0524 val loss 0.2241
2026-02-20 21:23:30,882 - INFO - Early stop: no val improvement for 50 epochs (min_epochs=100 reached), restoring best
2026-02-20 21:23:30,941 - INFO - Saved GIN-PWC model, vocab, config, failed_paths to models/gin_pwc/QF_IDL/seed40
