2026-02-22 13:41:50,444 - INFO - Building graphs for 3467 instances (timeout=5s)...
2026-02-22 13:42:59,881 - WARNING - Graph build result timeout (15s) for /workspace/smt-select/smtlib/non-incremental/QF_BV/asp/WireRouting/wire.16.x.16.b.10.a.20_unsat.data.smt2 — worker may be stuck; marking failed
2026-02-22 13:45:48,658 - WARNING - Graph build result timeout (15s) for /workspace/smt-select/smtlib/non-incremental/QF_BV/asp/Sudoku/sudoku.in6.smt2 — worker may be stuck; marking failed
2026-02-22 13:47:25,990 - INFO - Graphs: 2678 built, 789 failed (of 3467 instances)
2026-02-22 13:48:05,753 - INFO - GIN-PWC: 2678 instances, 24530 pairwise samples
2026-02-22 13:48:05,760 - INFO - Early stopping: val_ratio=0.15, patience=50, min_epochs=100 -> 20851 train, 3679 val samples
2026-02-22 13:48:43,667 - INFO - Best val loss 0.2051 (epoch 1)
2026-02-22 13:48:43,669 - INFO - Epoch 1/500 train loss (weighted BCE) 0.2529 val loss 0.2051 (best)
2026-02-22 13:49:20,180 - INFO - Best val loss 0.1618 (epoch 2)
2026-02-22 13:49:56,549 - INFO - Best val loss 0.1485 (epoch 3)
2026-02-22 13:54:11,026 - INFO - Epoch 10/500 train loss (weighted BCE) 0.0900 val loss 0.1570
2026-02-22 14:00:19,006 - INFO - Epoch 20/500 train loss (weighted BCE) 0.0704 val loss 0.1840
2026-02-22 14:00:55,843 - INFO - Best val loss 0.1448 (epoch 21)
2026-02-22 14:06:23,707 - INFO - Epoch 30/500 train loss (weighted BCE) 0.0595 val loss 0.1955
2026-02-22 14:12:44,626 - INFO - Epoch 40/500 train loss (weighted BCE) 0.0613 val loss 0.2374
2026-02-22 14:19:15,326 - INFO - Epoch 50/500 train loss (weighted BCE) 0.0563 val loss 0.1908
2026-02-22 14:25:39,227 - INFO - Epoch 60/500 train loss (weighted BCE) 0.0466 val loss 0.1836
2026-02-22 14:32:04,935 - INFO - Epoch 70/500 train loss (weighted BCE) 0.0548 val loss 0.3052
2026-02-22 14:38:28,469 - INFO - Epoch 80/500 train loss (weighted BCE) 0.0437 val loss 0.1538
2026-02-22 14:41:41,271 - INFO - Best val loss 0.1357 (epoch 85)
2026-02-22 14:45:00,129 - INFO - Epoch 90/500 train loss (weighted BCE) 0.0414 val loss 0.1932
2026-02-22 14:51:19,726 - INFO - Epoch 100/500 train loss (weighted BCE) 0.0419 val loss 0.1669
2026-02-22 14:57:43,512 - INFO - Epoch 110/500 train loss (weighted BCE) 0.0475 val loss 0.2099
2026-02-22 15:04:11,567 - INFO - Epoch 120/500 train loss (weighted BCE) 0.0779 val loss 0.1710
2026-02-22 15:10:41,226 - INFO - Epoch 130/500 train loss (weighted BCE) 0.0421 val loss 0.1611
2026-02-22 15:13:56,728 - INFO - Early stop: no val improvement for 50 epochs (min_epochs=100 reached), restoring best
2026-02-22 15:13:56,811 - INFO - Saved GIN-PWC model, vocab, config, failed_paths to models/gin_pwc/QF_BV/seed40
