2026-02-22 08:29:08,209 - INFO - Building graphs for 3489 instances (timeout=5s)...
2026-02-22 08:32:22,381 - WARNING - Graph build result timeout (15s) for /workspace/smt-select/smtlib/non-incremental/QF_BV/asp/EdgeMatching/edge-matching-width=10-height=10-colours=10.smt2 — worker may be stuck; marking failed
2026-02-22 08:34:34,860 - INFO - Graphs: 2705 built, 784 failed (of 3489 instances)
2026-02-22 08:35:17,311 - INFO - GIN-PWC: 2705 instances, 24871 pairwise samples
2026-02-22 08:35:17,319 - INFO - Early stopping: val_ratio=0.15, patience=50, min_epochs=100 -> 21141 train, 3730 val samples
2026-02-22 08:35:57,231 - INFO - Best val loss 0.1323 (epoch 1)
2026-02-22 08:35:57,232 - INFO - Epoch 1/500 train loss (weighted BCE) 0.3367 val loss 0.1323 (best)
2026-02-22 08:36:36,119 - INFO - Best val loss 0.1299 (epoch 2)
2026-02-22 08:38:34,269 - INFO - Best val loss 0.1233 (epoch 5)
2026-02-22 08:39:55,825 - INFO - Best val loss 0.1175 (epoch 7)
2026-02-22 08:41:56,914 - INFO - Epoch 10/500 train loss (weighted BCE) 0.1129 val loss 0.1242
2026-02-22 08:42:36,423 - INFO - Best val loss 0.1117 (epoch 11)
2026-02-22 08:48:30,805 - INFO - Epoch 20/500 train loss (weighted BCE) 0.0846 val loss 0.1285
2026-02-22 08:55:16,326 - INFO - Best val loss 0.1064 (epoch 30)
2026-02-22 08:55:16,327 - INFO - Epoch 30/500 train loss (weighted BCE) 0.0813 val loss 0.1064 (best)
2026-02-22 09:02:05,051 - INFO - Epoch 40/500 train loss (weighted BCE) 0.0672 val loss 0.1349
2026-02-22 09:08:50,005 - INFO - Epoch 50/500 train loss (weighted BCE) 0.0619 val loss 0.1395
2026-02-22 09:15:36,852 - INFO - Epoch 60/500 train loss (weighted BCE) 0.0559 val loss 0.1639
2026-02-22 09:22:15,015 - INFO - Epoch 70/500 train loss (weighted BCE) 0.0521 val loss 0.1684
2026-02-22 09:28:51,139 - INFO - Epoch 80/500 train loss (weighted BCE) 0.0485 val loss 0.1449
2026-02-22 09:35:23,456 - INFO - Epoch 90/500 train loss (weighted BCE) 0.0548 val loss 0.1291
2026-02-22 09:41:59,109 - INFO - Epoch 100/500 train loss (weighted BCE) 0.0470 val loss 0.1225
2026-02-22 09:41:59,111 - INFO - Early stop: no val improvement for 50 epochs (min_epochs=100 reached), restoring best
2026-02-22 09:41:59,173 - INFO - Saved GIN-PWC model, vocab, config, failed_paths to models/gin_pwc/QF_BV/seed10
