2026-02-20 10:22:12,672 - INFO - Building graphs for 780 instances (timeout=5s)...
2026-02-20 10:22:21,429 - INFO - Graphs: 772 built, 8 failed (of 780 instances)
2026-02-20 10:22:21,851 - INFO - GIN-PWC: 772 instances, 4837 pairwise samples
2026-02-20 10:22:21,852 - INFO - Early stopping: val_ratio=0.15, patience=50, min_epochs=100 -> 4112 train, 725 val samples
2026-02-20 10:22:22,240 - INFO - Best val loss 0.1795 (epoch 1)
2026-02-20 10:22:22,240 - INFO - Epoch 1/500 train loss (weighted BCE) 0.3641 val loss 0.1795 (best)
2026-02-20 10:22:22,635 - INFO - Best val loss 0.1639 (epoch 2)
2026-02-20 10:22:23,360 - INFO - Best val loss 0.1138 (epoch 4)
2026-02-20 10:22:23,723 - INFO - Best val loss 0.0750 (epoch 5)
2026-02-20 10:22:24,452 - INFO - Best val loss 0.0674 (epoch 7)
2026-02-20 10:22:24,813 - INFO - Best val loss 0.0661 (epoch 8)
2026-02-20 10:22:25,534 - INFO - Epoch 10/500 train loss (weighted BCE) 0.0858 val loss 0.0666
2026-02-20 10:22:29,156 - INFO - Epoch 20/500 train loss (weighted BCE) 0.0567 val loss 0.1027
2026-02-20 10:22:32,687 - INFO - Epoch 30/500 train loss (weighted BCE) 0.0495 val loss 0.0993
2026-02-20 10:22:36,120 - INFO - Epoch 40/500 train loss (weighted BCE) 0.0503 val loss 0.0947
2026-02-20 10:22:39,584 - INFO - Epoch 50/500 train loss (weighted BCE) 0.0361 val loss 0.0793
2026-02-20 10:22:43,041 - INFO - Epoch 60/500 train loss (weighted BCE) 0.0357 val loss 0.0943
2026-02-20 10:22:46,589 - INFO - Epoch 70/500 train loss (weighted BCE) 0.0627 val loss 0.0920
2026-02-20 10:22:50,308 - INFO - Epoch 80/500 train loss (weighted BCE) 0.0251 val loss 0.1226
2026-02-20 10:22:54,000 - INFO - Epoch 90/500 train loss (weighted BCE) 0.0218 val loss 0.1182
2026-02-20 10:22:57,831 - INFO - Epoch 100/500 train loss (weighted BCE) 0.0202 val loss 0.1039
2026-02-20 10:22:57,831 - INFO - Early stop: no val improvement for 50 epochs (min_epochs=100 reached), restoring best
2026-02-20 10:22:57,837 - INFO - Saved GIN-PWC model, vocab, config, failed_paths to models/gin_pwc/BV/seed20
