2026-01-28 18:33:14,863 - INFO - Loading all instances from fold files in data/perf_data/folds/ABV...
2026-01-28 18:33:14,946 - INFO - Using syntactic features: data/features/syntactic/catalog0/ABV.CSV
2026-01-28 18:33:14,946 - INFO - Using description features: data/features/native_desc/all_mpnet_base_v2/ABV.csv
2026-01-28 18:33:14,946 - INFO - Validating feature coverage for syntactic features...
2026-01-28 18:33:15,028 - INFO - Validating feature coverage for description features...
2026-01-28 18:33:18,885 - INFO - Feature coverage validated: all 1989 instances have features
2026-01-28 18:33:18,886 - INFO - Starting 4-fold cross-validation with fixed-alpha fusion on 1989 instances
2026-01-28 18:33:18,886 - INFO - Alpha candidates: [0.0, 0.05, 0.1, 0.15, 0.2, 0.25, 0.3, 0.35, 0.4, 0.45, 0.5, 0.55, 0.6, 0.65, 0.7, 0.75, 0.8, 0.85, 0.9, 0.95, 1.0]
2026-01-28 18:33:18,886 - INFO - 
============================================================
2026-01-28 18:33:18,886 - INFO - Outer Fold 1/4 (0.csv)
2026-01-28 18:33:18,886 - INFO - ============================================================
2026-01-28 18:33:18,886 - INFO - Loading test instances from 0.csv...
2026-01-28 18:33:18,889 - INFO - Test instances: 498
2026-01-28 18:33:18,889 - INFO - Train instances: 1491
2026-01-28 18:33:18,917 - INFO - Training syntactic model on training set...
2026-01-28 18:33:18,953 - INFO - Saved PWC_SVM model at /tmp/tmph89sdua1/synt/model.joblib
2026-01-28 18:33:18,956 - INFO - Training description model on training set...
2026-01-28 18:33:19,026 - INFO - Saved PWC_SVM model at /tmp/tmph89sdua1/desc/model.joblib
2026-01-28 18:33:19,035 - INFO - Tuning alpha on full training set (1491 instances)
2026-01-28 18:33:19,035 - INFO - Computing decision function statistics on training data...
2026-01-28 18:33:20,410 - INFO - Computed statistics for 3 pairwise classifiers
2026-01-28 18:33:20,410 - INFO - Computing decision function statistics on training data...
2026-01-28 18:33:22,020 - INFO - Computed statistics for 3 pairwise classifiers
2026-01-28 18:34:28,925 - INFO -   Alpha tuning results:
2026-01-28 18:34:28,925 - INFO -     α=0.00: gap_cls_par2=0.0377
2026-01-28 18:34:28,925 - INFO -     α=0.05: gap_cls_par2=0.0377
2026-01-28 18:34:28,925 - INFO -     α=0.10: gap_cls_par2=0.0377
2026-01-28 18:34:28,925 - INFO -     α=0.15: gap_cls_par2=0.0377
2026-01-28 18:34:28,925 - INFO -     α=0.20: gap_cls_par2=0.0377
2026-01-28 18:34:28,925 - INFO -     α=0.25: gap_cls_par2=0.0377
2026-01-28 18:34:28,925 - INFO -     α=0.30: gap_cls_par2=0.0377
2026-01-28 18:34:28,925 - INFO -     α=0.35: gap_cls_par2=0.0377
2026-01-28 18:34:28,925 - INFO -     α=0.40: gap_cls_par2=0.0377
2026-01-28 18:34:28,925 - INFO -     α=0.45: gap_cls_par2=0.0377
2026-01-28 18:34:28,925 - INFO -     α=0.50: gap_cls_par2=0.3539
2026-01-28 18:34:28,926 - INFO -     α=0.55: gap_cls_par2=0.3918
2026-01-28 18:34:28,926 - INFO -     α=0.60: gap_cls_par2=0.4045
2026-01-28 18:34:28,926 - INFO -     α=0.65: gap_cls_par2=0.4533
2026-01-28 18:34:28,926 - INFO -     α=0.70: gap_cls_par2=0.6541
2026-01-28 18:34:28,926 - INFO -     α=0.75: gap_cls_par2=0.8414
2026-01-28 18:34:28,926 - INFO -     α=0.80: gap_cls_par2=0.9962
2026-01-28 18:34:28,926 - INFO -     α=0.85: gap_cls_par2=0.9965
2026-01-28 18:34:28,926 - INFO -     α=0.90: gap_cls_par2=0.9969
2026-01-28 18:34:28,926 - INFO -     α=0.95: gap_cls_par2=0.9970
2026-01-28 18:34:28,926 - INFO -     α=1.00: gap_cls_par2=0.9973 ← best
2026-01-28 18:34:28,926 - INFO -   Selected α=1.00 (gap_cls_par2=0.9973)
2026-01-28 18:34:28,926 - INFO - Creating fusion model with α=1.00...
2026-01-28 18:34:28,926 - INFO - Computing decision function statistics on training data...
2026-01-28 18:34:30,300 - INFO - Computed statistics for 3 pairwise classifiers
2026-01-28 18:34:30,300 - INFO - Computing decision function statistics on training data...
2026-01-28 18:34:31,914 - INFO - Computed statistics for 3 pairwise classifiers
2026-01-28 18:34:31,915 - INFO - Evaluating fusion model on train set...
2026-01-28 18:34:37,305 - INFO - Evaluating fusion model on test set...
2026-01-28 18:34:39,087 - INFO - 
Fold 1 Results (α=1.00):
2026-01-28 18:34:39,087 - INFO -   Train Set:
2026-01-28 18:34:39,087 - INFO -     Solved: 588/1491
2026-01-28 18:34:39,087 - INFO -     Solve rate: 39.44%
2026-01-28 18:34:39,087 - INFO -     Average PAR-2: 1456.29
2026-01-28 18:34:39,087 - INFO -     Gap closed (PAR-2): 0.9973
2026-01-28 18:34:39,087 - INFO -   Test Set:
2026-01-28 18:34:39,087 - INFO -     Solved: 192/498
2026-01-28 18:34:39,087 - INFO -     Solve rate: 38.55%
2026-01-28 18:34:39,087 - INFO -     Average PAR-2: 1476.64
2026-01-28 18:34:39,087 - INFO -     Gap closed (PAR-2): 0.7142
2026-01-28 18:34:39,088 - INFO - 
============================================================
2026-01-28 18:34:39,088 - INFO - Outer Fold 2/4 (1.csv)
2026-01-28 18:34:39,088 - INFO - ============================================================
2026-01-28 18:34:39,088 - INFO - Loading test instances from 1.csv...
2026-01-28 18:34:39,090 - INFO - Test instances: 497
2026-01-28 18:34:39,090 - INFO - Train instances: 1492
2026-01-28 18:34:39,114 - INFO - Training syntactic model on training set...
2026-01-28 18:34:39,146 - INFO - Saved PWC_SVM model at /tmp/tmpte3qnuw4/synt/model.joblib
2026-01-28 18:34:39,147 - INFO - Training description model on training set...
2026-01-28 18:34:39,217 - INFO - Saved PWC_SVM model at /tmp/tmpte3qnuw4/desc/model.joblib
2026-01-28 18:34:39,225 - INFO - Tuning alpha on full training set (1492 instances)
2026-01-28 18:34:39,225 - INFO - Computing decision function statistics on training data...
2026-01-28 18:34:40,573 - INFO - Computed statistics for 3 pairwise classifiers
2026-01-28 18:34:40,573 - INFO - Computing decision function statistics on training data...
2026-01-28 18:34:42,179 - INFO - Computed statistics for 3 pairwise classifiers
2026-01-28 18:35:47,971 - INFO -   Alpha tuning results:
2026-01-28 18:35:47,971 - INFO -     α=0.00: gap_cls_par2=0.0120
2026-01-28 18:35:47,971 - INFO -     α=0.05: gap_cls_par2=0.0120
2026-01-28 18:35:47,971 - INFO -     α=0.10: gap_cls_par2=0.0120
2026-01-28 18:35:47,971 - INFO -     α=0.15: gap_cls_par2=0.0120
2026-01-28 18:35:47,971 - INFO -     α=0.20: gap_cls_par2=0.0120
2026-01-28 18:35:47,971 - INFO -     α=0.25: gap_cls_par2=0.0120
2026-01-28 18:35:47,972 - INFO -     α=0.30: gap_cls_par2=0.0120
2026-01-28 18:35:47,972 - INFO -     α=0.35: gap_cls_par2=0.0120
2026-01-28 18:35:47,972 - INFO -     α=0.40: gap_cls_par2=0.0120
2026-01-28 18:35:47,972 - INFO -     α=0.45: gap_cls_par2=0.0120
2026-01-28 18:35:47,972 - INFO -     α=0.50: gap_cls_par2=0.2503
2026-01-28 18:35:47,972 - INFO -     α=0.55: gap_cls_par2=0.3218
2026-01-28 18:35:47,972 - INFO -     α=0.60: gap_cls_par2=0.3460
2026-01-28 18:35:47,972 - INFO -     α=0.65: gap_cls_par2=0.3758
2026-01-28 18:35:47,972 - INFO -     α=0.70: gap_cls_par2=0.4825
2026-01-28 18:35:47,972 - INFO -     α=0.75: gap_cls_par2=0.6137
2026-01-28 18:35:47,972 - INFO -     α=0.80: gap_cls_par2=0.9971
2026-01-28 18:35:47,972 - INFO -     α=0.85: gap_cls_par2=0.9973
2026-01-28 18:35:47,972 - INFO -     α=0.90: gap_cls_par2=0.9974
2026-01-28 18:35:47,972 - INFO -     α=0.95: gap_cls_par2=0.9977 ← best
2026-01-28 18:35:47,972 - INFO -     α=1.00: gap_cls_par2=0.9977
2026-01-28 18:35:47,972 - INFO -   Selected α=0.95 (gap_cls_par2=0.9977)
2026-01-28 18:35:47,972 - INFO - Creating fusion model with α=0.95...
2026-01-28 18:35:47,972 - INFO - Computing decision function statistics on training data...
2026-01-28 18:35:49,314 - INFO - Computed statistics for 3 pairwise classifiers
2026-01-28 18:35:49,314 - INFO - Computing decision function statistics on training data...
2026-01-28 18:35:50,923 - INFO - Computed statistics for 3 pairwise classifiers
2026-01-28 18:35:50,924 - INFO - Evaluating fusion model on train set...
2026-01-28 18:35:56,189 - INFO - Evaluating fusion model on test set...
2026-01-28 18:35:57,953 - INFO - 
Fold 2 Results (α=0.95):
2026-01-28 18:35:57,954 - INFO -   Train Set:
2026-01-28 18:35:57,954 - INFO -     Solved: 599/1492
2026-01-28 18:35:57,954 - INFO -     Solve rate: 40.15%
2026-01-28 18:35:57,954 - INFO -     Average PAR-2: 1439.50
2026-01-28 18:35:57,954 - INFO -     Gap closed (PAR-2): 0.9977
2026-01-28 18:35:57,954 - INFO -   Test Set:
2026-01-28 18:35:57,954 - INFO -     Solved: 183/497
2026-01-28 18:35:57,954 - INFO -     Solve rate: 36.82%
2026-01-28 18:35:57,954 - INFO -     Average PAR-2: 1517.98
2026-01-28 18:35:57,954 - INFO -     Gap closed (PAR-2): 0.7351
2026-01-28 18:35:57,954 - INFO - 
============================================================
2026-01-28 18:35:57,954 - INFO - Outer Fold 3/4 (2.csv)
2026-01-28 18:35:57,954 - INFO - ============================================================
2026-01-28 18:35:57,954 - INFO - Loading test instances from 2.csv...
2026-01-28 18:35:57,956 - INFO - Test instances: 497
2026-01-28 18:35:57,957 - INFO - Train instances: 1492
2026-01-28 18:35:57,977 - INFO - Training syntactic model on training set...
2026-01-28 18:35:58,008 - INFO - Saved PWC_SVM model at /tmp/tmpwsftwq26/synt/model.joblib
2026-01-28 18:35:58,009 - INFO - Training description model on training set...
2026-01-28 18:35:58,079 - INFO - Saved PWC_SVM model at /tmp/tmpwsftwq26/desc/model.joblib
2026-01-28 18:35:58,088 - INFO - Tuning alpha on full training set (1492 instances)
2026-01-28 18:35:58,088 - INFO - Computing decision function statistics on training data...
2026-01-28 18:35:59,465 - INFO - Computed statistics for 3 pairwise classifiers
2026-01-28 18:35:59,466 - INFO - Computing decision function statistics on training data...
2026-01-28 18:36:01,052 - INFO - Computed statistics for 3 pairwise classifiers
2026-01-28 18:37:07,339 - INFO -   Alpha tuning results:
2026-01-28 18:37:07,339 - INFO -     α=0.00: gap_cls_par2=0.0125
2026-01-28 18:37:07,339 - INFO -     α=0.05: gap_cls_par2=0.0125
2026-01-28 18:37:07,339 - INFO -     α=0.10: gap_cls_par2=0.0125
2026-01-28 18:37:07,339 - INFO -     α=0.15: gap_cls_par2=0.0125
2026-01-28 18:37:07,339 - INFO -     α=0.20: gap_cls_par2=0.0125
2026-01-28 18:37:07,339 - INFO -     α=0.25: gap_cls_par2=0.0125
2026-01-28 18:37:07,339 - INFO -     α=0.30: gap_cls_par2=0.0125
2026-01-28 18:37:07,339 - INFO -     α=0.35: gap_cls_par2=0.0125
2026-01-28 18:37:07,339 - INFO -     α=0.40: gap_cls_par2=0.0125
2026-01-28 18:37:07,339 - INFO -     α=0.45: gap_cls_par2=0.0252
2026-01-28 18:37:07,339 - INFO -     α=0.50: gap_cls_par2=0.0252
2026-01-28 18:37:07,340 - INFO -     α=0.55: gap_cls_par2=0.0378
2026-01-28 18:37:07,340 - INFO -     α=0.60: gap_cls_par2=0.2654
2026-01-28 18:37:07,340 - INFO -     α=0.65: gap_cls_par2=0.3502
2026-01-28 18:37:07,340 - INFO -     α=0.70: gap_cls_par2=0.7808
2026-01-28 18:37:07,340 - INFO -     α=0.75: gap_cls_par2=0.7808
2026-01-28 18:37:07,340 - INFO -     α=0.80: gap_cls_par2=0.9948
2026-01-28 18:37:07,340 - INFO -     α=0.85: gap_cls_par2=0.9959
2026-01-28 18:37:07,340 - INFO -     α=0.90: gap_cls_par2=0.9960
2026-01-28 18:37:07,340 - INFO -     α=0.95: gap_cls_par2=0.9963
2026-01-28 18:37:07,340 - INFO -     α=1.00: gap_cls_par2=0.9964 ← best
2026-01-28 18:37:07,340 - INFO -   Selected α=1.00 (gap_cls_par2=0.9964)
2026-01-28 18:37:07,340 - INFO - Creating fusion model with α=1.00...
2026-01-28 18:37:07,340 - INFO - Computing decision function statistics on training data...
2026-01-28 18:37:08,718 - INFO - Computed statistics for 3 pairwise classifiers
2026-01-28 18:37:08,718 - INFO - Computing decision function statistics on training data...
2026-01-28 18:37:10,308 - INFO - Computed statistics for 3 pairwise classifiers
2026-01-28 18:37:10,309 - INFO - Evaluating fusion model on train set...
2026-01-28 18:37:15,561 - INFO - Evaluating fusion model on test set...
2026-01-28 18:37:17,311 - INFO - 
Fold 3 Results (α=1.00):
2026-01-28 18:37:17,311 - INFO -   Train Set:
2026-01-28 18:37:17,311 - INFO -     Solved: 601/1492
2026-01-28 18:37:17,311 - INFO -     Solve rate: 40.28%
2026-01-28 18:37:17,311 - INFO -     Average PAR-2: 1435.48
2026-01-28 18:37:17,311 - INFO -     Gap closed (PAR-2): 0.9964
2026-01-28 18:37:17,311 - INFO -   Test Set:
2026-01-28 18:37:17,311 - INFO -     Solved: 179/497
2026-01-28 18:37:17,311 - INFO -     Solve rate: 36.02%
2026-01-28 18:37:17,311 - INFO -     Average PAR-2: 1539.89
2026-01-28 18:37:17,311 - INFO -     Gap closed (PAR-2): 0.7115
2026-01-28 18:37:17,312 - INFO - 
============================================================
2026-01-28 18:37:17,312 - INFO - Outer Fold 4/4 (3.csv)
2026-01-28 18:37:17,312 - INFO - ============================================================
2026-01-28 18:37:17,312 - INFO - Loading test instances from 3.csv...
2026-01-28 18:37:17,314 - INFO - Test instances: 497
2026-01-28 18:37:17,314 - INFO - Train instances: 1492
2026-01-28 18:37:17,331 - INFO - Training syntactic model on training set...
2026-01-28 18:37:17,364 - INFO - Saved PWC_SVM model at /tmp/tmpmk4yz77p/synt/model.joblib
2026-01-28 18:37:17,365 - INFO - Training description model on training set...
2026-01-28 18:37:17,432 - INFO - Saved PWC_SVM model at /tmp/tmpmk4yz77p/desc/model.joblib
2026-01-28 18:37:17,440 - INFO - Tuning alpha on full training set (1492 instances)
2026-01-28 18:37:17,440 - INFO - Computing decision function statistics on training data...
2026-01-28 18:37:18,826 - INFO - Computed statistics for 3 pairwise classifiers
2026-01-28 18:37:18,826 - INFO - Computing decision function statistics on training data...
2026-01-28 18:37:20,409 - INFO - Computed statistics for 3 pairwise classifiers
2026-01-28 18:38:26,962 - INFO -   Alpha tuning results:
2026-01-28 18:38:26,963 - INFO -     α=0.00: gap_cls_par2=0.0125
2026-01-28 18:38:26,963 - INFO -     α=0.05: gap_cls_par2=0.0125
2026-01-28 18:38:26,963 - INFO -     α=0.10: gap_cls_par2=0.0125
2026-01-28 18:38:26,963 - INFO -     α=0.15: gap_cls_par2=0.0125
2026-01-28 18:38:26,963 - INFO -     α=0.20: gap_cls_par2=0.0125
2026-01-28 18:38:26,963 - INFO -     α=0.25: gap_cls_par2=0.0125
2026-01-28 18:38:26,963 - INFO -     α=0.30: gap_cls_par2=0.0125
2026-01-28 18:38:26,963 - INFO -     α=0.35: gap_cls_par2=0.0125
2026-01-28 18:38:26,963 - INFO -     α=0.40: gap_cls_par2=0.0125
2026-01-28 18:38:26,963 - INFO -     α=0.45: gap_cls_par2=0.0125
2026-01-28 18:38:26,963 - INFO -     α=0.50: gap_cls_par2=0.0125
2026-01-28 18:38:26,963 - INFO -     α=0.55: gap_cls_par2=0.0125
2026-01-28 18:38:26,963 - INFO -     α=0.60: gap_cls_par2=0.0504
2026-01-28 18:38:26,963 - INFO -     α=0.65: gap_cls_par2=0.3916
2026-01-28 18:38:26,963 - INFO -     α=0.70: gap_cls_par2=0.4524
2026-01-28 18:38:26,963 - INFO -     α=0.75: gap_cls_par2=0.5788
2026-01-28 18:38:26,963 - INFO -     α=0.80: gap_cls_par2=0.9967
2026-01-28 18:38:26,963 - INFO -     α=0.85: gap_cls_par2=0.9969
2026-01-28 18:38:26,963 - INFO -     α=0.90: gap_cls_par2=0.9971
2026-01-28 18:38:26,963 - INFO -     α=0.95: gap_cls_par2=0.9973
2026-01-28 18:38:26,963 - INFO -     α=1.00: gap_cls_par2=0.9979 ← best
2026-01-28 18:38:26,963 - INFO -   Selected α=1.00 (gap_cls_par2=0.9979)
2026-01-28 18:38:26,963 - INFO - Creating fusion model with α=1.00...
2026-01-28 18:38:26,963 - INFO - Computing decision function statistics on training data...
2026-01-28 18:38:28,352 - INFO - Computed statistics for 3 pairwise classifiers
2026-01-28 18:38:28,353 - INFO - Computing decision function statistics on training data...
2026-01-28 18:38:29,943 - INFO - Computed statistics for 3 pairwise classifiers
2026-01-28 18:38:29,943 - INFO - Evaluating fusion model on train set...
2026-01-28 18:38:35,357 - INFO - Evaluating fusion model on test set...
2026-01-28 18:38:37,171 - INFO - 
Fold 4 Results (α=1.00):
2026-01-28 18:38:37,171 - INFO -   Train Set:
2026-01-28 18:38:37,171 - INFO -     Solved: 576/1492
2026-01-28 18:38:37,171 - INFO -     Solve rate: 38.61%
2026-01-28 18:38:37,171 - INFO -     Average PAR-2: 1476.02
2026-01-28 18:38:37,171 - INFO -     Gap closed (PAR-2): 0.9979
2026-01-28 18:38:37,171 - INFO -   Test Set:
2026-01-28 18:38:37,171 - INFO -     Solved: 204/497
2026-01-28 18:38:37,171 - INFO -     Solve rate: 41.05%
2026-01-28 18:38:37,171 - INFO -     Average PAR-2: 1417.65
2026-01-28 18:38:37,171 - INFO -     Gap closed (PAR-2): 0.7104
2026-01-28 18:38:37,177 - INFO - Saved summary to results/20260128_55779956/fusion/ABV/summary.json
2026-01-28 18:38:37,178 - INFO - 
============================================================
2026-01-28 18:38:37,178 - INFO - Cross-Validation Results Summary (Decision-Level Fusion)
2026-01-28 18:38:37,178 - INFO - ============================================================
2026-01-28 18:38:37,178 - INFO - Model type: Fusion_SVM_fixed_alpha
2026-01-28 18:38:37,178 - INFO - Number of folds: 4
2026-01-28 18:38:37,178 - INFO - Total instances: 1989
2026-01-28 18:38:37,178 - INFO - 
2026-01-28 18:38:37,178 - INFO - Alpha values per fold: ['1.00', '0.95', '1.00', '1.00']
2026-01-28 18:38:37,178 - INFO - Alpha mean ± std: 0.99 ± 0.02
2026-01-28 18:38:37,178 - INFO - 
2026-01-28 18:38:37,178 - INFO - Test Set Performance:
2026-01-28 18:38:37,178 - INFO -   Algorithm Selection (Fusion):
2026-01-28 18:38:37,178 - INFO -     Solve rate: 38.11% ± 1.93%
2026-01-28 18:38:37,178 - INFO -     Average PAR-2: 1488.04 ± 46.55
2026-01-28 18:38:37,178 - INFO -     Gap closed (solved): 0.7205 ± 0.0108
2026-01-28 18:38:37,178 - INFO -     Gap closed (PAR-2): 0.7178 ± 0.0101
2026-01-28 18:38:37,178 - INFO -   SBS (Single Best Solver):
2026-01-28 18:38:37,178 - INFO -     Solve rate: 34.24% ± 1.84%
2026-01-28 18:38:37,178 - INFO -     Average PAR-2: 1580.67 ± 44.79
2026-01-28 18:38:37,178 - INFO -   VBS (Virtual Best Solver):
2026-01-28 18:38:37,178 - INFO -     Solve rate: 39.62% ± 2.00%
2026-01-28 18:38:37,178 - INFO -     Average PAR-2: 1451.48 ± 48.20
2026-01-28 18:38:37,178 - INFO - ============================================================
