2026-01-28 18:33:14,864 - INFO - Loading all instances from fold files in data/perf_data/folds/UFNIA...
2026-01-28 18:33:14,981 - INFO - Using syntactic features: data/features/syntactic/catalog0/UFNIA.CSV
2026-01-28 18:33:14,982 - INFO - Using description features: data/features/native_desc/all_mpnet_base_v2/UFNIA.csv
2026-01-28 18:33:14,982 - INFO - Validating feature coverage for syntactic features...
2026-01-28 18:33:15,139 - INFO - Validating feature coverage for description features...
2026-01-28 18:33:17,970 - INFO - Feature coverage validated: all 5023 instances have features
2026-01-28 18:33:17,971 - INFO - Starting 4-fold cross-validation with fixed-alpha fusion on 5023 instances
2026-01-28 18:33:17,971 - INFO - Alpha candidates: [0.0, 0.05, 0.1, 0.15, 0.2, 0.25, 0.3, 0.35, 0.4, 0.45, 0.5, 0.55, 0.6, 0.65, 0.7, 0.75, 0.8, 0.85, 0.9, 0.95, 1.0]
2026-01-28 18:33:17,971 - INFO - 
============================================================
2026-01-28 18:33:17,971 - INFO - Outer Fold 1/4 (0.csv)
2026-01-28 18:33:17,971 - INFO - ============================================================
2026-01-28 18:33:17,971 - INFO - Loading test instances from 0.csv...
2026-01-28 18:33:17,975 - INFO - Test instances: 1256
2026-01-28 18:33:17,976 - INFO - Train instances: 3767
2026-01-28 18:33:18,156 - INFO - Training syntactic model on training set...
2026-01-28 18:33:18,436 - INFO - Saved PWC_SVM model at /tmp/tmpbnnix437/synt/model.joblib
2026-01-28 18:33:18,440 - INFO - Training description model on training set...
2026-01-28 18:33:18,854 - INFO - Saved PWC_SVM model at /tmp/tmpbnnix437/desc/model.joblib
2026-01-28 18:33:18,886 - INFO - Tuning alpha on full training set (3767 instances)
2026-01-28 18:33:18,886 - INFO - Computing decision function statistics on training data...
2026-01-28 18:33:22,625 - INFO - Computed statistics for 3 pairwise classifiers
2026-01-28 18:33:22,625 - INFO - Computing decision function statistics on training data...
2026-01-28 18:33:27,417 - INFO - Computed statistics for 3 pairwise classifiers
2026-01-28 18:36:37,213 - INFO -   Alpha tuning results:
2026-01-28 18:36:37,213 - INFO -     α=0.00: gap_cls_par2=-0.0000
2026-01-28 18:36:37,213 - INFO -     α=0.05: gap_cls_par2=-0.0000
2026-01-28 18:36:37,213 - INFO -     α=0.10: gap_cls_par2=-0.0000
2026-01-28 18:36:37,213 - INFO -     α=0.15: gap_cls_par2=-0.0000
2026-01-28 18:36:37,213 - INFO -     α=0.20: gap_cls_par2=-0.0000
2026-01-28 18:36:37,213 - INFO -     α=0.25: gap_cls_par2=-0.0000
2026-01-28 18:36:37,213 - INFO -     α=0.30: gap_cls_par2=-0.0000
2026-01-28 18:36:37,213 - INFO -     α=0.35: gap_cls_par2=-0.0000
2026-01-28 18:36:37,213 - INFO -     α=0.40: gap_cls_par2=-0.0000
2026-01-28 18:36:37,213 - INFO -     α=0.45: gap_cls_par2=-0.0000
2026-01-28 18:36:37,213 - INFO -     α=0.50: gap_cls_par2=-0.0000
2026-01-28 18:36:37,213 - INFO -     α=0.55: gap_cls_par2=-0.0000
2026-01-28 18:36:37,213 - INFO -     α=0.60: gap_cls_par2=-0.0000
2026-01-28 18:36:37,213 - INFO -     α=0.65: gap_cls_par2=-0.0000
2026-01-28 18:36:37,213 - INFO -     α=0.70: gap_cls_par2=-0.0000
2026-01-28 18:36:37,213 - INFO -     α=0.75: gap_cls_par2=-0.0000
2026-01-28 18:36:37,213 - INFO -     α=0.80: gap_cls_par2=-0.0000
2026-01-28 18:36:37,213 - INFO -     α=0.85: gap_cls_par2=-0.0000
2026-01-28 18:36:37,213 - INFO -     α=0.90: gap_cls_par2=-0.0000
2026-01-28 18:36:37,213 - INFO -     α=0.95: gap_cls_par2=-0.0000
2026-01-28 18:36:37,213 - INFO -     α=1.00: gap_cls_par2=0.7065 ← best
2026-01-28 18:36:37,213 - INFO -   Selected α=1.00 (gap_cls_par2=0.7065)
2026-01-28 18:36:37,213 - INFO - Creating fusion model with α=1.00...
2026-01-28 18:36:37,213 - INFO - Computing decision function statistics on training data...
2026-01-28 18:36:40,953 - INFO - Computed statistics for 3 pairwise classifiers
2026-01-28 18:36:40,953 - INFO - Computing decision function statistics on training data...
2026-01-28 18:36:45,752 - INFO - Computed statistics for 3 pairwise classifiers
2026-01-28 18:36:45,754 - INFO - Evaluating fusion model on train set...
2026-01-28 18:37:01,303 - INFO - Evaluating fusion model on test set...
2026-01-28 18:37:06,386 - INFO - 
Fold 1 Results (α=1.00):
2026-01-28 18:37:06,386 - INFO -   Train Set:
2026-01-28 18:37:06,386 - INFO -     Solved: 2240/3767
2026-01-28 18:37:06,386 - INFO -     Solve rate: 59.46%
2026-01-28 18:37:06,386 - INFO -     Average PAR-2: 1007.62
2026-01-28 18:37:06,386 - INFO -     Gap closed (PAR-2): 0.7065
2026-01-28 18:37:06,386 - INFO -   Test Set:
2026-01-28 18:37:06,386 - INFO -     Solved: 743/1256
2026-01-28 18:37:06,386 - INFO -     Solve rate: 59.16%
2026-01-28 18:37:06,386 - INFO -     Average PAR-2: 1011.36
2026-01-28 18:37:06,387 - INFO -     Gap closed (PAR-2): 0.1963
2026-01-28 18:37:06,387 - INFO - 
============================================================
2026-01-28 18:37:06,387 - INFO - Outer Fold 2/4 (1.csv)
2026-01-28 18:37:06,388 - INFO - ============================================================
2026-01-28 18:37:06,388 - INFO - Loading test instances from 1.csv...
2026-01-28 18:37:06,393 - INFO - Test instances: 1256
2026-01-28 18:37:06,393 - INFO - Train instances: 3767
2026-01-28 18:37:06,549 - INFO - Training syntactic model on training set...
2026-01-28 18:37:06,832 - INFO - Saved PWC_SVM model at /tmp/tmpy2lhdtiz/synt/model.joblib
2026-01-28 18:37:06,834 - INFO - Training description model on training set...
2026-01-28 18:37:07,220 - INFO - Saved PWC_SVM model at /tmp/tmpy2lhdtiz/desc/model.joblib
2026-01-28 18:37:07,252 - INFO - Tuning alpha on full training set (3767 instances)
2026-01-28 18:37:07,252 - INFO - Computing decision function statistics on training data...
2026-01-28 18:37:10,958 - INFO - Computed statistics for 3 pairwise classifiers
2026-01-28 18:37:10,958 - INFO - Computing decision function statistics on training data...
2026-01-28 18:37:15,699 - INFO - Computed statistics for 3 pairwise classifiers
2026-01-28 18:40:22,894 - INFO -   Alpha tuning results:
2026-01-28 18:40:22,894 - INFO -     α=0.00: gap_cls_par2=-0.0000
2026-01-28 18:40:22,894 - INFO -     α=0.05: gap_cls_par2=-0.0000
2026-01-28 18:40:22,894 - INFO -     α=0.10: gap_cls_par2=-0.0000
2026-01-28 18:40:22,894 - INFO -     α=0.15: gap_cls_par2=0.0103
2026-01-28 18:40:22,894 - INFO -     α=0.20: gap_cls_par2=0.0335
2026-01-28 18:40:22,895 - INFO -     α=0.25: gap_cls_par2=0.0565
2026-01-28 18:40:22,895 - INFO -     α=0.30: gap_cls_par2=0.0755
2026-01-28 18:40:22,895 - INFO -     α=0.35: gap_cls_par2=0.1005
2026-01-28 18:40:22,895 - INFO -     α=0.40: gap_cls_par2=0.1339
2026-01-28 18:40:22,895 - INFO -     α=0.45: gap_cls_par2=0.1834
2026-01-28 18:40:22,895 - INFO -     α=0.50: gap_cls_par2=0.1996
2026-01-28 18:40:22,895 - INFO -     α=0.55: gap_cls_par2=0.6275
2026-01-28 18:40:22,895 - INFO -     α=0.60: gap_cls_par2=0.6257
2026-01-28 18:40:22,895 - INFO -     α=0.65: gap_cls_par2=0.6257
2026-01-28 18:40:22,895 - INFO -     α=0.70: gap_cls_par2=0.6257
2026-01-28 18:40:22,895 - INFO -     α=0.75: gap_cls_par2=0.6360
2026-01-28 18:40:22,895 - INFO -     α=0.80: gap_cls_par2=0.6454
2026-01-28 18:40:22,895 - INFO -     α=0.85: gap_cls_par2=0.6441
2026-01-28 18:40:22,895 - INFO -     α=0.90: gap_cls_par2=0.6425
2026-01-28 18:40:22,895 - INFO -     α=0.95: gap_cls_par2=0.6425
2026-01-28 18:40:22,895 - INFO -     α=1.00: gap_cls_par2=0.6496 ← best
2026-01-28 18:40:22,895 - INFO -   Selected α=1.00 (gap_cls_par2=0.6496)
2026-01-28 18:40:22,895 - INFO - Creating fusion model with α=1.00...
2026-01-28 18:40:22,895 - INFO - Computing decision function statistics on training data...
2026-01-28 18:40:26,601 - INFO - Computed statistics for 3 pairwise classifiers
2026-01-28 18:40:26,601 - INFO - Computing decision function statistics on training data...
2026-01-28 18:40:31,339 - INFO - Computed statistics for 3 pairwise classifiers
2026-01-28 18:40:31,340 - INFO - Evaluating fusion model on train set...
2026-01-28 18:40:45,848 - INFO - Evaluating fusion model on test set...
2026-01-28 18:40:50,772 - INFO - 
Fold 2 Results (α=1.00):
2026-01-28 18:40:50,772 - INFO -   Train Set:
2026-01-28 18:40:50,772 - INFO -     Solved: 2235/3767
2026-01-28 18:40:50,772 - INFO -     Solve rate: 59.33%
2026-01-28 18:40:50,772 - INFO -     Average PAR-2: 1010.12
2026-01-28 18:40:50,772 - INFO -     Gap closed (PAR-2): 0.6496
2026-01-28 18:40:50,772 - INFO -   Test Set:
2026-01-28 18:40:50,772 - INFO -     Solved: 744/1256
2026-01-28 18:40:50,772 - INFO -     Solve rate: 59.24%
2026-01-28 18:40:50,773 - INFO -     Average PAR-2: 1011.85
2026-01-28 18:40:50,773 - INFO -     Gap closed (PAR-2): 0.3477
2026-01-28 18:40:50,774 - INFO - 
============================================================
2026-01-28 18:40:50,774 - INFO - Outer Fold 3/4 (2.csv)
2026-01-28 18:40:50,774 - INFO - ============================================================
2026-01-28 18:40:50,774 - INFO - Loading test instances from 2.csv...
2026-01-28 18:40:50,779 - INFO - Test instances: 1256
2026-01-28 18:40:50,779 - INFO - Train instances: 3767
2026-01-28 18:40:50,918 - INFO - Training syntactic model on training set...
2026-01-28 18:40:51,160 - INFO - Saved PWC_SVM model at /tmp/tmpd4vtdatd/synt/model.joblib
2026-01-28 18:40:51,162 - INFO - Training description model on training set...
2026-01-28 18:40:51,614 - INFO - Saved PWC_SVM model at /tmp/tmpd4vtdatd/desc/model.joblib
2026-01-28 18:40:51,648 - INFO - Tuning alpha on full training set (3767 instances)
2026-01-28 18:40:51,648 - INFO - Computing decision function statistics on training data...
2026-01-28 18:40:55,362 - INFO - Computed statistics for 3 pairwise classifiers
2026-01-28 18:40:55,362 - INFO - Computing decision function statistics on training data...
2026-01-28 18:41:00,119 - INFO - Computed statistics for 3 pairwise classifiers
2026-01-28 18:44:09,673 - INFO -   Alpha tuning results:
2026-01-28 18:44:09,673 - INFO -     α=0.00: gap_cls_par2=0.0458
2026-01-28 18:44:09,673 - INFO -     α=0.05: gap_cls_par2=0.0458
2026-01-28 18:44:09,673 - INFO -     α=0.10: gap_cls_par2=0.0458
2026-01-28 18:44:09,673 - INFO -     α=0.15: gap_cls_par2=0.0458
2026-01-28 18:44:09,674 - INFO -     α=0.20: gap_cls_par2=0.0458
2026-01-28 18:44:09,674 - INFO -     α=0.25: gap_cls_par2=0.0458
2026-01-28 18:44:09,674 - INFO -     α=0.30: gap_cls_par2=0.0506
2026-01-28 18:44:09,674 - INFO -     α=0.35: gap_cls_par2=0.0508
2026-01-28 18:44:09,674 - INFO -     α=0.40: gap_cls_par2=0.0894
2026-01-28 18:44:09,674 - INFO -     α=0.45: gap_cls_par2=0.0905
2026-01-28 18:44:09,674 - INFO -     α=0.50: gap_cls_par2=0.0961
2026-01-28 18:44:09,674 - INFO -     α=0.55: gap_cls_par2=0.1398
2026-01-28 18:44:09,674 - INFO -     α=0.60: gap_cls_par2=0.1619
2026-01-28 18:44:09,674 - INFO -     α=0.65: gap_cls_par2=0.1833
2026-01-28 18:44:09,674 - INFO -     α=0.70: gap_cls_par2=0.2444
2026-01-28 18:44:09,674 - INFO -     α=0.75: gap_cls_par2=0.2954
2026-01-28 18:44:09,674 - INFO -     α=0.80: gap_cls_par2=0.7585
2026-01-28 18:44:09,674 - INFO -     α=0.85: gap_cls_par2=0.7583
2026-01-28 18:44:09,674 - INFO -     α=0.90: gap_cls_par2=0.7632
2026-01-28 18:44:09,674 - INFO -     α=0.95: gap_cls_par2=0.7632
2026-01-28 18:44:09,674 - INFO -     α=1.00: gap_cls_par2=0.7790 ← best
2026-01-28 18:44:09,674 - INFO -   Selected α=1.00 (gap_cls_par2=0.7790)
2026-01-28 18:44:09,674 - INFO - Creating fusion model with α=1.00...
2026-01-28 18:44:09,674 - INFO - Computing decision function statistics on training data...
2026-01-28 18:44:13,413 - INFO - Computed statistics for 3 pairwise classifiers
2026-01-28 18:44:13,413 - INFO - Computing decision function statistics on training data...
2026-01-28 18:44:18,226 - INFO - Computed statistics for 3 pairwise classifiers
2026-01-28 18:44:18,227 - INFO - Evaluating fusion model on train set...
2026-01-28 18:44:32,895 - INFO - Evaluating fusion model on test set...
2026-01-28 18:44:37,779 - INFO - 
Fold 3 Results (α=1.00):
2026-01-28 18:44:37,779 - INFO -   Train Set:
2026-01-28 18:44:37,779 - INFO -     Solved: 2242/3767
2026-01-28 18:44:37,779 - INFO -     Solve rate: 59.52%
2026-01-28 18:44:37,779 - INFO -     Average PAR-2: 1006.06
2026-01-28 18:44:37,779 - INFO -     Gap closed (PAR-2): 0.7790
2026-01-28 18:44:37,779 - INFO -   Test Set:
2026-01-28 18:44:37,779 - INFO -     Solved: 745/1256
2026-01-28 18:44:37,779 - INFO -     Solve rate: 59.32%
2026-01-28 18:44:37,779 - INFO -     Average PAR-2: 1009.07
2026-01-28 18:44:37,779 - INFO -     Gap closed (PAR-2): 0.1793
2026-01-28 18:44:37,780 - INFO - 
============================================================
2026-01-28 18:44:37,780 - INFO - Outer Fold 4/4 (3.csv)
2026-01-28 18:44:37,780 - INFO - ============================================================
2026-01-28 18:44:37,780 - INFO - Loading test instances from 3.csv...
2026-01-28 18:44:37,785 - INFO - Test instances: 1255
2026-01-28 18:44:37,786 - INFO - Train instances: 3768
2026-01-28 18:44:37,897 - INFO - Training syntactic model on training set...
2026-01-28 18:44:38,155 - INFO - Saved PWC_SVM model at /tmp/tmp5w8izhne/synt/model.joblib
2026-01-28 18:44:38,157 - INFO - Training description model on training set...
2026-01-28 18:44:38,600 - INFO - Saved PWC_SVM model at /tmp/tmp5w8izhne/desc/model.joblib
2026-01-28 18:44:38,634 - INFO - Tuning alpha on full training set (3768 instances)
2026-01-28 18:44:38,634 - INFO - Computing decision function statistics on training data...
2026-01-28 18:44:42,373 - INFO - Computed statistics for 3 pairwise classifiers
2026-01-28 18:44:42,373 - INFO - Computing decision function statistics on training data...
2026-01-28 18:44:47,110 - INFO - Computed statistics for 3 pairwise classifiers
2026-01-28 18:47:57,497 - INFO -   Alpha tuning results:
2026-01-28 18:47:57,498 - INFO -     α=0.00: gap_cls_par2=-0.0000
2026-01-28 18:47:57,498 - INFO -     α=0.05: gap_cls_par2=-0.0000
2026-01-28 18:47:57,498 - INFO -     α=0.10: gap_cls_par2=-0.0000
2026-01-28 18:47:57,498 - INFO -     α=0.15: gap_cls_par2=-0.0000
2026-01-28 18:47:57,498 - INFO -     α=0.20: gap_cls_par2=-0.0000
2026-01-28 18:47:57,498 - INFO -     α=0.25: gap_cls_par2=-0.0000
2026-01-28 18:47:57,498 - INFO -     α=0.30: gap_cls_par2=-0.0000
2026-01-28 18:47:57,498 - INFO -     α=0.35: gap_cls_par2=-0.0000
2026-01-28 18:47:57,498 - INFO -     α=0.40: gap_cls_par2=-0.0000
2026-01-28 18:47:57,498 - INFO -     α=0.45: gap_cls_par2=-0.0000
2026-01-28 18:47:57,498 - INFO -     α=0.50: gap_cls_par2=-0.0000
2026-01-28 18:47:57,498 - INFO -     α=0.55: gap_cls_par2=-0.0000
2026-01-28 18:47:57,498 - INFO -     α=0.60: gap_cls_par2=-0.0000
2026-01-28 18:47:57,498 - INFO -     α=0.65: gap_cls_par2=-0.0000
2026-01-28 18:47:57,498 - INFO -     α=0.70: gap_cls_par2=-0.0000
2026-01-28 18:47:57,498 - INFO -     α=0.75: gap_cls_par2=-0.0000
2026-01-28 18:47:57,498 - INFO -     α=0.80: gap_cls_par2=-0.0000
2026-01-28 18:47:57,498 - INFO -     α=0.85: gap_cls_par2=-0.0000
2026-01-28 18:47:57,498 - INFO -     α=0.90: gap_cls_par2=-0.0000
2026-01-28 18:47:57,498 - INFO -     α=0.95: gap_cls_par2=-0.0000
2026-01-28 18:47:57,498 - INFO -     α=1.00: gap_cls_par2=0.7023 ← best
2026-01-28 18:47:57,498 - INFO -   Selected α=1.00 (gap_cls_par2=0.7023)
2026-01-28 18:47:57,498 - INFO - Creating fusion model with α=1.00...
2026-01-28 18:47:57,498 - INFO - Computing decision function statistics on training data...
2026-01-28 18:48:01,233 - INFO - Computed statistics for 3 pairwise classifiers
2026-01-28 18:48:01,233 - INFO - Computing decision function statistics on training data...
2026-01-28 18:48:05,973 - INFO - Computed statistics for 3 pairwise classifiers
2026-01-28 18:48:05,974 - INFO - Evaluating fusion model on train set...
2026-01-28 18:48:20,279 - INFO - Evaluating fusion model on test set...
2026-01-28 18:48:25,025 - INFO - 
Fold 4 Results (α=1.00):
2026-01-28 18:48:25,025 - INFO -   Train Set:
2026-01-28 18:48:25,025 - INFO -     Solved: 2253/3768
2026-01-28 18:48:25,025 - INFO -     Solve rate: 59.79%
2026-01-28 18:48:25,025 - INFO -     Average PAR-2: 997.81
2026-01-28 18:48:25,025 - INFO -     Gap closed (PAR-2): 0.7023
2026-01-28 18:48:25,025 - INFO -   Test Set:
2026-01-28 18:48:25,025 - INFO -     Solved: 726/1255
2026-01-28 18:48:25,025 - INFO -     Solve rate: 57.85%
2026-01-28 18:48:25,025 - INFO -     Average PAR-2: 1048.07
2026-01-28 18:48:25,025 - INFO -     Gap closed (PAR-2): 0.0989
2026-01-28 18:48:25,030 - INFO - Saved summary to results/20260128_55779956/fusion/UFNIA/summary.json
2026-01-28 18:48:25,032 - INFO - 
============================================================
2026-01-28 18:48:25,032 - INFO - Cross-Validation Results Summary (Decision-Level Fusion)
2026-01-28 18:48:25,032 - INFO - ============================================================
2026-01-28 18:48:25,032 - INFO - Model type: Fusion_SVM_fixed_alpha
2026-01-28 18:48:25,032 - INFO - Number of folds: 4
2026-01-28 18:48:25,032 - INFO - Total instances: 5023
2026-01-28 18:48:25,032 - INFO - 
2026-01-28 18:48:25,033 - INFO - Alpha values per fold: ['1.00', '1.00', '1.00', '1.00']
2026-01-28 18:48:25,033 - INFO - Alpha mean ± std: 1.00 ± 0.00
2026-01-28 18:48:25,033 - INFO - 
2026-01-28 18:48:25,033 - INFO - Test Set Performance:
2026-01-28 18:48:25,033 - INFO -   Algorithm Selection (Fusion):
2026-01-28 18:48:25,033 - INFO -     Solve rate: 58.89% ± 0.60%
2026-01-28 18:48:25,033 - INFO -     Average PAR-2: 1020.09 ± 16.19
2026-01-28 18:48:25,033 - INFO -     Gap closed (solved): 0.1562 ± 0.1482
2026-01-28 18:48:25,033 - INFO -     Gap closed (PAR-2): 0.2055 ± 0.0900
2026-01-28 18:48:25,033 - INFO -   SBS (Single Best Solver):
2026-01-28 18:48:25,033 - INFO -     Solve rate: 58.65% ± 0.57%
2026-01-28 18:48:25,033 - INFO -     Average PAR-2: 1026.75 ± 14.97
2026-01-28 18:48:25,033 - INFO -   VBS (Virtual Best Solver):
2026-01-28 18:48:25,033 - INFO -     Solve rate: 59.84% ± 0.53%
2026-01-28 18:48:25,033 - INFO -     Average PAR-2: 996.81 ± 13.95
2026-01-28 18:48:25,033 - INFO - ============================================================
