2026-01-28 18:33:14,864 - INFO - Loading all instances from fold files in data/perf_data/folds/QF_IDL...
2026-01-28 18:33:14,950 - INFO - Using syntactic features: data/features/syntactic/catalog0/QF_IDL.CSV
2026-01-28 18:33:14,950 - INFO - Using description features: data/features/native_desc/all_mpnet_base_v2/QF_IDL.csv
2026-01-28 18:33:14,950 - INFO - Validating feature coverage for syntactic features...
2026-01-28 18:33:14,995 - INFO - Validating feature coverage for description features...
2026-01-28 18:33:16,344 - INFO - Feature coverage validated: all 966 instances have features
2026-01-28 18:33:16,344 - INFO - Starting 4-fold cross-validation with fixed-alpha fusion on 966 instances
2026-01-28 18:33:16,344 - INFO - Alpha candidates: [0.0, 0.05, 0.1, 0.15, 0.2, 0.25, 0.3, 0.35, 0.4, 0.45, 0.5, 0.55, 0.6, 0.65, 0.7, 0.75, 0.8, 0.85, 0.9, 0.95, 1.0]
2026-01-28 18:33:16,344 - INFO - 
============================================================
2026-01-28 18:33:16,345 - INFO - Outer Fold 1/4 (0.csv)
2026-01-28 18:33:16,345 - INFO - ============================================================
2026-01-28 18:33:16,345 - INFO - Loading test instances from 0.csv...
2026-01-28 18:33:16,346 - INFO - Test instances: 242
2026-01-28 18:33:16,346 - INFO - Train instances: 724
2026-01-28 18:33:16,353 - INFO - Training syntactic model on training set...
2026-01-28 18:33:16,496 - INFO - Saved PWC_SVM model at /tmp/tmplnb06t3q/synt/model.joblib
2026-01-28 18:33:16,501 - INFO - Training description model on training set...
2026-01-28 18:33:16,714 - INFO - Saved PWC_SVM model at /tmp/tmplnb06t3q/desc/model.joblib
2026-01-28 18:33:16,754 - INFO - Tuning alpha on full training set (724 instances)
2026-01-28 18:33:16,754 - INFO - Computing decision function statistics on training data...
2026-01-28 18:33:19,010 - INFO - Computed statistics for 10 pairwise classifiers
2026-01-28 18:33:19,010 - INFO - Computing decision function statistics on training data...
2026-01-28 18:33:21,487 - INFO - Computed statistics for 10 pairwise classifiers
2026-01-28 18:35:03,801 - INFO -   Alpha tuning results:
2026-01-28 18:35:03,801 - INFO -     α=0.00: gap_cls_par2=0.7344
2026-01-28 18:35:03,801 - INFO -     α=0.05: gap_cls_par2=0.7344
2026-01-28 18:35:03,801 - INFO -     α=0.10: gap_cls_par2=0.7344
2026-01-28 18:35:03,801 - INFO -     α=0.15: gap_cls_par2=0.7346
2026-01-28 18:35:03,801 - INFO -     α=0.20: gap_cls_par2=0.7346
2026-01-28 18:35:03,801 - INFO -     α=0.25: gap_cls_par2=0.7338
2026-01-28 18:35:03,801 - INFO -     α=0.30: gap_cls_par2=0.7338
2026-01-28 18:35:03,801 - INFO -     α=0.35: gap_cls_par2=0.7347
2026-01-28 18:35:03,801 - INFO -     α=0.40: gap_cls_par2=0.7347
2026-01-28 18:35:03,801 - INFO -     α=0.45: gap_cls_par2=0.7370
2026-01-28 18:35:03,801 - INFO -     α=0.50: gap_cls_par2=0.7422
2026-01-28 18:35:03,801 - INFO -     α=0.55: gap_cls_par2=0.7429
2026-01-28 18:35:03,802 - INFO -     α=0.60: gap_cls_par2=0.7324
2026-01-28 18:35:03,802 - INFO -     α=0.65: gap_cls_par2=0.7237
2026-01-28 18:35:03,802 - INFO -     α=0.70: gap_cls_par2=0.6958
2026-01-28 18:35:03,802 - INFO -     α=0.75: gap_cls_par2=0.7021
2026-01-28 18:35:03,802 - INFO -     α=0.80: gap_cls_par2=0.8835
2026-01-28 18:35:03,802 - INFO -     α=0.85: gap_cls_par2=0.8923
2026-01-28 18:35:03,802 - INFO -     α=0.90: gap_cls_par2=0.8939
2026-01-28 18:35:03,802 - INFO -     α=0.95: gap_cls_par2=0.9024
2026-01-28 18:35:03,802 - INFO -     α=1.00: gap_cls_par2=0.9026 ← best
2026-01-28 18:35:03,802 - INFO -   Selected α=1.00 (gap_cls_par2=0.9026)
2026-01-28 18:35:03,802 - INFO - Creating fusion model with α=1.00...
2026-01-28 18:35:03,802 - INFO - Computing decision function statistics on training data...
2026-01-28 18:35:06,053 - INFO - Computed statistics for 10 pairwise classifiers
2026-01-28 18:35:06,053 - INFO - Computing decision function statistics on training data...
2026-01-28 18:35:08,530 - INFO - Computed statistics for 10 pairwise classifiers
2026-01-28 18:35:08,533 - INFO - Evaluating fusion model on train set...
2026-01-28 18:35:14,739 - INFO - Evaluating fusion model on test set...
2026-01-28 18:35:16,756 - INFO - 
Fold 1 Results (α=1.00):
2026-01-28 18:35:16,756 - INFO -   Train Set:
2026-01-28 18:35:16,756 - INFO -     Solved: 658/724
2026-01-28 18:35:16,756 - INFO -     Solve rate: 90.88%
2026-01-28 18:35:16,756 - INFO -     Average PAR-2: 267.53
2026-01-28 18:35:16,756 - INFO -     Gap closed (PAR-2): 0.9026
2026-01-28 18:35:16,756 - INFO -   Test Set:
2026-01-28 18:35:16,756 - INFO -     Solved: 221/242
2026-01-28 18:35:16,756 - INFO -     Solve rate: 91.32%
2026-01-28 18:35:16,756 - INFO -     Average PAR-2: 261.99
2026-01-28 18:35:16,757 - INFO -     Gap closed (PAR-2): 0.7669
2026-01-28 18:35:16,757 - INFO - 
============================================================
2026-01-28 18:35:16,758 - INFO - Outer Fold 2/4 (1.csv)
2026-01-28 18:35:16,758 - INFO - ============================================================
2026-01-28 18:35:16,758 - INFO - Loading test instances from 1.csv...
2026-01-28 18:35:16,760 - INFO - Test instances: 242
2026-01-28 18:35:16,760 - INFO - Train instances: 724
2026-01-28 18:35:16,766 - INFO - Training syntactic model on training set...
2026-01-28 18:35:16,907 - INFO - Saved PWC_SVM model at /tmp/tmpmu_cf1m3/synt/model.joblib
2026-01-28 18:35:16,910 - INFO - Training description model on training set...
2026-01-28 18:35:17,133 - INFO - Saved PWC_SVM model at /tmp/tmpmu_cf1m3/desc/model.joblib
2026-01-28 18:35:17,175 - INFO - Tuning alpha on full training set (724 instances)
2026-01-28 18:35:17,175 - INFO - Computing decision function statistics on training data...
2026-01-28 18:35:19,425 - INFO - Computed statistics for 10 pairwise classifiers
2026-01-28 18:35:19,425 - INFO - Computing decision function statistics on training data...
2026-01-28 18:35:21,914 - INFO - Computed statistics for 10 pairwise classifiers
2026-01-28 18:37:05,520 - INFO -   Alpha tuning results:
2026-01-28 18:37:05,520 - INFO -     α=0.00: gap_cls_par2=0.6817
2026-01-28 18:37:05,520 - INFO -     α=0.05: gap_cls_par2=0.6999
2026-01-28 18:37:05,520 - INFO -     α=0.10: gap_cls_par2=0.6999
2026-01-28 18:37:05,520 - INFO -     α=0.15: gap_cls_par2=0.6737
2026-01-28 18:37:05,520 - INFO -     α=0.20: gap_cls_par2=0.6737
2026-01-28 18:37:05,520 - INFO -     α=0.25: gap_cls_par2=0.6737
2026-01-28 18:37:05,520 - INFO -     α=0.30: gap_cls_par2=0.6737
2026-01-28 18:37:05,520 - INFO -     α=0.35: gap_cls_par2=0.6737
2026-01-28 18:37:05,520 - INFO -     α=0.40: gap_cls_par2=0.6843
2026-01-28 18:37:05,520 - INFO -     α=0.45: gap_cls_par2=0.6890
2026-01-28 18:37:05,520 - INFO -     α=0.50: gap_cls_par2=0.6886
2026-01-28 18:37:05,520 - INFO -     α=0.55: gap_cls_par2=0.6890
2026-01-28 18:37:05,520 - INFO -     α=0.60: gap_cls_par2=0.7153
2026-01-28 18:37:05,520 - INFO -     α=0.65: gap_cls_par2=0.7106
2026-01-28 18:37:05,520 - INFO -     α=0.70: gap_cls_par2=0.7029
2026-01-28 18:37:05,520 - INFO -     α=0.75: gap_cls_par2=0.9345
2026-01-28 18:37:05,520 - INFO -     α=0.80: gap_cls_par2=0.9446
2026-01-28 18:37:05,520 - INFO -     α=0.85: gap_cls_par2=0.9555 ← best
2026-01-28 18:37:05,520 - INFO -     α=0.90: gap_cls_par2=0.9530
2026-01-28 18:37:05,520 - INFO -     α=0.95: gap_cls_par2=0.9538
2026-01-28 18:37:05,520 - INFO -     α=1.00: gap_cls_par2=0.9531
2026-01-28 18:37:05,520 - INFO -   Selected α=0.85 (gap_cls_par2=0.9555)
2026-01-28 18:37:05,520 - INFO - Creating fusion model with α=0.85...
2026-01-28 18:37:05,520 - INFO - Computing decision function statistics on training data...
2026-01-28 18:37:07,780 - INFO - Computed statistics for 10 pairwise classifiers
2026-01-28 18:37:07,780 - INFO - Computing decision function statistics on training data...
2026-01-28 18:37:10,296 - INFO - Computed statistics for 10 pairwise classifiers
2026-01-28 18:37:10,297 - INFO - Evaluating fusion model on train set...
2026-01-28 18:37:16,315 - INFO - Evaluating fusion model on test set...
2026-01-28 18:37:18,327 - INFO - 
Fold 2 Results (α=0.85):
2026-01-28 18:37:18,327 - INFO -   Train Set:
2026-01-28 18:37:18,328 - INFO -     Solved: 658/724
2026-01-28 18:37:18,328 - INFO -     Solve rate: 90.88%
2026-01-28 18:37:18,328 - INFO -     Average PAR-2: 266.19
2026-01-28 18:37:18,328 - INFO -     Gap closed (PAR-2): 0.9555
2026-01-28 18:37:18,328 - INFO -   Test Set:
2026-01-28 18:37:18,328 - INFO -     Solved: 221/242
2026-01-28 18:37:18,328 - INFO -     Solve rate: 91.32%
2026-01-28 18:37:18,328 - INFO -     Average PAR-2: 252.62
2026-01-28 18:37:18,328 - INFO -     Gap closed (PAR-2): 0.7635
2026-01-28 18:37:18,329 - INFO - 
============================================================
2026-01-28 18:37:18,329 - INFO - Outer Fold 3/4 (2.csv)
2026-01-28 18:37:18,329 - INFO - ============================================================
2026-01-28 18:37:18,329 - INFO - Loading test instances from 2.csv...
2026-01-28 18:37:18,331 - INFO - Test instances: 241
2026-01-28 18:37:18,331 - INFO - Train instances: 725
2026-01-28 18:37:18,336 - INFO - Training syntactic model on training set...
2026-01-28 18:37:18,482 - INFO - Saved PWC_SVM model at /tmp/tmpkksv4h5m/synt/model.joblib
2026-01-28 18:37:18,485 - INFO - Training description model on training set...
2026-01-28 18:37:18,701 - INFO - Saved PWC_SVM model at /tmp/tmpkksv4h5m/desc/model.joblib
2026-01-28 18:37:18,741 - INFO - Tuning alpha on full training set (725 instances)
2026-01-28 18:37:18,742 - INFO - Computing decision function statistics on training data...
2026-01-28 18:37:21,010 - INFO - Computed statistics for 10 pairwise classifiers
2026-01-28 18:37:21,010 - INFO - Computing decision function statistics on training data...
2026-01-28 18:37:23,479 - INFO - Computed statistics for 10 pairwise classifiers
2026-01-28 18:39:06,962 - INFO -   Alpha tuning results:
2026-01-28 18:39:06,963 - INFO -     α=0.00: gap_cls_par2=0.6759
2026-01-28 18:39:06,963 - INFO -     α=0.05: gap_cls_par2=0.6789
2026-01-28 18:39:06,963 - INFO -     α=0.10: gap_cls_par2=0.6789
2026-01-28 18:39:06,963 - INFO -     α=0.15: gap_cls_par2=0.6789
2026-01-28 18:39:06,963 - INFO -     α=0.20: gap_cls_par2=0.7022
2026-01-28 18:39:06,963 - INFO -     α=0.25: gap_cls_par2=0.7022
2026-01-28 18:39:06,963 - INFO -     α=0.30: gap_cls_par2=0.7105
2026-01-28 18:39:06,963 - INFO -     α=0.35: gap_cls_par2=0.7180
2026-01-28 18:39:06,963 - INFO -     α=0.40: gap_cls_par2=0.7200
2026-01-28 18:39:06,963 - INFO -     α=0.45: gap_cls_par2=0.7194
2026-01-28 18:39:06,963 - INFO -     α=0.50: gap_cls_par2=0.7194
2026-01-28 18:39:06,963 - INFO -     α=0.55: gap_cls_par2=0.7195
2026-01-28 18:39:06,963 - INFO -     α=0.60: gap_cls_par2=0.7202
2026-01-28 18:39:06,963 - INFO -     α=0.65: gap_cls_par2=0.7198
2026-01-28 18:39:06,963 - INFO -     α=0.70: gap_cls_par2=0.7141
2026-01-28 18:39:06,963 - INFO -     α=0.75: gap_cls_par2=0.7261
2026-01-28 18:39:06,963 - INFO -     α=0.80: gap_cls_par2=0.7353
2026-01-28 18:39:06,963 - INFO -     α=0.85: gap_cls_par2=0.9024
2026-01-28 18:39:06,963 - INFO -     α=0.90: gap_cls_par2=0.8997
2026-01-28 18:39:06,963 - INFO -     α=0.95: gap_cls_par2=0.9270 ← best
2026-01-28 18:39:06,963 - INFO -     α=1.00: gap_cls_par2=0.9018
2026-01-28 18:39:06,963 - INFO -   Selected α=0.95 (gap_cls_par2=0.9270)
2026-01-28 18:39:06,963 - INFO - Creating fusion model with α=0.95...
2026-01-28 18:39:06,963 - INFO - Computing decision function statistics on training data...
2026-01-28 18:39:09,230 - INFO - Computed statistics for 10 pairwise classifiers
2026-01-28 18:39:09,230 - INFO - Computing decision function statistics on training data...
2026-01-28 18:39:11,706 - INFO - Computed statistics for 10 pairwise classifiers
2026-01-28 18:39:11,707 - INFO - Evaluating fusion model on train set...
2026-01-28 18:39:17,694 - INFO - Evaluating fusion model on test set...
2026-01-28 18:39:19,691 - INFO - 
Fold 3 Results (α=0.95):
2026-01-28 18:39:19,691 - INFO -   Train Set:
2026-01-28 18:39:19,691 - INFO -     Solved: 658/725
2026-01-28 18:39:19,691 - INFO -     Solve rate: 90.76%
2026-01-28 18:39:19,691 - INFO -     Average PAR-2: 275.72
2026-01-28 18:39:19,691 - INFO -     Gap closed (PAR-2): 0.9270
2026-01-28 18:39:19,691 - INFO -   Test Set:
2026-01-28 18:39:19,691 - INFO -     Solved: 223/241
2026-01-28 18:39:19,691 - INFO -     Solve rate: 92.53%
2026-01-28 18:39:19,691 - INFO -     Average PAR-2: 208.64
2026-01-28 18:39:19,691 - INFO -     Gap closed (PAR-2): 0.9483
2026-01-28 18:39:19,693 - INFO - 
============================================================
2026-01-28 18:39:19,693 - INFO - Outer Fold 4/4 (3.csv)
2026-01-28 18:39:19,693 - INFO - ============================================================
2026-01-28 18:39:19,693 - INFO - Loading test instances from 3.csv...
2026-01-28 18:39:19,694 - INFO - Test instances: 241
2026-01-28 18:39:19,694 - INFO - Train instances: 725
2026-01-28 18:39:19,699 - INFO - Training syntactic model on training set...
2026-01-28 18:39:19,836 - INFO - Saved PWC_SVM model at /tmp/tmpyjdsq_qf/synt/model.joblib
2026-01-28 18:39:19,838 - INFO - Training description model on training set...
2026-01-28 18:39:20,045 - INFO - Saved PWC_SVM model at /tmp/tmpyjdsq_qf/desc/model.joblib
2026-01-28 18:39:20,084 - INFO - Tuning alpha on full training set (725 instances)
2026-01-28 18:39:20,084 - INFO - Computing decision function statistics on training data...
2026-01-28 18:39:22,353 - INFO - Computed statistics for 10 pairwise classifiers
2026-01-28 18:39:22,353 - INFO - Computing decision function statistics on training data...
2026-01-28 18:39:24,804 - INFO - Computed statistics for 10 pairwise classifiers
2026-01-28 18:41:07,717 - INFO -   Alpha tuning results:
2026-01-28 18:41:07,717 - INFO -     α=0.00: gap_cls_par2=0.6982
2026-01-28 18:41:07,717 - INFO -     α=0.05: gap_cls_par2=0.6982
2026-01-28 18:41:07,717 - INFO -     α=0.10: gap_cls_par2=0.6982
2026-01-28 18:41:07,717 - INFO -     α=0.15: gap_cls_par2=0.7070
2026-01-28 18:41:07,717 - INFO -     α=0.20: gap_cls_par2=0.7070
2026-01-28 18:41:07,717 - INFO -     α=0.25: gap_cls_par2=0.7070
2026-01-28 18:41:07,717 - INFO -     α=0.30: gap_cls_par2=0.7071
2026-01-28 18:41:07,717 - INFO -     α=0.35: gap_cls_par2=0.7077
2026-01-28 18:41:07,717 - INFO -     α=0.40: gap_cls_par2=0.7077
2026-01-28 18:41:07,717 - INFO -     α=0.45: gap_cls_par2=0.7131
2026-01-28 18:41:07,717 - INFO -     α=0.50: gap_cls_par2=0.7158
2026-01-28 18:41:07,717 - INFO -     α=0.55: gap_cls_par2=0.7189
2026-01-28 18:41:07,717 - INFO -     α=0.60: gap_cls_par2=0.7191
2026-01-28 18:41:07,717 - INFO -     α=0.65: gap_cls_par2=0.7139
2026-01-28 18:41:07,717 - INFO -     α=0.70: gap_cls_par2=0.8909
2026-01-28 18:41:07,717 - INFO -     α=0.75: gap_cls_par2=0.8888
2026-01-28 18:41:07,717 - INFO -     α=0.80: gap_cls_par2=0.8889
2026-01-28 18:41:07,717 - INFO -     α=0.85: gap_cls_par2=0.8988
2026-01-28 18:41:07,717 - INFO -     α=0.90: gap_cls_par2=0.8988
2026-01-28 18:41:07,717 - INFO -     α=0.95: gap_cls_par2=0.9263
2026-01-28 18:41:07,717 - INFO -     α=1.00: gap_cls_par2=0.9272 ← best
2026-01-28 18:41:07,717 - INFO -   Selected α=1.00 (gap_cls_par2=0.9272)
2026-01-28 18:41:07,717 - INFO - Creating fusion model with α=1.00...
2026-01-28 18:41:07,717 - INFO - Computing decision function statistics on training data...
2026-01-28 18:41:09,993 - INFO - Computed statistics for 10 pairwise classifiers
2026-01-28 18:41:09,993 - INFO - Computing decision function statistics on training data...
2026-01-28 18:41:12,466 - INFO - Computed statistics for 10 pairwise classifiers
2026-01-28 18:41:12,467 - INFO - Evaluating fusion model on train set...
2026-01-28 18:41:18,394 - INFO - Evaluating fusion model on test set...
2026-01-28 18:41:20,478 - INFO - 
Fold 4 Results (α=1.00):
2026-01-28 18:41:20,478 - INFO -   Train Set:
2026-01-28 18:41:20,478 - INFO -     Solved: 668/725
2026-01-28 18:41:20,478 - INFO -     Solve rate: 92.14%
2026-01-28 18:41:20,478 - INFO -     Average PAR-2: 228.44
2026-01-28 18:41:20,478 - INFO -     Gap closed (PAR-2): 0.9272
2026-01-28 18:41:20,478 - INFO -   Test Set:
2026-01-28 18:41:20,478 - INFO -     Solved: 207/241
2026-01-28 18:41:20,478 - INFO -     Solve rate: 85.89%
2026-01-28 18:41:20,478 - INFO -     Average PAR-2: 397.34
2026-01-28 18:41:20,478 - INFO -     Gap closed (PAR-2): 0.5583
2026-01-28 18:41:20,483 - INFO - Saved summary to results/20260128_55779956/fusion/QF_IDL/summary.json
2026-01-28 18:41:20,484 - INFO - 
============================================================
2026-01-28 18:41:20,484 - INFO - Cross-Validation Results Summary (Decision-Level Fusion)
2026-01-28 18:41:20,484 - INFO - ============================================================
2026-01-28 18:41:20,484 - INFO - Model type: Fusion_SVM_fixed_alpha
2026-01-28 18:41:20,484 - INFO - Number of folds: 4
2026-01-28 18:41:20,484 - INFO - Total instances: 966
2026-01-28 18:41:20,484 - INFO - 
2026-01-28 18:41:20,484 - INFO - Alpha values per fold: ['1.00', '0.85', '0.95', '1.00']
2026-01-28 18:41:20,484 - INFO - Alpha mean ± std: 0.95 ± 0.06
2026-01-28 18:41:20,484 - INFO - 
2026-01-28 18:41:20,484 - INFO - Test Set Performance:
2026-01-28 18:41:20,484 - INFO -   Algorithm Selection (Fusion):
2026-01-28 18:41:20,484 - INFO -     Solve rate: 90.27% ± 2.57%
2026-01-28 18:41:20,484 - INFO -     Average PAR-2: 280.15 ± 70.60
2026-01-28 18:41:20,484 - INFO -     Gap closed (solved): 0.7972 ± 0.1857
2026-01-28 18:41:20,484 - INFO -     Gap closed (PAR-2): 0.7593 ± 0.1380
2026-01-28 18:41:20,484 - INFO -   SBS (Single Best Solver):
2026-01-28 18:41:20,484 - INFO -     Solve rate: 86.64% ± 2.07%
2026-01-28 18:41:20,484 - INFO -     Average PAR-2: 368.53 ± 58.70
2026-01-28 18:41:20,484 - INFO -   VBS (Virtual Best Solver):
2026-01-28 18:41:20,484 - INFO -     Solve rate: 91.30% ± 1.72%
2026-01-28 18:41:20,484 - INFO -     Average PAR-2: 251.00 ± 55.06
2026-01-28 18:41:20,484 - INFO - ============================================================
