Job started at: Wed Jan 28 06:32:33 PM EST 2026
Job Array ID: 55779956
Task ID: 8
Running on node: nc31126
Logic: UFNIA

Python version: Python 3.11.4

========================================================================
Fixed-Alpha Fusion Cross-Validation for: UFNIA
========================================================================

Configuration:
  - Folds dir: data/perf_data/folds/UFNIA
  - Syntactic features: data/features/syntactic/catalog0/UFNIA.CSV
  - Description features: data/features/native_desc/all_mpnet_base_v2/UFNIA.csv
  - Results directory: results/20260128_55779956/fusion/UFNIA
========================================================================


========================================================================
Completed successfully for UFNIA!
Results: results/20260128_55779956/fusion/UFNIA/summary.json
========================================================================
Job finished at: Wed Jan 28 06:48:31 PM EST 2026
