2026-01-28 18:33:14,865 - INFO - Loading all instances from fold files in data/perf_data/folds/UFLIA...
2026-01-28 18:33:15,019 - INFO - Using syntactic features: data/features/syntactic/catalog0/UFLIA.CSV
2026-01-28 18:33:15,019 - INFO - Using description features: data/features/native_desc/all_mpnet_base_v2/UFLIA.csv
2026-01-28 18:33:15,019 - INFO - Validating feature coverage for syntactic features...
2026-01-28 18:33:15,223 - INFO - Validating feature coverage for description features...
2026-01-28 18:33:19,953 - INFO - Feature coverage validated: all 2279 instances have features
2026-01-28 18:33:19,953 - INFO - Starting 4-fold cross-validation with fixed-alpha fusion on 2279 instances
2026-01-28 18:33:19,953 - INFO - Alpha candidates: [0.0, 0.05, 0.1, 0.15, 0.2, 0.25, 0.3, 0.35, 0.4, 0.45, 0.5, 0.55, 0.6, 0.65, 0.7, 0.75, 0.8, 0.85, 0.9, 0.95, 1.0]
2026-01-28 18:33:19,953 - INFO - 
============================================================
2026-01-28 18:33:19,953 - INFO - Outer Fold 1/4 (0.csv)
2026-01-28 18:33:19,953 - INFO - ============================================================
2026-01-28 18:33:19,954 - INFO - Loading test instances from 0.csv...
2026-01-28 18:33:19,956 - INFO - Test instances: 570
2026-01-28 18:33:19,956 - INFO - Train instances: 1709
2026-01-28 18:33:19,991 - INFO - Training syntactic model on training set...
2026-01-28 18:33:20,058 - INFO - Saved PWC_SVM model at /tmp/tmpxs4dsh4j/synt/model.joblib
2026-01-28 18:33:20,060 - INFO - Training description model on training set...
2026-01-28 18:33:20,151 - INFO - Saved PWC_SVM model at /tmp/tmpxs4dsh4j/desc/model.joblib
2026-01-28 18:33:20,164 - INFO - Tuning alpha on full training set (1709 instances)
2026-01-28 18:33:20,164 - INFO - Computing decision function statistics on training data...
2026-01-28 18:33:21,779 - INFO - Computed statistics for 3 pairwise classifiers
2026-01-28 18:33:21,779 - INFO - Computing decision function statistics on training data...
2026-01-28 18:33:23,518 - INFO - Computed statistics for 3 pairwise classifiers
2026-01-28 18:34:38,259 - INFO -   Alpha tuning results:
2026-01-28 18:34:38,259 - INFO -     α=0.00: gap_cls_par2=0.0460
2026-01-28 18:34:38,259 - INFO -     α=0.05: gap_cls_par2=0.0460
2026-01-28 18:34:38,259 - INFO -     α=0.10: gap_cls_par2=0.0460
2026-01-28 18:34:38,259 - INFO -     α=0.15: gap_cls_par2=0.0460
2026-01-28 18:34:38,259 - INFO -     α=0.20: gap_cls_par2=0.0460
2026-01-28 18:34:38,259 - INFO -     α=0.25: gap_cls_par2=0.0460
2026-01-28 18:34:38,259 - INFO -     α=0.30: gap_cls_par2=0.0460
2026-01-28 18:34:38,259 - INFO -     α=0.35: gap_cls_par2=0.0460
2026-01-28 18:34:38,259 - INFO -     α=0.40: gap_cls_par2=0.0460
2026-01-28 18:34:38,259 - INFO -     α=0.45: gap_cls_par2=0.0460
2026-01-28 18:34:38,259 - INFO -     α=0.50: gap_cls_par2=0.0460
2026-01-28 18:34:38,259 - INFO -     α=0.55: gap_cls_par2=0.0460
2026-01-28 18:34:38,259 - INFO -     α=0.60: gap_cls_par2=0.0460
2026-01-28 18:34:38,259 - INFO -     α=0.65: gap_cls_par2=0.0460
2026-01-28 18:34:38,259 - INFO -     α=0.70: gap_cls_par2=0.0460
2026-01-28 18:34:38,259 - INFO -     α=0.75: gap_cls_par2=0.0460
2026-01-28 18:34:38,259 - INFO -     α=0.80: gap_cls_par2=0.0460
2026-01-28 18:34:38,259 - INFO -     α=0.85: gap_cls_par2=0.0835
2026-01-28 18:34:38,259 - INFO -     α=0.90: gap_cls_par2=0.1390
2026-01-28 18:34:38,259 - INFO -     α=0.95: gap_cls_par2=0.3470
2026-01-28 18:34:38,259 - INFO -     α=1.00: gap_cls_par2=0.9833 ← best
2026-01-28 18:34:38,259 - INFO -   Selected α=1.00 (gap_cls_par2=0.9833)
2026-01-28 18:34:38,259 - INFO - Creating fusion model with α=1.00...
2026-01-28 18:34:38,260 - INFO - Computing decision function statistics on training data...
2026-01-28 18:34:39,873 - INFO - Computed statistics for 3 pairwise classifiers
2026-01-28 18:34:39,873 - INFO - Computing decision function statistics on training data...
2026-01-28 18:34:41,612 - INFO - Computed statistics for 3 pairwise classifiers
2026-01-28 18:34:41,614 - INFO - Evaluating fusion model on train set...
2026-01-28 18:34:47,828 - INFO - Evaluating fusion model on test set...
2026-01-28 18:34:49,903 - INFO - 
Fold 1 Results (α=1.00):
2026-01-28 18:34:49,903 - INFO -   Train Set:
2026-01-28 18:34:49,903 - INFO -     Solved: 984/1709
2026-01-28 18:34:49,903 - INFO -     Solve rate: 57.58%
2026-01-28 18:34:49,903 - INFO -     Average PAR-2: 1028.83
2026-01-28 18:34:49,903 - INFO -     Gap closed (PAR-2): 0.9833
2026-01-28 18:34:49,903 - INFO -   Test Set:
2026-01-28 18:34:49,903 - INFO -     Solved: 319/570
2026-01-28 18:34:49,903 - INFO -     Solve rate: 55.96%
2026-01-28 18:34:49,903 - INFO -     Average PAR-2: 1069.46
2026-01-28 18:34:49,903 - INFO -     Gap closed (PAR-2): 0.3396
2026-01-28 18:34:49,904 - INFO - 
============================================================
2026-01-28 18:34:49,904 - INFO - Outer Fold 2/4 (1.csv)
2026-01-28 18:34:49,904 - INFO - ============================================================
2026-01-28 18:34:49,904 - INFO - Loading test instances from 1.csv...
2026-01-28 18:34:49,906 - INFO - Test instances: 570
2026-01-28 18:34:49,907 - INFO - Train instances: 1709
2026-01-28 18:34:49,937 - INFO - Training syntactic model on training set...
2026-01-28 18:34:49,996 - INFO - Saved PWC_SVM model at /tmp/tmpko_lhs5t/synt/model.joblib
2026-01-28 18:34:49,998 - INFO - Training description model on training set...
2026-01-28 18:34:50,082 - INFO - Saved PWC_SVM model at /tmp/tmpko_lhs5t/desc/model.joblib
2026-01-28 18:34:50,095 - INFO - Tuning alpha on full training set (1709 instances)
2026-01-28 18:34:50,095 - INFO - Computing decision function statistics on training data...
2026-01-28 18:34:51,717 - INFO - Computed statistics for 3 pairwise classifiers
2026-01-28 18:34:51,717 - INFO - Computing decision function statistics on training data...
2026-01-28 18:34:53,494 - INFO - Computed statistics for 3 pairwise classifiers
2026-01-28 18:36:09,399 - INFO -   Alpha tuning results:
2026-01-28 18:36:09,399 - INFO -     α=0.00: gap_cls_par2=0.0443
2026-01-28 18:36:09,399 - INFO -     α=0.05: gap_cls_par2=0.0443
2026-01-28 18:36:09,399 - INFO -     α=0.10: gap_cls_par2=0.0443
2026-01-28 18:36:09,399 - INFO -     α=0.15: gap_cls_par2=0.0443
2026-01-28 18:36:09,399 - INFO -     α=0.20: gap_cls_par2=0.0443
2026-01-28 18:36:09,399 - INFO -     α=0.25: gap_cls_par2=0.0443
2026-01-28 18:36:09,399 - INFO -     α=0.30: gap_cls_par2=0.0443
2026-01-28 18:36:09,399 - INFO -     α=0.35: gap_cls_par2=0.0443
2026-01-28 18:36:09,399 - INFO -     α=0.40: gap_cls_par2=0.0443
2026-01-28 18:36:09,399 - INFO -     α=0.45: gap_cls_par2=0.0443
2026-01-28 18:36:09,399 - INFO -     α=0.50: gap_cls_par2=-0.0119
2026-01-28 18:36:09,399 - INFO -     α=0.55: gap_cls_par2=-0.0119
2026-01-28 18:36:09,399 - INFO -     α=0.60: gap_cls_par2=-0.0119
2026-01-28 18:36:09,399 - INFO -     α=0.65: gap_cls_par2=-0.0123
2026-01-28 18:36:09,399 - INFO -     α=0.70: gap_cls_par2=-0.0123
2026-01-28 18:36:09,399 - INFO -     α=0.75: gap_cls_par2=-0.0116
2026-01-28 18:36:09,399 - INFO -     α=0.80: gap_cls_par2=-0.0141
2026-01-28 18:36:09,399 - INFO -     α=0.85: gap_cls_par2=-0.0141
2026-01-28 18:36:09,399 - INFO -     α=0.90: gap_cls_par2=0.2151
2026-01-28 18:36:09,399 - INFO -     α=0.95: gap_cls_par2=0.9372
2026-01-28 18:36:09,399 - INFO -     α=1.00: gap_cls_par2=0.9938 ← best
2026-01-28 18:36:09,400 - INFO -   Selected α=1.00 (gap_cls_par2=0.9938)
2026-01-28 18:36:09,400 - INFO - Creating fusion model with α=1.00...
2026-01-28 18:36:09,400 - INFO - Computing decision function statistics on training data...
2026-01-28 18:36:11,034 - INFO - Computed statistics for 3 pairwise classifiers
2026-01-28 18:36:11,034 - INFO - Computing decision function statistics on training data...
2026-01-28 18:36:12,817 - INFO - Computed statistics for 3 pairwise classifiers
2026-01-28 18:36:12,817 - INFO - Evaluating fusion model on train set...
2026-01-28 18:36:18,877 - INFO - Evaluating fusion model on test set...
2026-01-28 18:36:20,911 - INFO - 
Fold 2 Results (α=1.00):
2026-01-28 18:36:20,911 - INFO -   Train Set:
2026-01-28 18:36:20,911 - INFO -     Solved: 971/1709
2026-01-28 18:36:20,911 - INFO -     Solve rate: 56.82%
2026-01-28 18:36:20,911 - INFO -     Average PAR-2: 1046.46
2026-01-28 18:36:20,911 - INFO -     Gap closed (PAR-2): 0.9938
2026-01-28 18:36:20,911 - INFO -   Test Set:
2026-01-28 18:36:20,911 - INFO -     Solved: 327/570
2026-01-28 18:36:20,911 - INFO -     Solve rate: 57.37%
2026-01-28 18:36:20,911 - INFO -     Average PAR-2: 1037.00
2026-01-28 18:36:20,911 - INFO -     Gap closed (PAR-2): -0.5227
2026-01-28 18:36:20,912 - INFO - 
============================================================
2026-01-28 18:36:20,912 - INFO - Outer Fold 3/4 (2.csv)
2026-01-28 18:36:20,912 - INFO - ============================================================
2026-01-28 18:36:20,912 - INFO - Loading test instances from 2.csv...
2026-01-28 18:36:20,914 - INFO - Test instances: 570
2026-01-28 18:36:20,914 - INFO - Train instances: 1709
2026-01-28 18:36:20,940 - INFO - Training syntactic model on training set...
2026-01-28 18:36:21,005 - INFO - Saved PWC_SVM model at /tmp/tmplx4wxdt0/synt/model.joblib
2026-01-28 18:36:21,006 - INFO - Training description model on training set...
2026-01-28 18:36:21,091 - INFO - Saved PWC_SVM model at /tmp/tmplx4wxdt0/desc/model.joblib
2026-01-28 18:36:21,103 - INFO - Tuning alpha on full training set (1709 instances)
2026-01-28 18:36:21,103 - INFO - Computing decision function statistics on training data...
2026-01-28 18:36:22,726 - INFO - Computed statistics for 3 pairwise classifiers
2026-01-28 18:36:22,726 - INFO - Computing decision function statistics on training data...
2026-01-28 18:36:24,446 - INFO - Computed statistics for 3 pairwise classifiers
2026-01-28 18:37:39,099 - INFO -   Alpha tuning results:
2026-01-28 18:37:39,100 - INFO -     α=0.00: gap_cls_par2=0.0051
2026-01-28 18:37:39,100 - INFO -     α=0.05: gap_cls_par2=0.0051
2026-01-28 18:37:39,100 - INFO -     α=0.10: gap_cls_par2=0.0051
2026-01-28 18:37:39,100 - INFO -     α=0.15: gap_cls_par2=0.0051
2026-01-28 18:37:39,100 - INFO -     α=0.20: gap_cls_par2=0.0051
2026-01-28 18:37:39,100 - INFO -     α=0.25: gap_cls_par2=0.0051
2026-01-28 18:37:39,100 - INFO -     α=0.30: gap_cls_par2=0.0051
2026-01-28 18:37:39,100 - INFO -     α=0.35: gap_cls_par2=0.0051
2026-01-28 18:37:39,100 - INFO -     α=0.40: gap_cls_par2=0.0051
2026-01-28 18:37:39,100 - INFO -     α=0.45: gap_cls_par2=0.0051
2026-01-28 18:37:39,100 - INFO -     α=0.50: gap_cls_par2=0.0051
2026-01-28 18:37:39,100 - INFO -     α=0.55: gap_cls_par2=0.0051
2026-01-28 18:37:39,100 - INFO -     α=0.60: gap_cls_par2=0.0051
2026-01-28 18:37:39,100 - INFO -     α=0.65: gap_cls_par2=0.0051
2026-01-28 18:37:39,101 - INFO -     α=0.70: gap_cls_par2=0.0051
2026-01-28 18:37:39,101 - INFO -     α=0.75: gap_cls_par2=0.0051
2026-01-28 18:37:39,101 - INFO -     α=0.80: gap_cls_par2=0.0051
2026-01-28 18:37:39,101 - INFO -     α=0.85: gap_cls_par2=0.0419
2026-01-28 18:37:39,101 - INFO -     α=0.90: gap_cls_par2=0.1960
2026-01-28 18:37:39,101 - INFO -     α=0.95: gap_cls_par2=0.7667
2026-01-28 18:37:39,101 - INFO -     α=1.00: gap_cls_par2=0.9912 ← best
2026-01-28 18:37:39,101 - INFO -   Selected α=1.00 (gap_cls_par2=0.9912)
2026-01-28 18:37:39,101 - INFO - Creating fusion model with α=1.00...
2026-01-28 18:37:39,101 - INFO - Computing decision function statistics on training data...
2026-01-28 18:37:40,725 - INFO - Computed statistics for 3 pairwise classifiers
2026-01-28 18:37:40,725 - INFO - Computing decision function statistics on training data...
2026-01-28 18:37:42,453 - INFO - Computed statistics for 3 pairwise classifiers
2026-01-28 18:37:42,454 - INFO - Evaluating fusion model on train set...
2026-01-28 18:37:48,814 - INFO - Evaluating fusion model on test set...
2026-01-28 18:37:50,868 - INFO - 
Fold 3 Results (α=1.00):
2026-01-28 18:37:50,868 - INFO -   Train Set:
2026-01-28 18:37:50,868 - INFO -     Solved: 975/1709
2026-01-28 18:37:50,868 - INFO -     Solve rate: 57.05%
2026-01-28 18:37:50,868 - INFO -     Average PAR-2: 1041.89
2026-01-28 18:37:50,868 - INFO -     Gap closed (PAR-2): 0.9912
2026-01-28 18:37:50,868 - INFO -   Test Set:
2026-01-28 18:37:50,868 - INFO -     Solved: 328/570
2026-01-28 18:37:50,868 - INFO -     Solve rate: 57.54%
2026-01-28 18:37:50,868 - INFO -     Average PAR-2: 1029.54
2026-01-28 18:37:50,868 - INFO -     Gap closed (PAR-2): 0.3141
2026-01-28 18:37:50,869 - INFO - 
============================================================
2026-01-28 18:37:50,869 - INFO - Outer Fold 4/4 (3.csv)
2026-01-28 18:37:50,869 - INFO - ============================================================
2026-01-28 18:37:50,869 - INFO - Loading test instances from 3.csv...
2026-01-28 18:37:50,871 - INFO - Test instances: 569
2026-01-28 18:37:50,871 - INFO - Train instances: 1710
2026-01-28 18:37:50,893 - INFO - Training syntactic model on training set...
2026-01-28 18:37:50,957 - INFO - Saved PWC_SVM model at /tmp/tmpc9jm79r8/synt/model.joblib
2026-01-28 18:37:50,958 - INFO - Training description model on training set...
2026-01-28 18:37:51,051 - INFO - Saved PWC_SVM model at /tmp/tmpc9jm79r8/desc/model.joblib
2026-01-28 18:37:51,065 - INFO - Tuning alpha on full training set (1710 instances)
2026-01-28 18:37:51,065 - INFO - Computing decision function statistics on training data...
2026-01-28 18:37:52,689 - INFO - Computed statistics for 3 pairwise classifiers
2026-01-28 18:37:52,689 - INFO - Computing decision function statistics on training data...
2026-01-28 18:37:54,432 - INFO - Computed statistics for 3 pairwise classifiers
2026-01-28 18:39:09,756 - INFO -   Alpha tuning results:
2026-01-28 18:39:09,756 - INFO -     α=0.00: gap_cls_par2=0.0430
2026-01-28 18:39:09,756 - INFO -     α=0.05: gap_cls_par2=0.0430
2026-01-28 18:39:09,756 - INFO -     α=0.10: gap_cls_par2=0.0430
2026-01-28 18:39:09,756 - INFO -     α=0.15: gap_cls_par2=0.0430
2026-01-28 18:39:09,756 - INFO -     α=0.20: gap_cls_par2=0.0430
2026-01-28 18:39:09,756 - INFO -     α=0.25: gap_cls_par2=0.0430
2026-01-28 18:39:09,756 - INFO -     α=0.30: gap_cls_par2=0.0430
2026-01-28 18:39:09,756 - INFO -     α=0.35: gap_cls_par2=0.0430
2026-01-28 18:39:09,756 - INFO -     α=0.40: gap_cls_par2=0.0430
2026-01-28 18:39:09,756 - INFO -     α=0.45: gap_cls_par2=0.0430
2026-01-28 18:39:09,756 - INFO -     α=0.50: gap_cls_par2=0.0430
2026-01-28 18:39:09,756 - INFO -     α=0.55: gap_cls_par2=0.0430
2026-01-28 18:39:09,756 - INFO -     α=0.60: gap_cls_par2=0.0430
2026-01-28 18:39:09,756 - INFO -     α=0.65: gap_cls_par2=0.0430
2026-01-28 18:39:09,756 - INFO -     α=0.70: gap_cls_par2=0.0430
2026-01-28 18:39:09,756 - INFO -     α=0.75: gap_cls_par2=0.0430
2026-01-28 18:39:09,756 - INFO -     α=0.80: gap_cls_par2=0.0430
2026-01-28 18:39:09,756 - INFO -     α=0.85: gap_cls_par2=0.0430
2026-01-28 18:39:09,756 - INFO -     α=0.90: gap_cls_par2=0.1556
2026-01-28 18:39:09,757 - INFO -     α=0.95: gap_cls_par2=0.3865
2026-01-28 18:39:09,757 - INFO -     α=1.00: gap_cls_par2=0.9833 ← best
2026-01-28 18:39:09,757 - INFO -   Selected α=1.00 (gap_cls_par2=0.9833)
2026-01-28 18:39:09,757 - INFO - Creating fusion model with α=1.00...
2026-01-28 18:39:09,757 - INFO - Computing decision function statistics on training data...
2026-01-28 18:39:11,389 - INFO - Computed statistics for 3 pairwise classifiers
2026-01-28 18:39:11,389 - INFO - Computing decision function statistics on training data...
2026-01-28 18:39:13,136 - INFO - Computed statistics for 3 pairwise classifiers
2026-01-28 18:39:13,137 - INFO - Evaluating fusion model on train set...
2026-01-28 18:39:19,238 - INFO - Evaluating fusion model on test set...
2026-01-28 18:39:21,270 - INFO - 
Fold 4 Results (α=1.00):
2026-01-28 18:39:21,270 - INFO -   Train Set:
2026-01-28 18:39:21,270 - INFO -     Solved: 991/1710
2026-01-28 18:39:21,270 - INFO -     Solve rate: 57.95%
2026-01-28 18:39:21,270 - INFO -     Average PAR-2: 1021.18
2026-01-28 18:39:21,270 - INFO -     Gap closed (PAR-2): 0.9833
2026-01-28 18:39:21,270 - INFO -   Test Set:
2026-01-28 18:39:21,270 - INFO -     Solved: 313/569
2026-01-28 18:39:21,270 - INFO -     Solve rate: 55.01%
2026-01-28 18:39:21,270 - INFO -     Average PAR-2: 1091.81
2026-01-28 18:39:21,270 - INFO -     Gap closed (PAR-2): 0.2655
2026-01-28 18:39:21,276 - INFO - Saved summary to results/20260128_55779956/fusion/UFLIA/summary.json
2026-01-28 18:39:21,276 - INFO - 
============================================================
2026-01-28 18:39:21,276 - INFO - Cross-Validation Results Summary (Decision-Level Fusion)
2026-01-28 18:39:21,276 - INFO - ============================================================
2026-01-28 18:39:21,276 - INFO - Model type: Fusion_SVM_fixed_alpha
2026-01-28 18:39:21,276 - INFO - Number of folds: 4
2026-01-28 18:39:21,276 - INFO - Total instances: 2279
2026-01-28 18:39:21,277 - INFO - 
2026-01-28 18:39:21,277 - INFO - Alpha values per fold: ['1.00', '1.00', '1.00', '1.00']
2026-01-28 18:39:21,277 - INFO - Alpha mean ± std: 1.00 ± 0.00
2026-01-28 18:39:21,277 - INFO - 
2026-01-28 18:39:21,277 - INFO - Test Set Performance:
2026-01-28 18:39:21,277 - INFO -   Algorithm Selection (Fusion):
2026-01-28 18:39:21,277 - INFO -     Solve rate: 56.47% ± 1.04%
2026-01-28 18:39:21,277 - INFO -     Average PAR-2: 1056.95 ± 25.11
2026-01-28 18:39:21,277 - INFO -     Gap closed (solved): 0.1952 ± 0.2790
2026-01-28 18:39:21,277 - INFO -     Gap closed (PAR-2): 0.0991 ± 0.3600
2026-01-28 18:39:21,277 - INFO -   SBS (Single Best Solver):
2026-01-28 18:39:21,277 - INFO -     Solve rate: 56.30% ± 1.22%
2026-01-28 18:39:21,277 - INFO -     Average PAR-2: 1059.40 ± 30.00
2026-01-28 18:39:21,277 - INFO -   VBS (Virtual Best Solver):
2026-01-28 18:39:21,277 - INFO -     Solve rate: 57.35% ± 1.33%
2026-01-28 18:39:21,277 - INFO -     Average PAR-2: 1034.30 ± 30.64
2026-01-28 18:39:21,277 - INFO - ============================================================
