Job started at: Wed Jan 28 06:32:33 PM EST 2026
Job Array ID: 55779956
Task ID: 7
Running on node: nc31122
Logic: UFLIA

Python version: Python 3.11.4

========================================================================
Fixed-Alpha Fusion Cross-Validation for: UFLIA
========================================================================

Configuration:
  - Folds dir: data/perf_data/folds/UFLIA
  - Syntactic features: data/features/syntactic/catalog0/UFLIA.CSV
  - Description features: data/features/native_desc/all_mpnet_base_v2/UFLIA.csv
  - Results directory: results/20260128_55779956/fusion/UFLIA
========================================================================


========================================================================
Completed successfully for UFLIA!
Results: results/20260128_55779956/fusion/UFLIA/summary.json
========================================================================
Job finished at: Wed Jan 28 06:39:21 PM EST 2026
