Job started at: Wed Jan 28 06:32:33 PM EST 2026
Job Array ID: 55779956
Task ID: 4
Running on node: nc31102
Logic: QF_LIA

Python version: Python 3.11.4

========================================================================
Fixed-Alpha Fusion Cross-Validation for: QF_LIA
========================================================================

Configuration:
  - Folds dir: data/perf_data/folds/QF_LIA
  - Syntactic features: data/features/syntactic/catalog0/QF_LIA.CSV
  - Description features: data/features/native_desc/all_mpnet_base_v2/QF_LIA.csv
  - Results directory: results/20260128_55779956/fusion/QF_LIA
========================================================================


========================================================================
Completed successfully for QF_LIA!
Results: results/20260128_55779956/fusion/QF_LIA/summary.json
========================================================================
Job finished at: Wed Jan 28 07:31:24 PM EST 2026
