Job started at: Wed Jan 28 06:32:33 PM EST 2026
Job Array ID: 55779956
Task ID: 2
Running on node: nc30513
Logic: BV

Python version: Python 3.11.4

========================================================================
Fixed-Alpha Fusion Cross-Validation for: BV
========================================================================

Configuration:
  - Folds dir: data/perf_data/folds/BV
  - Syntactic features: data/features/syntactic/catalog0/BV.CSV
  - Description features: data/features/native_desc/all_mpnet_base_v2/BV.csv
  - Results directory: results/20260128_55779956/fusion/BV
========================================================================


========================================================================
Completed successfully for BV!
Results: results/20260128_55779956/fusion/BV/summary.json
========================================================================
Job finished at: Wed Jan 28 06:38:37 PM EST 2026
