2026-01-28 18:33:14,864 - INFO - Loading all instances from fold files in data/perf_data/folds/QF_LIA...
2026-01-28 18:33:14,999 - INFO - Using syntactic features: data/features/syntactic/catalog0/QF_LIA.CSV
2026-01-28 18:33:14,999 - INFO - Using description features: data/features/native_desc/all_mpnet_base_v2/QF_LIA.csv
2026-01-28 18:33:14,999 - INFO - Validating feature coverage for syntactic features...
2026-01-28 18:33:15,118 - INFO - Validating feature coverage for description features...
2026-01-28 18:33:17,370 - INFO - Feature coverage validated: all 3860 instances have features
2026-01-28 18:33:17,371 - INFO - Starting 4-fold cross-validation with fixed-alpha fusion on 3860 instances
2026-01-28 18:33:17,371 - INFO - Alpha candidates: [0.0, 0.05, 0.1, 0.15, 0.2, 0.25, 0.3, 0.35, 0.4, 0.45, 0.5, 0.55, 0.6, 0.65, 0.7, 0.75, 0.8, 0.85, 0.9, 0.95, 1.0]
2026-01-28 18:33:17,371 - INFO - 
============================================================
2026-01-28 18:33:17,371 - INFO - Outer Fold 1/4 (0.csv)
2026-01-28 18:33:17,371 - INFO - ============================================================
2026-01-28 18:33:17,371 - INFO - Loading test instances from 0.csv...
2026-01-28 18:33:17,377 - INFO - Test instances: 965
2026-01-28 18:33:17,377 - INFO - Train instances: 2895
2026-01-28 18:33:17,482 - INFO - Training syntactic model on training set...
2026-01-28 18:33:20,906 - INFO - Saved PWC_SVM model at /tmp/tmpkyjh_b7a/synt/model.joblib
2026-01-28 18:33:20,920 - INFO - Training description model on training set...
2026-01-28 18:33:26,352 - INFO - Saved PWC_SVM model at /tmp/tmpkyjh_b7a/desc/model.joblib
2026-01-28 18:33:26,622 - INFO - Tuning alpha on full training set (2895 instances)
2026-01-28 18:33:26,622 - INFO - Computing decision function statistics on training data...
2026-01-28 18:33:39,051 - INFO - Computed statistics for 10 pairwise classifiers
2026-01-28 18:33:39,051 - INFO - Computing decision function statistics on training data...
2026-01-28 18:33:57,118 - INFO - Computed statistics for 10 pairwise classifiers
2026-01-28 18:46:29,943 - INFO -   Alpha tuning results:
2026-01-28 18:46:29,956 - INFO -     α=0.00: gap_cls_par2=0.8913
2026-01-28 18:46:29,956 - INFO -     α=0.05: gap_cls_par2=0.8913
2026-01-28 18:46:29,956 - INFO -     α=0.10: gap_cls_par2=0.8913
2026-01-28 18:46:29,956 - INFO -     α=0.15: gap_cls_par2=0.8913
2026-01-28 18:46:29,956 - INFO -     α=0.20: gap_cls_par2=0.8913
2026-01-28 18:46:29,956 - INFO -     α=0.25: gap_cls_par2=0.8913
2026-01-28 18:46:29,956 - INFO -     α=0.30: gap_cls_par2=0.8912
2026-01-28 18:46:29,956 - INFO -     α=0.35: gap_cls_par2=0.8911
2026-01-28 18:46:29,956 - INFO -     α=0.40: gap_cls_par2=0.8961
2026-01-28 18:46:29,956 - INFO -     α=0.45: gap_cls_par2=0.8958
2026-01-28 18:46:29,956 - INFO -     α=0.50: gap_cls_par2=0.8998
2026-01-28 18:46:29,956 - INFO -     α=0.55: gap_cls_par2=0.8999
2026-01-28 18:46:29,956 - INFO -     α=0.60: gap_cls_par2=0.8994
2026-01-28 18:46:29,956 - INFO -     α=0.65: gap_cls_par2=0.9029
2026-01-28 18:46:29,956 - INFO -     α=0.70: gap_cls_par2=0.9163
2026-01-28 18:46:29,956 - INFO -     α=0.75: gap_cls_par2=0.9263
2026-01-28 18:46:29,956 - INFO -     α=0.80: gap_cls_par2=0.9252
2026-01-28 18:46:29,956 - INFO -     α=0.85: gap_cls_par2=0.9304
2026-01-28 18:46:29,956 - INFO -     α=0.90: gap_cls_par2=0.9320 ← best
2026-01-28 18:46:29,956 - INFO -     α=0.95: gap_cls_par2=0.9217
2026-01-28 18:46:29,956 - INFO -     α=1.00: gap_cls_par2=0.9189
2026-01-28 18:46:29,956 - INFO -   Selected α=0.90 (gap_cls_par2=0.9320)
2026-01-28 18:46:29,956 - INFO - Creating fusion model with α=0.90...
2026-01-28 18:46:29,956 - INFO - Computing decision function statistics on training data...
2026-01-28 18:46:42,409 - INFO - Computed statistics for 10 pairwise classifiers
2026-01-28 18:46:42,409 - INFO - Computing decision function statistics on training data...
2026-01-28 18:47:00,516 - INFO - Computed statistics for 10 pairwise classifiers
2026-01-28 18:47:00,518 - INFO - Evaluating fusion model on train set...
2026-01-28 18:47:41,641 - INFO - Evaluating fusion model on test set...
2026-01-28 18:47:55,535 - INFO - 
Fold 1 Results (α=0.90):
2026-01-28 18:47:55,535 - INFO -   Train Set:
2026-01-28 18:47:55,535 - INFO -     Solved: 2832/2895
2026-01-28 18:47:55,535 - INFO -     Solve rate: 97.82%
2026-01-28 18:47:55,535 - INFO -     Average PAR-2: 67.65
2026-01-28 18:47:55,535 - INFO -     Gap closed (PAR-2): 0.9320
2026-01-28 18:47:55,535 - INFO -   Test Set:
2026-01-28 18:47:55,535 - INFO -     Solved: 939/965
2026-01-28 18:47:55,535 - INFO -     Solve rate: 97.31%
2026-01-28 18:47:55,535 - INFO -     Average PAR-2: 80.01
2026-01-28 18:47:55,535 - INFO -     Gap closed (PAR-2): 0.8490
2026-01-28 18:47:55,542 - INFO - 
============================================================
2026-01-28 18:47:55,542 - INFO - Outer Fold 2/4 (1.csv)
2026-01-28 18:47:55,542 - INFO - ============================================================
2026-01-28 18:47:55,542 - INFO - Loading test instances from 1.csv...
2026-01-28 18:47:55,548 - INFO - Test instances: 965
2026-01-28 18:47:55,548 - INFO - Train instances: 2895
2026-01-28 18:47:55,642 - INFO - Training syntactic model on training set...
2026-01-28 18:47:59,072 - INFO - Saved PWC_SVM model at /tmp/tmp__91vwhj/synt/model.joblib
2026-01-28 18:47:59,085 - INFO - Training description model on training set...
2026-01-28 18:48:04,287 - INFO - Saved PWC_SVM model at /tmp/tmp__91vwhj/desc/model.joblib
2026-01-28 18:48:04,554 - INFO - Tuning alpha on full training set (2895 instances)
2026-01-28 18:48:04,554 - INFO - Computing decision function statistics on training data...
2026-01-28 18:48:17,056 - INFO - Computed statistics for 10 pairwise classifiers
2026-01-28 18:48:17,056 - INFO - Computing decision function statistics on training data...
2026-01-28 18:48:34,905 - INFO - Computed statistics for 10 pairwise classifiers
2026-01-28 19:01:02,622 - INFO -   Alpha tuning results:
2026-01-28 19:01:02,622 - INFO -     α=0.00: gap_cls_par2=0.8779
2026-01-28 19:01:02,622 - INFO -     α=0.05: gap_cls_par2=0.8779
2026-01-28 19:01:02,622 - INFO -     α=0.10: gap_cls_par2=0.8779
2026-01-28 19:01:02,622 - INFO -     α=0.15: gap_cls_par2=0.8779
2026-01-28 19:01:02,622 - INFO -     α=0.20: gap_cls_par2=0.8779
2026-01-28 19:01:02,622 - INFO -     α=0.25: gap_cls_par2=0.8779
2026-01-28 19:01:02,622 - INFO -     α=0.30: gap_cls_par2=0.8818
2026-01-28 19:01:02,622 - INFO -     α=0.35: gap_cls_par2=0.8818
2026-01-28 19:01:02,622 - INFO -     α=0.40: gap_cls_par2=0.8815
2026-01-28 19:01:02,622 - INFO -     α=0.45: gap_cls_par2=0.8979
2026-01-28 19:01:02,622 - INFO -     α=0.50: gap_cls_par2=0.8978
2026-01-28 19:01:02,622 - INFO -     α=0.55: gap_cls_par2=0.8981
2026-01-28 19:01:02,622 - INFO -     α=0.60: gap_cls_par2=0.8973
2026-01-28 19:01:02,622 - INFO -     α=0.65: gap_cls_par2=0.8971
2026-01-28 19:01:02,622 - INFO -     α=0.70: gap_cls_par2=0.8962
2026-01-28 19:01:02,622 - INFO -     α=0.75: gap_cls_par2=0.9063
2026-01-28 19:01:02,622 - INFO -     α=0.80: gap_cls_par2=0.9157
2026-01-28 19:01:02,622 - INFO -     α=0.85: gap_cls_par2=0.9141
2026-01-28 19:01:02,622 - INFO -     α=0.90: gap_cls_par2=0.9282
2026-01-28 19:01:02,622 - INFO -     α=0.95: gap_cls_par2=0.9437
2026-01-28 19:01:02,622 - INFO -     α=1.00: gap_cls_par2=0.9477 ← best
2026-01-28 19:01:02,622 - INFO -   Selected α=1.00 (gap_cls_par2=0.9477)
2026-01-28 19:01:02,623 - INFO - Creating fusion model with α=1.00...
2026-01-28 19:01:02,623 - INFO - Computing decision function statistics on training data...
2026-01-28 19:01:15,180 - INFO - Computed statistics for 10 pairwise classifiers
2026-01-28 19:01:15,180 - INFO - Computing decision function statistics on training data...
2026-01-28 19:01:33,111 - INFO - Computed statistics for 10 pairwise classifiers
2026-01-28 19:01:33,112 - INFO - Evaluating fusion model on train set...
2026-01-28 19:02:20,377 - INFO - Evaluating fusion model on test set...
2026-01-28 19:02:34,976 - INFO - 
Fold 2 Results (α=1.00):
2026-01-28 19:02:34,976 - INFO -   Train Set:
2026-01-28 19:02:34,976 - INFO -     Solved: 2826/2895
2026-01-28 19:02:34,976 - INFO -     Solve rate: 97.62%
2026-01-28 19:02:34,976 - INFO -     Average PAR-2: 71.11
2026-01-28 19:02:34,976 - INFO -     Gap closed (PAR-2): 0.9477
2026-01-28 19:02:34,976 - INFO -   Test Set:
2026-01-28 19:02:34,976 - INFO -     Solved: 950/965
2026-01-28 19:02:34,976 - INFO -     Solve rate: 98.45%
2026-01-28 19:02:34,976 - INFO -     Average PAR-2: 44.96
2026-01-28 19:02:34,976 - INFO -     Gap closed (PAR-2): 0.9536
2026-01-28 19:02:34,983 - INFO - 
============================================================
2026-01-28 19:02:34,983 - INFO - Outer Fold 3/4 (2.csv)
2026-01-28 19:02:34,983 - INFO - ============================================================
2026-01-28 19:02:34,984 - INFO - Loading test instances from 2.csv...
2026-01-28 19:02:34,990 - INFO - Test instances: 965
2026-01-28 19:02:34,990 - INFO - Train instances: 2895
2026-01-28 19:02:35,068 - INFO - Training syntactic model on training set...
2026-01-28 19:02:38,532 - INFO - Saved PWC_SVM model at /tmp/tmp5k6uqyt5/synt/model.joblib
2026-01-28 19:02:38,545 - INFO - Training description model on training set...
2026-01-28 19:02:43,766 - INFO - Saved PWC_SVM model at /tmp/tmp5k6uqyt5/desc/model.joblib
2026-01-28 19:02:44,019 - INFO - Tuning alpha on full training set (2895 instances)
2026-01-28 19:02:44,019 - INFO - Computing decision function statistics on training data...
2026-01-28 19:02:56,568 - INFO - Computed statistics for 10 pairwise classifiers
2026-01-28 19:02:56,568 - INFO - Computing decision function statistics on training data...
2026-01-28 19:03:13,517 - INFO - Computed statistics for 10 pairwise classifiers
2026-01-28 19:15:21,306 - INFO -   Alpha tuning results:
2026-01-28 19:15:21,306 - INFO -     α=0.00: gap_cls_par2=0.8786
2026-01-28 19:15:21,307 - INFO -     α=0.05: gap_cls_par2=0.8785
2026-01-28 19:15:21,307 - INFO -     α=0.10: gap_cls_par2=0.8785
2026-01-28 19:15:21,307 - INFO -     α=0.15: gap_cls_par2=0.8785
2026-01-28 19:15:21,307 - INFO -     α=0.20: gap_cls_par2=0.8785
2026-01-28 19:15:21,307 - INFO -     α=0.25: gap_cls_par2=0.8783
2026-01-28 19:15:21,307 - INFO -     α=0.30: gap_cls_par2=0.8865
2026-01-28 19:15:21,307 - INFO -     α=0.35: gap_cls_par2=0.8862
2026-01-28 19:15:21,307 - INFO -     α=0.40: gap_cls_par2=0.8864
2026-01-28 19:15:21,307 - INFO -     α=0.45: gap_cls_par2=0.8863
2026-01-28 19:15:21,307 - INFO -     α=0.50: gap_cls_par2=0.8865
2026-01-28 19:15:21,307 - INFO -     α=0.55: gap_cls_par2=0.8864
2026-01-28 19:15:21,307 - INFO -     α=0.60: gap_cls_par2=0.8921
2026-01-28 19:15:21,307 - INFO -     α=0.65: gap_cls_par2=0.8943
2026-01-28 19:15:21,307 - INFO -     α=0.70: gap_cls_par2=0.8995
2026-01-28 19:15:21,307 - INFO -     α=0.75: gap_cls_par2=0.9113
2026-01-28 19:15:21,307 - INFO -     α=0.80: gap_cls_par2=0.9325
2026-01-28 19:15:21,307 - INFO -     α=0.85: gap_cls_par2=0.9408
2026-01-28 19:15:21,307 - INFO -     α=0.90: gap_cls_par2=0.9190
2026-01-28 19:15:21,307 - INFO -     α=0.95: gap_cls_par2=0.9584 ← best
2026-01-28 19:15:21,307 - INFO -     α=1.00: gap_cls_par2=0.9569
2026-01-28 19:15:21,307 - INFO -   Selected α=0.95 (gap_cls_par2=0.9584)
2026-01-28 19:15:21,307 - INFO - Creating fusion model with α=0.95...
2026-01-28 19:15:21,307 - INFO - Computing decision function statistics on training data...
2026-01-28 19:15:33,863 - INFO - Computed statistics for 10 pairwise classifiers
2026-01-28 19:15:33,863 - INFO - Computing decision function statistics on training data...
2026-01-28 19:15:50,845 - INFO - Computed statistics for 10 pairwise classifiers
2026-01-28 19:15:50,846 - INFO - Evaluating fusion model on train set...
2026-01-28 19:16:31,675 - INFO - Evaluating fusion model on test set...
2026-01-28 19:16:45,260 - INFO - 
Fold 3 Results (α=0.95):
2026-01-28 19:16:45,260 - INFO -   Train Set:
2026-01-28 19:16:45,260 - INFO -     Solved: 2840/2895
2026-01-28 19:16:45,260 - INFO -     Solve rate: 98.10%
2026-01-28 19:16:45,260 - INFO -     Average PAR-2: 58.57
2026-01-28 19:16:45,260 - INFO -     Gap closed (PAR-2): 0.9584
2026-01-28 19:16:45,260 - INFO -   Test Set:
2026-01-28 19:16:45,260 - INFO -     Solved: 929/965
2026-01-28 19:16:45,260 - INFO -     Solve rate: 96.27%
2026-01-28 19:16:45,260 - INFO -     Average PAR-2: 101.44
2026-01-28 19:16:45,260 - INFO -     Gap closed (PAR-2): 0.8045
2026-01-28 19:16:45,267 - INFO - 
============================================================
2026-01-28 19:16:45,267 - INFO - Outer Fold 4/4 (3.csv)
2026-01-28 19:16:45,267 - INFO - ============================================================
2026-01-28 19:16:45,267 - INFO - Loading test instances from 3.csv...
2026-01-28 19:16:45,274 - INFO - Test instances: 965
2026-01-28 19:16:45,274 - INFO - Train instances: 2895
2026-01-28 19:16:45,338 - INFO - Training syntactic model on training set...
2026-01-28 19:16:48,796 - INFO - Saved PWC_SVM model at /tmp/tmp15o8zi1h/synt/model.joblib
2026-01-28 19:16:48,809 - INFO - Training description model on training set...
2026-01-28 19:16:54,056 - INFO - Saved PWC_SVM model at /tmp/tmp15o8zi1h/desc/model.joblib
2026-01-28 19:16:54,322 - INFO - Tuning alpha on full training set (2895 instances)
2026-01-28 19:16:54,322 - INFO - Computing decision function statistics on training data...
2026-01-28 19:17:06,852 - INFO - Computed statistics for 10 pairwise classifiers
2026-01-28 19:17:06,853 - INFO - Computing decision function statistics on training data...
2026-01-28 19:17:24,652 - INFO - Computed statistics for 10 pairwise classifiers
2026-01-28 19:29:56,065 - INFO -   Alpha tuning results:
2026-01-28 19:29:56,065 - INFO -     α=0.00: gap_cls_par2=0.8960
2026-01-28 19:29:56,065 - INFO -     α=0.05: gap_cls_par2=0.8960
2026-01-28 19:29:56,065 - INFO -     α=0.10: gap_cls_par2=0.8960
2026-01-28 19:29:56,065 - INFO -     α=0.15: gap_cls_par2=0.8960
2026-01-28 19:29:56,065 - INFO -     α=0.20: gap_cls_par2=0.8960
2026-01-28 19:29:56,066 - INFO -     α=0.25: gap_cls_par2=0.8960
2026-01-28 19:29:56,066 - INFO -     α=0.30: gap_cls_par2=0.9009
2026-01-28 19:29:56,066 - INFO -     α=0.35: gap_cls_par2=0.9007
2026-01-28 19:29:56,066 - INFO -     α=0.40: gap_cls_par2=0.9060
2026-01-28 19:29:56,066 - INFO -     α=0.45: gap_cls_par2=0.9112
2026-01-28 19:29:56,066 - INFO -     α=0.50: gap_cls_par2=0.9149
2026-01-28 19:29:56,066 - INFO -     α=0.55: gap_cls_par2=0.9149
2026-01-28 19:29:56,066 - INFO -     α=0.60: gap_cls_par2=0.9149
2026-01-28 19:29:56,066 - INFO -     α=0.65: gap_cls_par2=0.9147
2026-01-28 19:29:56,066 - INFO -     α=0.70: gap_cls_par2=0.9132
2026-01-28 19:29:56,066 - INFO -     α=0.75: gap_cls_par2=0.9126
2026-01-28 19:29:56,066 - INFO -     α=0.80: gap_cls_par2=0.9124
2026-01-28 19:29:56,066 - INFO -     α=0.85: gap_cls_par2=0.9299
2026-01-28 19:29:56,066 - INFO -     α=0.90: gap_cls_par2=0.9265
2026-01-28 19:29:56,066 - INFO -     α=0.95: gap_cls_par2=0.9471 ← best
2026-01-28 19:29:56,066 - INFO -     α=1.00: gap_cls_par2=0.9271
2026-01-28 19:29:56,066 - INFO -   Selected α=0.95 (gap_cls_par2=0.9471)
2026-01-28 19:29:56,066 - INFO - Creating fusion model with α=0.95...
2026-01-28 19:29:56,066 - INFO - Computing decision function statistics on training data...
2026-01-28 19:30:08,668 - INFO - Computed statistics for 10 pairwise classifiers
2026-01-28 19:30:08,668 - INFO - Computing decision function statistics on training data...
2026-01-28 19:30:26,524 - INFO - Computed statistics for 10 pairwise classifiers
2026-01-28 19:30:26,526 - INFO - Evaluating fusion model on train set...
2026-01-28 19:31:08,758 - INFO - Evaluating fusion model on test set...
2026-01-28 19:31:22,739 - INFO - 
Fold 4 Results (α=0.95):
2026-01-28 19:31:22,739 - INFO -   Train Set:
2026-01-28 19:31:22,739 - INFO -     Solved: 2834/2895
2026-01-28 19:31:22,739 - INFO -     Solve rate: 97.89%
2026-01-28 19:31:22,739 - INFO -     Average PAR-2: 62.63
2026-01-28 19:31:22,739 - INFO -     Gap closed (PAR-2): 0.9471
2026-01-28 19:31:22,739 - INFO -   Test Set:
2026-01-28 19:31:22,739 - INFO -     Solved: 942/965
2026-01-28 19:31:22,739 - INFO -     Solve rate: 97.62%
2026-01-28 19:31:22,739 - INFO -     Average PAR-2: 73.66
2026-01-28 19:31:22,739 - INFO -     Gap closed (PAR-2): 0.9345
2026-01-28 19:31:22,750 - INFO - Saved summary to results/20260128_55779956/fusion/QF_LIA/summary.json
2026-01-28 19:31:22,753 - INFO - 
============================================================
2026-01-28 19:31:22,753 - INFO - Cross-Validation Results Summary (Decision-Level Fusion)
2026-01-28 19:31:22,753 - INFO - ============================================================
2026-01-28 19:31:22,753 - INFO - Model type: Fusion_SVM_fixed_alpha
2026-01-28 19:31:22,753 - INFO - Number of folds: 4
2026-01-28 19:31:22,753 - INFO - Total instances: 3860
2026-01-28 19:31:22,753 - INFO - 
2026-01-28 19:31:22,753 - INFO - Alpha values per fold: ['0.90', '1.00', '0.95', '0.95']
2026-01-28 19:31:22,753 - INFO - Alpha mean ± std: 0.95 ± 0.04
2026-01-28 19:31:22,753 - INFO - 
2026-01-28 19:31:22,753 - INFO - Test Set Performance:
2026-01-28 19:31:22,753 - INFO -   Algorithm Selection (Fusion):
2026-01-28 19:31:22,753 - INFO -     Solve rate: 97.41% ± 0.78%
2026-01-28 19:31:22,753 - INFO -     Average PAR-2: 75.02 ± 20.17
2026-01-28 19:31:22,753 - INFO -     Gap closed (solved): 0.8627 ± 0.0828
2026-01-28 19:31:22,753 - INFO -     Gap closed (PAR-2): 0.8854 ± 0.0611
2026-01-28 19:31:22,753 - INFO -   SBS (Single Best Solver):
2026-01-28 19:31:22,753 - INFO -     Solve rate: 93.58% ± 0.85%
2026-01-28 19:31:22,753 - INFO -     Average PAR-2: 215.05 ± 21.33
2026-01-28 19:31:22,754 - INFO -   VBS (Virtual Best Solver):
2026-01-28 19:31:22,754 - INFO -     Solve rate: 98.03% ± 0.45%
2026-01-28 19:31:22,754 - INFO -     Average PAR-2: 56.49 ± 11.71
2026-01-28 19:31:22,754 - INFO - ============================================================
