2026-01-28 18:33:14,864 - INFO - Loading all instances from fold files in data/perf_data/folds/ALIA...
2026-01-28 18:33:15,335 - INFO - Using syntactic features: data/features/syntactic/catalog0/ALIA.CSV
2026-01-28 18:33:15,335 - INFO - Using description features: data/features/native_desc/all_mpnet_base_v2/ALIA.csv
2026-01-28 18:33:15,335 - INFO - Validating feature coverage for syntactic features...
2026-01-28 18:33:15,587 - INFO - Validating feature coverage for description features...
2026-01-28 18:33:16,323 - INFO - Feature coverage validated: all 1229 instances have features
2026-01-28 18:33:16,324 - INFO - Starting 4-fold cross-validation with fixed-alpha fusion on 1229 instances
2026-01-28 18:33:16,324 - INFO - Alpha candidates: [0.0, 0.05, 0.1, 0.15, 0.2, 0.25, 0.3, 0.35, 0.4, 0.45, 0.5, 0.55, 0.6, 0.65, 0.7, 0.75, 0.8, 0.85, 0.9, 0.95, 1.0]
2026-01-28 18:33:16,324 - INFO - 
============================================================
2026-01-28 18:33:16,324 - INFO - Outer Fold 1/4 (0.csv)
2026-01-28 18:33:16,324 - INFO - ============================================================
2026-01-28 18:33:16,324 - INFO - Loading test instances from 0.csv...
2026-01-28 18:33:16,325 - INFO - Test instances: 308
2026-01-28 18:33:16,325 - INFO - Train instances: 921
2026-01-28 18:33:16,336 - INFO - Training syntactic model on training set...
2026-01-28 18:33:16,360 - INFO - Saved PWC_SVM model at /tmp/tmpyfhuyina/synt/model.joblib
2026-01-28 18:33:16,361 - INFO - Training description model on training set...
2026-01-28 18:33:16,401 - INFO - Saved PWC_SVM model at /tmp/tmpyfhuyina/desc/model.joblib
2026-01-28 18:33:16,410 - INFO - Tuning alpha on full training set (921 instances)
2026-01-28 18:33:16,410 - INFO - Computing decision function statistics on training data...
2026-01-28 18:33:17,247 - INFO - Computed statistics for 3 pairwise classifiers
2026-01-28 18:33:17,247 - INFO - Computing decision function statistics on training data...
2026-01-28 18:33:18,243 - INFO - Computed statistics for 3 pairwise classifiers
2026-01-28 18:33:59,109 - INFO -   Alpha tuning results:
2026-01-28 18:33:59,109 - INFO -     α=0.00: gap_cls_par2=0.0639
2026-01-28 18:33:59,109 - INFO -     α=0.05: gap_cls_par2=0.0639
2026-01-28 18:33:59,109 - INFO -     α=0.10: gap_cls_par2=0.0639
2026-01-28 18:33:59,109 - INFO -     α=0.15: gap_cls_par2=0.0639
2026-01-28 18:33:59,109 - INFO -     α=0.20: gap_cls_par2=0.0639
2026-01-28 18:33:59,109 - INFO -     α=0.25: gap_cls_par2=0.0639
2026-01-28 18:33:59,109 - INFO -     α=0.30: gap_cls_par2=0.0639
2026-01-28 18:33:59,109 - INFO -     α=0.35: gap_cls_par2=0.0639
2026-01-28 18:33:59,109 - INFO -     α=0.40: gap_cls_par2=0.0639
2026-01-28 18:33:59,109 - INFO -     α=0.45: gap_cls_par2=0.0639
2026-01-28 18:33:59,109 - INFO -     α=0.50: gap_cls_par2=0.0639
2026-01-28 18:33:59,109 - INFO -     α=0.55: gap_cls_par2=0.0639
2026-01-28 18:33:59,109 - INFO -     α=0.60: gap_cls_par2=0.0639
2026-01-28 18:33:59,109 - INFO -     α=0.65: gap_cls_par2=0.0639
2026-01-28 18:33:59,109 - INFO -     α=0.70: gap_cls_par2=0.1119
2026-01-28 18:33:59,109 - INFO -     α=0.75: gap_cls_par2=0.1928
2026-01-28 18:33:59,109 - INFO -     α=0.80: gap_cls_par2=0.2376
2026-01-28 18:33:59,109 - INFO -     α=0.85: gap_cls_par2=0.3186
2026-01-28 18:33:59,109 - INFO -     α=0.90: gap_cls_par2=0.4792
2026-01-28 18:33:59,109 - INFO -     α=0.95: gap_cls_par2=0.9784
2026-01-28 18:33:59,109 - INFO -     α=1.00: gap_cls_par2=0.9798 ← best
2026-01-28 18:33:59,109 - INFO -   Selected α=1.00 (gap_cls_par2=0.9798)
2026-01-28 18:33:59,109 - INFO - Creating fusion model with α=1.00...
2026-01-28 18:33:59,109 - INFO - Computing decision function statistics on training data...
2026-01-28 18:33:59,952 - INFO - Computed statistics for 3 pairwise classifiers
2026-01-28 18:33:59,952 - INFO - Computing decision function statistics on training data...
2026-01-28 18:34:00,955 - INFO - Computed statistics for 3 pairwise classifiers
2026-01-28 18:34:00,957 - INFO - Evaluating fusion model on train set...
2026-01-28 18:34:03,919 - INFO - Evaluating fusion model on test set...
2026-01-28 18:34:04,895 - INFO - 
Fold 1 Results (α=1.00):
2026-01-28 18:34:04,895 - INFO -   Train Set:
2026-01-28 18:34:04,895 - INFO -     Solved: 241/921
2026-01-28 18:34:04,895 - INFO -     Solve rate: 26.17%
2026-01-28 18:34:04,895 - INFO -     Average PAR-2: 1792.75
2026-01-28 18:34:04,895 - INFO -     Gap closed (PAR-2): 0.9798
2026-01-28 18:34:04,895 - INFO -   Test Set:
2026-01-28 18:34:04,895 - INFO -     Solved: 67/308
2026-01-28 18:34:04,895 - INFO -     Solve rate: 21.75%
2026-01-28 18:34:04,895 - INFO -     Average PAR-2: 1885.22
2026-01-28 18:34:04,895 - INFO -     Gap closed (PAR-2): 0.7445
2026-01-28 18:34:04,896 - INFO - 
============================================================
2026-01-28 18:34:04,896 - INFO - Outer Fold 2/4 (1.csv)
2026-01-28 18:34:04,896 - INFO - ============================================================
2026-01-28 18:34:04,896 - INFO - Loading test instances from 1.csv...
2026-01-28 18:34:04,897 - INFO - Test instances: 307
2026-01-28 18:34:04,897 - INFO - Train instances: 922
2026-01-28 18:34:04,907 - INFO - Training syntactic model on training set...
2026-01-28 18:34:04,925 - INFO - Saved PWC_SVM model at /tmp/tmpciug7rv4/synt/model.joblib
2026-01-28 18:34:04,925 - INFO - Training description model on training set...
2026-01-28 18:34:04,965 - INFO - Saved PWC_SVM model at /tmp/tmpciug7rv4/desc/model.joblib
2026-01-28 18:34:04,972 - INFO - Tuning alpha on full training set (922 instances)
2026-01-28 18:34:04,973 - INFO - Computing decision function statistics on training data...
2026-01-28 18:34:05,799 - INFO - Computed statistics for 3 pairwise classifiers
2026-01-28 18:34:05,799 - INFO - Computing decision function statistics on training data...
2026-01-28 18:34:06,786 - INFO - Computed statistics for 3 pairwise classifiers
2026-01-28 18:34:47,503 - INFO -   Alpha tuning results:
2026-01-28 18:34:47,504 - INFO -     α=0.00: gap_cls_par2=-0.0000
2026-01-28 18:34:47,504 - INFO -     α=0.05: gap_cls_par2=-0.0000
2026-01-28 18:34:47,504 - INFO -     α=0.10: gap_cls_par2=-0.0000
2026-01-28 18:34:47,504 - INFO -     α=0.15: gap_cls_par2=-0.0000
2026-01-28 18:34:47,504 - INFO -     α=0.20: gap_cls_par2=-0.0000
2026-01-28 18:34:47,504 - INFO -     α=0.25: gap_cls_par2=-0.0000
2026-01-28 18:34:47,504 - INFO -     α=0.30: gap_cls_par2=-0.0003
2026-01-28 18:34:47,504 - INFO -     α=0.35: gap_cls_par2=0.0365
2026-01-28 18:34:47,504 - INFO -     α=0.40: gap_cls_par2=0.0915
2026-01-28 18:34:47,504 - INFO -     α=0.45: gap_cls_par2=0.1129
2026-01-28 18:34:47,504 - INFO -     α=0.50: gap_cls_par2=0.2066
2026-01-28 18:34:47,504 - INFO -     α=0.55: gap_cls_par2=0.3469
2026-01-28 18:34:47,504 - INFO -     α=0.60: gap_cls_par2=0.4151
2026-01-28 18:34:47,504 - INFO -     α=0.65: gap_cls_par2=0.6841
2026-01-28 18:34:47,504 - INFO -     α=0.70: gap_cls_par2=0.6838
2026-01-28 18:34:47,504 - INFO -     α=0.75: gap_cls_par2=0.6376
2026-01-28 18:34:47,504 - INFO -     α=0.80: gap_cls_par2=0.6371
2026-01-28 18:34:47,504 - INFO -     α=0.85: gap_cls_par2=0.6562
2026-01-28 18:34:47,504 - INFO -     α=0.90: gap_cls_par2=0.7291
2026-01-28 18:34:47,504 - INFO -     α=0.95: gap_cls_par2=0.9964 ← best
2026-01-28 18:34:47,504 - INFO -     α=1.00: gap_cls_par2=0.9952
2026-01-28 18:34:47,504 - INFO -   Selected α=0.95 (gap_cls_par2=0.9964)
2026-01-28 18:34:47,504 - INFO - Creating fusion model with α=0.95...
2026-01-28 18:34:47,504 - INFO - Computing decision function statistics on training data...
2026-01-28 18:34:48,339 - INFO - Computed statistics for 3 pairwise classifiers
2026-01-28 18:34:48,339 - INFO - Computing decision function statistics on training data...
2026-01-28 18:34:49,333 - INFO - Computed statistics for 3 pairwise classifiers
2026-01-28 18:34:49,334 - INFO - Evaluating fusion model on train set...
2026-01-28 18:34:52,295 - INFO - Evaluating fusion model on test set...
2026-01-28 18:34:53,290 - INFO - 
Fold 2 Results (α=0.95):
2026-01-28 18:34:53,290 - INFO -   Train Set:
2026-01-28 18:34:53,290 - INFO -     Solved: 229/922
2026-01-28 18:34:53,290 - INFO -     Solve rate: 24.84%
2026-01-28 18:34:53,290 - INFO -     Average PAR-2: 1818.22
2026-01-28 18:34:53,290 - INFO -     Gap closed (PAR-2): 0.9964
2026-01-28 18:34:53,290 - INFO -   Test Set:
2026-01-28 18:34:53,290 - INFO -     Solved: 75/307
2026-01-28 18:34:53,290 - INFO -     Solve rate: 24.43%
2026-01-28 18:34:53,290 - INFO -     Average PAR-2: 1827.74
2026-01-28 18:34:53,290 - INFO -     Gap closed (PAR-2): 0.6252
2026-01-28 18:34:53,291 - INFO - 
============================================================
2026-01-28 18:34:53,291 - INFO - Outer Fold 3/4 (2.csv)
2026-01-28 18:34:53,291 - INFO - ============================================================
2026-01-28 18:34:53,291 - INFO - Loading test instances from 2.csv...
2026-01-28 18:34:53,292 - INFO - Test instances: 307
2026-01-28 18:34:53,293 - INFO - Train instances: 922
2026-01-28 18:34:53,301 - INFO - Training syntactic model on training set...
2026-01-28 18:34:53,317 - INFO - Saved PWC_SVM model at /tmp/tmpf0h35xq7/synt/model.joblib
2026-01-28 18:34:53,317 - INFO - Training description model on training set...
2026-01-28 18:34:53,353 - INFO - Saved PWC_SVM model at /tmp/tmpf0h35xq7/desc/model.joblib
2026-01-28 18:34:53,360 - INFO - Tuning alpha on full training set (922 instances)
2026-01-28 18:34:53,361 - INFO - Computing decision function statistics on training data...
2026-01-28 18:34:54,196 - INFO - Computed statistics for 3 pairwise classifiers
2026-01-28 18:34:54,196 - INFO - Computing decision function statistics on training data...
2026-01-28 18:34:55,182 - INFO - Computed statistics for 3 pairwise classifiers
2026-01-28 18:35:35,821 - INFO -   Alpha tuning results:
2026-01-28 18:35:35,821 - INFO -     α=0.00: gap_cls_par2=-0.0000
2026-01-28 18:35:35,822 - INFO -     α=0.05: gap_cls_par2=-0.0000
2026-01-28 18:35:35,822 - INFO -     α=0.10: gap_cls_par2=-0.0000
2026-01-28 18:35:35,822 - INFO -     α=0.15: gap_cls_par2=-0.0000
2026-01-28 18:35:35,822 - INFO -     α=0.20: gap_cls_par2=-0.0000
2026-01-28 18:35:35,822 - INFO -     α=0.25: gap_cls_par2=0.0126
2026-01-28 18:35:35,822 - INFO -     α=0.30: gap_cls_par2=0.0058
2026-01-28 18:35:35,822 - INFO -     α=0.35: gap_cls_par2=0.0548
2026-01-28 18:35:35,822 - INFO -     α=0.40: gap_cls_par2=0.1131
2026-01-28 18:35:35,822 - INFO -     α=0.45: gap_cls_par2=0.1666
2026-01-28 18:35:35,822 - INFO -     α=0.50: gap_cls_par2=0.2197
2026-01-28 18:35:35,822 - INFO -     α=0.55: gap_cls_par2=0.2687
2026-01-28 18:35:35,822 - INFO -     α=0.60: gap_cls_par2=0.3787
2026-01-28 18:35:35,822 - INFO -     α=0.65: gap_cls_par2=0.7136
2026-01-28 18:35:35,822 - INFO -     α=0.70: gap_cls_par2=0.6822
2026-01-28 18:35:35,822 - INFO -     α=0.75: gap_cls_par2=0.6638
2026-01-28 18:35:35,822 - INFO -     α=0.80: gap_cls_par2=0.6641
2026-01-28 18:35:35,822 - INFO -     α=0.85: gap_cls_par2=0.6741
2026-01-28 18:35:35,822 - INFO -     α=0.90: gap_cls_par2=0.7661
2026-01-28 18:35:35,822 - INFO -     α=0.95: gap_cls_par2=0.9921
2026-01-28 18:35:35,822 - INFO -     α=1.00: gap_cls_par2=0.9924 ← best
2026-01-28 18:35:35,822 - INFO -   Selected α=1.00 (gap_cls_par2=0.9924)
2026-01-28 18:35:35,822 - INFO - Creating fusion model with α=1.00...
2026-01-28 18:35:35,822 - INFO - Computing decision function statistics on training data...
2026-01-28 18:35:36,659 - INFO - Computed statistics for 3 pairwise classifiers
2026-01-28 18:35:36,659 - INFO - Computing decision function statistics on training data...
2026-01-28 18:35:37,648 - INFO - Computed statistics for 3 pairwise classifiers
2026-01-28 18:35:37,649 - INFO - Evaluating fusion model on train set...
2026-01-28 18:35:40,555 - INFO - Evaluating fusion model on test set...
2026-01-28 18:35:41,538 - INFO - 
Fold 3 Results (α=1.00):
2026-01-28 18:35:41,538 - INFO -   Train Set:
2026-01-28 18:35:41,538 - INFO -     Solved: 226/922
2026-01-28 18:35:41,538 - INFO -     Solve rate: 24.51%
2026-01-28 18:35:41,538 - INFO -     Average PAR-2: 1823.42
2026-01-28 18:35:41,538 - INFO -     Gap closed (PAR-2): 0.9924
2026-01-28 18:35:41,538 - INFO -   Test Set:
2026-01-28 18:35:41,538 - INFO -     Solved: 76/307
2026-01-28 18:35:41,538 - INFO -     Solve rate: 24.76%
2026-01-28 18:35:41,538 - INFO -     Average PAR-2: 1824.22
2026-01-28 18:35:41,538 - INFO -     Gap closed (PAR-2): 0.5919
2026-01-28 18:35:41,539 - INFO - 
============================================================
2026-01-28 18:35:41,539 - INFO - Outer Fold 4/4 (3.csv)
2026-01-28 18:35:41,539 - INFO - ============================================================
2026-01-28 18:35:41,539 - INFO - Loading test instances from 3.csv...
2026-01-28 18:35:41,540 - INFO - Test instances: 307
2026-01-28 18:35:41,540 - INFO - Train instances: 922
2026-01-28 18:35:41,547 - INFO - Training syntactic model on training set...
2026-01-28 18:35:41,566 - INFO - Saved PWC_SVM model at /tmp/tmp0jwzfioi/synt/model.joblib
2026-01-28 18:35:41,566 - INFO - Training description model on training set...
2026-01-28 18:35:41,603 - INFO - Saved PWC_SVM model at /tmp/tmp0jwzfioi/desc/model.joblib
2026-01-28 18:35:41,611 - INFO - Tuning alpha on full training set (922 instances)
2026-01-28 18:35:41,611 - INFO - Computing decision function statistics on training data...
2026-01-28 18:35:42,449 - INFO - Computed statistics for 3 pairwise classifiers
2026-01-28 18:35:42,449 - INFO - Computing decision function statistics on training data...
2026-01-28 18:35:43,420 - INFO - Computed statistics for 3 pairwise classifiers
2026-01-28 18:36:23,762 - INFO -   Alpha tuning results:
2026-01-28 18:36:23,763 - INFO -     α=0.00: gap_cls_par2=0.0733
2026-01-28 18:36:23,763 - INFO -     α=0.05: gap_cls_par2=0.0733
2026-01-28 18:36:23,763 - INFO -     α=0.10: gap_cls_par2=0.0733
2026-01-28 18:36:23,763 - INFO -     α=0.15: gap_cls_par2=0.0733
2026-01-28 18:36:23,763 - INFO -     α=0.20: gap_cls_par2=0.0733
2026-01-28 18:36:23,763 - INFO -     α=0.25: gap_cls_par2=0.0733
2026-01-28 18:36:23,763 - INFO -     α=0.30: gap_cls_par2=0.0733
2026-01-28 18:36:23,763 - INFO -     α=0.35: gap_cls_par2=0.0733
2026-01-28 18:36:23,763 - INFO -     α=0.40: gap_cls_par2=0.0733
2026-01-28 18:36:23,763 - INFO -     α=0.45: gap_cls_par2=0.0733
2026-01-28 18:36:23,763 - INFO -     α=0.50: gap_cls_par2=0.0733
2026-01-28 18:36:23,763 - INFO -     α=0.55: gap_cls_par2=0.0733
2026-01-28 18:36:23,763 - INFO -     α=0.60: gap_cls_par2=0.0733
2026-01-28 18:36:23,763 - INFO -     α=0.65: gap_cls_par2=0.0915
2026-01-28 18:36:23,763 - INFO -     α=0.70: gap_cls_par2=0.1097
2026-01-28 18:36:23,763 - INFO -     α=0.75: gap_cls_par2=0.1098
2026-01-28 18:36:23,763 - INFO -     α=0.80: gap_cls_par2=0.1837
2026-01-28 18:36:23,763 - INFO -     α=0.85: gap_cls_par2=0.2724
2026-01-28 18:36:23,763 - INFO -     α=0.90: gap_cls_par2=0.4566
2026-01-28 18:36:23,763 - INFO -     α=0.95: gap_cls_par2=0.9786 ← best
2026-01-28 18:36:23,763 - INFO -     α=1.00: gap_cls_par2=0.9780
2026-01-28 18:36:23,763 - INFO -   Selected α=0.95 (gap_cls_par2=0.9786)
2026-01-28 18:36:23,763 - INFO - Creating fusion model with α=0.95...
2026-01-28 18:36:23,763 - INFO - Computing decision function statistics on training data...
2026-01-28 18:36:24,609 - INFO - Computed statistics for 3 pairwise classifiers
2026-01-28 18:36:24,609 - INFO - Computing decision function statistics on training data...
2026-01-28 18:36:25,587 - INFO - Computed statistics for 3 pairwise classifiers
2026-01-28 18:36:25,588 - INFO - Evaluating fusion model on train set...
2026-01-28 18:36:28,510 - INFO - Evaluating fusion model on test set...
2026-01-28 18:36:29,502 - INFO - 
Fold 4 Results (α=0.95):
2026-01-28 18:36:29,502 - INFO -   Train Set:
2026-01-28 18:36:29,502 - INFO -     Solved: 238/922
2026-01-28 18:36:29,502 - INFO -     Solve rate: 25.81%
2026-01-28 18:36:29,502 - INFO -     Average PAR-2: 1798.36
2026-01-28 18:36:29,502 - INFO -     Gap closed (PAR-2): 0.9786
2026-01-28 18:36:29,502 - INFO -   Test Set:
2026-01-28 18:36:29,502 - INFO -     Solved: 68/307
2026-01-28 18:36:29,502 - INFO -     Solve rate: 22.15%
2026-01-28 18:36:29,502 - INFO -     Average PAR-2: 1883.33
2026-01-28 18:36:29,502 - INFO -     Gap closed (PAR-2): 0.5870
2026-01-28 18:36:29,505 - INFO - Saved summary to results/20260128_55779956/fusion/ALIA/summary.json
2026-01-28 18:36:29,506 - INFO - 
============================================================
2026-01-28 18:36:29,506 - INFO - Cross-Validation Results Summary (Decision-Level Fusion)
2026-01-28 18:36:29,506 - INFO - ============================================================
2026-01-28 18:36:29,506 - INFO - Model type: Fusion_SVM_fixed_alpha
2026-01-28 18:36:29,506 - INFO - Number of folds: 4
2026-01-28 18:36:29,506 - INFO - Total instances: 1229
2026-01-28 18:36:29,506 - INFO - 
2026-01-28 18:36:29,506 - INFO - Alpha values per fold: ['1.00', '0.95', '1.00', '0.95']
2026-01-28 18:36:29,506 - INFO - Alpha mean ± std: 0.98 ± 0.03
2026-01-28 18:36:29,506 - INFO - 
2026-01-28 18:36:29,507 - INFO - Test Set Performance:
2026-01-28 18:36:29,507 - INFO -   Algorithm Selection (Fusion):
2026-01-28 18:36:29,507 - INFO -     Solve rate: 23.27% ± 1.33%
2026-01-28 18:36:29,507 - INFO -     Average PAR-2: 1855.13 ± 29.18
2026-01-28 18:36:29,507 - INFO -     Gap closed (solved): 0.6328 ± 0.0978
2026-01-28 18:36:29,507 - INFO -     Gap closed (PAR-2): 0.6371 ± 0.0637
2026-01-28 18:36:29,507 - INFO -   SBS (Single Best Solver):
2026-01-28 18:36:29,507 - INFO -     Solve rate: 19.85% ± 1.22%
2026-01-28 18:36:29,507 - INFO -     Average PAR-2: 1939.43 ± 20.15
2026-01-28 18:36:29,507 - INFO -   VBS (Virtual Best Solver):
2026-01-28 18:36:29,507 - INFO -     Solve rate: 25.39% ± 2.20%
2026-01-28 18:36:29,507 - INFO -     Average PAR-2: 1806.16 ± 42.23
2026-01-28 18:36:29,507 - INFO - ============================================================
