Job started at: Wed Jan 28 06:32:33 PM EST 2026
Job Array ID: 55779956
Task ID: 0
Running on node: nc10255
Logic: ABV

Python version: Python 3.11.4

========================================================================
Fixed-Alpha Fusion Cross-Validation for: ABV
========================================================================

Configuration:
  - Folds dir: data/perf_data/folds/ABV
  - Syntactic features: data/features/syntactic/catalog0/ABV.CSV
  - Description features: data/features/native_desc/all_mpnet_base_v2/ABV.csv
  - Results directory: results/20260128_55779956/fusion/ABV
========================================================================


========================================================================
Completed successfully for ABV!
Results: results/20260128_55779956/fusion/ABV/summary.json
========================================================================
Job finished at: Wed Jan 28 06:38:37 PM EST 2026
