2026-01-28 18:33:14,863 - INFO - Loading all instances from fold files in data/perf_data/folds/BV...
2026-01-28 18:33:14,982 - INFO - Using syntactic features: data/features/syntactic/catalog0/BV.CSV
2026-01-28 18:33:14,982 - INFO - Using description features: data/features/native_desc/all_mpnet_base_v2/BV.csv
2026-01-28 18:33:14,982 - INFO - Validating feature coverage for syntactic features...
2026-01-28 18:33:15,028 - INFO - Validating feature coverage for description features...
2026-01-28 18:33:15,953 - INFO - Feature coverage validated: all 832 instances have features
2026-01-28 18:33:15,954 - INFO - Starting 4-fold cross-validation with fixed-alpha fusion on 832 instances
2026-01-28 18:33:15,954 - INFO - Alpha candidates: [0.0, 0.05, 0.1, 0.15, 0.2, 0.25, 0.3, 0.35, 0.4, 0.45, 0.5, 0.55, 0.6, 0.65, 0.7, 0.75, 0.8, 0.85, 0.9, 0.95, 1.0]
2026-01-28 18:33:15,954 - INFO - 
============================================================
2026-01-28 18:33:15,954 - INFO - Outer Fold 1/4 (0.csv)
2026-01-28 18:33:15,954 - INFO - ============================================================
2026-01-28 18:33:15,955 - INFO - Loading test instances from 0.csv...
2026-01-28 18:33:15,956 - INFO - Test instances: 208
2026-01-28 18:33:15,956 - INFO - Train instances: 624
2026-01-28 18:33:15,962 - INFO - Training syntactic model on training set...
2026-01-28 18:33:16,032 - INFO - Saved PWC_SVM model at /tmp/tmp5pi7p9n4/synt/model.joblib
2026-01-28 18:33:16,037 - INFO - Training description model on training set...
2026-01-28 18:33:16,172 - INFO - Saved PWC_SVM model at /tmp/tmp5pi7p9n4/desc/model.joblib
2026-01-28 18:33:16,206 - INFO - Tuning alpha on full training set (624 instances)
2026-01-28 18:33:16,206 - INFO - Computing decision function statistics on training data...
2026-01-28 18:33:17,739 - INFO - Computed statistics for 10 pairwise classifiers
2026-01-28 18:33:17,739 - INFO - Computing decision function statistics on training data...
2026-01-28 18:33:19,467 - INFO - Computed statistics for 10 pairwise classifiers
2026-01-28 18:34:30,936 - INFO -   Alpha tuning results:
2026-01-28 18:34:30,936 - INFO -     α=0.00: gap_cls_par2=0.4170
2026-01-28 18:34:30,936 - INFO -     α=0.05: gap_cls_par2=0.4170
2026-01-28 18:34:30,936 - INFO -     α=0.10: gap_cls_par2=0.4171
2026-01-28 18:34:30,937 - INFO -     α=0.15: gap_cls_par2=0.4181
2026-01-28 18:34:30,937 - INFO -     α=0.20: gap_cls_par2=0.4181
2026-01-28 18:34:30,937 - INFO -     α=0.25: gap_cls_par2=0.4181
2026-01-28 18:34:30,937 - INFO -     α=0.30: gap_cls_par2=0.3929
2026-01-28 18:34:30,937 - INFO -     α=0.35: gap_cls_par2=0.4207
2026-01-28 18:34:30,937 - INFO -     α=0.40: gap_cls_par2=0.4316
2026-01-28 18:34:30,937 - INFO -     α=0.45: gap_cls_par2=0.4494
2026-01-28 18:34:30,937 - INFO -     α=0.50: gap_cls_par2=0.4464
2026-01-28 18:34:30,937 - INFO -     α=0.55: gap_cls_par2=0.4468
2026-01-28 18:34:30,937 - INFO -     α=0.60: gap_cls_par2=0.4468
2026-01-28 18:34:30,937 - INFO -     α=0.65: gap_cls_par2=0.4723
2026-01-28 18:34:30,937 - INFO -     α=0.70: gap_cls_par2=0.6610
2026-01-28 18:34:30,937 - INFO -     α=0.75: gap_cls_par2=0.7718
2026-01-28 18:34:30,937 - INFO -     α=0.80: gap_cls_par2=0.8920
2026-01-28 18:34:30,937 - INFO -     α=0.85: gap_cls_par2=0.9412
2026-01-28 18:34:30,937 - INFO -     α=0.90: gap_cls_par2=0.9387
2026-01-28 18:34:30,937 - INFO -     α=0.95: gap_cls_par2=0.9603
2026-01-28 18:34:30,937 - INFO -     α=1.00: gap_cls_par2=0.9611 ← best
2026-01-28 18:34:30,937 - INFO -   Selected α=1.00 (gap_cls_par2=0.9611)
2026-01-28 18:34:30,937 - INFO - Creating fusion model with α=1.00...
2026-01-28 18:34:30,937 - INFO - Computing decision function statistics on training data...
2026-01-28 18:34:32,475 - INFO - Computed statistics for 10 pairwise classifiers
2026-01-28 18:34:32,475 - INFO - Computing decision function statistics on training data...
2026-01-28 18:34:34,214 - INFO - Computed statistics for 10 pairwise classifiers
2026-01-28 18:34:34,216 - INFO - Evaluating fusion model on train set...
2026-01-28 18:34:38,417 - INFO - Evaluating fusion model on test set...
2026-01-28 18:34:39,808 - INFO - 
Fold 1 Results (α=1.00):
2026-01-28 18:34:39,808 - INFO -   Train Set:
2026-01-28 18:34:39,808 - INFO -     Solved: 601/624
2026-01-28 18:34:39,809 - INFO -     Solve rate: 96.31%
2026-01-28 18:34:39,809 - INFO -     Average PAR-2: 104.58
2026-01-28 18:34:39,809 - INFO -     Gap closed (PAR-2): 0.9611
2026-01-28 18:34:39,809 - INFO -   Test Set:
2026-01-28 18:34:39,809 - INFO -     Solved: 191/208
2026-01-28 18:34:39,809 - INFO -     Solve rate: 91.83%
2026-01-28 18:34:39,809 - INFO -     Average PAR-2: 212.73
2026-01-28 18:34:39,809 - INFO -     Gap closed (PAR-2): 0.3130
2026-01-28 18:34:39,810 - INFO - 
============================================================
2026-01-28 18:34:39,810 - INFO - Outer Fold 2/4 (1.csv)
2026-01-28 18:34:39,810 - INFO - ============================================================
2026-01-28 18:34:39,810 - INFO - Loading test instances from 1.csv...
2026-01-28 18:34:39,812 - INFO - Test instances: 208
2026-01-28 18:34:39,812 - INFO - Train instances: 624
2026-01-28 18:34:39,816 - INFO - Training syntactic model on training set...
2026-01-28 18:34:39,872 - INFO - Saved PWC_SVM model at /tmp/tmpulkv0q4f/synt/model.joblib
2026-01-28 18:34:39,874 - INFO - Training description model on training set...
2026-01-28 18:34:40,006 - INFO - Saved PWC_SVM model at /tmp/tmpulkv0q4f/desc/model.joblib
2026-01-28 18:34:40,038 - INFO - Tuning alpha on full training set (624 instances)
2026-01-28 18:34:40,038 - INFO - Computing decision function statistics on training data...
2026-01-28 18:34:41,571 - INFO - Computed statistics for 10 pairwise classifiers
2026-01-28 18:34:41,571 - INFO - Computing decision function statistics on training data...
2026-01-28 18:34:43,294 - INFO - Computed statistics for 10 pairwise classifiers
2026-01-28 18:35:54,803 - INFO -   Alpha tuning results:
2026-01-28 18:35:54,803 - INFO -     α=0.00: gap_cls_par2=0.4043
2026-01-28 18:35:54,803 - INFO -     α=0.05: gap_cls_par2=0.4043
2026-01-28 18:35:54,803 - INFO -     α=0.10: gap_cls_par2=0.4043
2026-01-28 18:35:54,804 - INFO -     α=0.15: gap_cls_par2=0.4043
2026-01-28 18:35:54,804 - INFO -     α=0.20: gap_cls_par2=0.4043
2026-01-28 18:35:54,804 - INFO -     α=0.25: gap_cls_par2=0.4043
2026-01-28 18:35:54,804 - INFO -     α=0.30: gap_cls_par2=0.4043
2026-01-28 18:35:54,804 - INFO -     α=0.35: gap_cls_par2=0.4043
2026-01-28 18:35:54,804 - INFO -     α=0.40: gap_cls_par2=0.4043
2026-01-28 18:35:54,804 - INFO -     α=0.45: gap_cls_par2=0.4043
2026-01-28 18:35:54,804 - INFO -     α=0.50: gap_cls_par2=0.4353
2026-01-28 18:35:54,804 - INFO -     α=0.55: gap_cls_par2=0.4353
2026-01-28 18:35:54,804 - INFO -     α=0.60: gap_cls_par2=0.4571
2026-01-28 18:35:54,804 - INFO -     α=0.65: gap_cls_par2=0.4858
2026-01-28 18:35:54,804 - INFO -     α=0.70: gap_cls_par2=0.4948
2026-01-28 18:35:54,804 - INFO -     α=0.75: gap_cls_par2=0.6455
2026-01-28 18:35:54,804 - INFO -     α=0.80: gap_cls_par2=0.8006
2026-01-28 18:35:54,804 - INFO -     α=0.85: gap_cls_par2=0.9219
2026-01-28 18:35:54,804 - INFO -     α=0.90: gap_cls_par2=0.9184
2026-01-28 18:35:54,804 - INFO -     α=0.95: gap_cls_par2=0.9257
2026-01-28 18:35:54,804 - INFO -     α=1.00: gap_cls_par2=0.9442 ← best
2026-01-28 18:35:54,804 - INFO -   Selected α=1.00 (gap_cls_par2=0.9442)
2026-01-28 18:35:54,804 - INFO - Creating fusion model with α=1.00...
2026-01-28 18:35:54,804 - INFO - Computing decision function statistics on training data...
2026-01-28 18:35:56,348 - INFO - Computed statistics for 10 pairwise classifiers
2026-01-28 18:35:56,348 - INFO - Computing decision function statistics on training data...
2026-01-28 18:35:58,077 - INFO - Computed statistics for 10 pairwise classifiers
2026-01-28 18:35:58,077 - INFO - Evaluating fusion model on train set...
2026-01-28 18:36:02,285 - INFO - Evaluating fusion model on test set...
2026-01-28 18:36:03,695 - INFO - 
Fold 2 Results (α=1.00):
2026-01-28 18:36:03,695 - INFO -   Train Set:
2026-01-28 18:36:03,695 - INFO -     Solved: 596/624
2026-01-28 18:36:03,695 - INFO -     Solve rate: 95.51%
2026-01-28 18:36:03,695 - INFO -     Average PAR-2: 125.78
2026-01-28 18:36:03,695 - INFO -     Gap closed (PAR-2): 0.9442
2026-01-28 18:36:03,695 - INFO -   Test Set:
2026-01-28 18:36:03,695 - INFO -     Solved: 193/208
2026-01-28 18:36:03,695 - INFO -     Solve rate: 92.79%
2026-01-28 18:36:03,695 - INFO -     Average PAR-2: 186.98
2026-01-28 18:36:03,695 - INFO -     Gap closed (PAR-2): 0.4175
2026-01-28 18:36:03,696 - INFO - 
============================================================
2026-01-28 18:36:03,696 - INFO - Outer Fold 3/4 (2.csv)
2026-01-28 18:36:03,696 - INFO - ============================================================
2026-01-28 18:36:03,696 - INFO - Loading test instances from 2.csv...
2026-01-28 18:36:03,698 - INFO - Test instances: 208
2026-01-28 18:36:03,698 - INFO - Train instances: 624
2026-01-28 18:36:03,702 - INFO - Training syntactic model on training set...
2026-01-28 18:36:03,757 - INFO - Saved PWC_SVM model at /tmp/tmpotdbhz53/synt/model.joblib
2026-01-28 18:36:03,759 - INFO - Training description model on training set...
2026-01-28 18:36:03,894 - INFO - Saved PWC_SVM model at /tmp/tmpotdbhz53/desc/model.joblib
2026-01-28 18:36:03,928 - INFO - Tuning alpha on full training set (624 instances)
2026-01-28 18:36:03,928 - INFO - Computing decision function statistics on training data...
2026-01-28 18:36:05,474 - INFO - Computed statistics for 10 pairwise classifiers
2026-01-28 18:36:05,474 - INFO - Computing decision function statistics on training data...
2026-01-28 18:36:07,184 - INFO - Computed statistics for 10 pairwise classifiers
2026-01-28 18:37:18,478 - INFO -   Alpha tuning results:
2026-01-28 18:37:18,479 - INFO -     α=0.00: gap_cls_par2=0.4097
2026-01-28 18:37:18,479 - INFO -     α=0.05: gap_cls_par2=0.4097
2026-01-28 18:37:18,479 - INFO -     α=0.10: gap_cls_par2=0.4109
2026-01-28 18:37:18,479 - INFO -     α=0.15: gap_cls_par2=0.4109
2026-01-28 18:37:18,479 - INFO -     α=0.20: gap_cls_par2=0.4109
2026-01-28 18:37:18,479 - INFO -     α=0.25: gap_cls_par2=0.3836
2026-01-28 18:37:18,479 - INFO -     α=0.30: gap_cls_par2=0.4207
2026-01-28 18:37:18,479 - INFO -     α=0.35: gap_cls_par2=0.3670
2026-01-28 18:37:18,479 - INFO -     α=0.40: gap_cls_par2=0.4271
2026-01-28 18:37:18,479 - INFO -     α=0.45: gap_cls_par2=0.4474
2026-01-28 18:37:18,479 - INFO -     α=0.50: gap_cls_par2=0.4386
2026-01-28 18:37:18,479 - INFO -     α=0.55: gap_cls_par2=0.5365
2026-01-28 18:37:18,479 - INFO -     α=0.60: gap_cls_par2=0.5940
2026-01-28 18:37:18,479 - INFO -     α=0.65: gap_cls_par2=0.5968
2026-01-28 18:37:18,479 - INFO -     α=0.70: gap_cls_par2=0.7270
2026-01-28 18:37:18,480 - INFO -     α=0.75: gap_cls_par2=0.8679
2026-01-28 18:37:18,480 - INFO -     α=0.80: gap_cls_par2=0.8901
2026-01-28 18:37:18,480 - INFO -     α=0.85: gap_cls_par2=0.9522 ← best
2026-01-28 18:37:18,480 - INFO -     α=0.90: gap_cls_par2=0.9446
2026-01-28 18:37:18,480 - INFO -     α=0.95: gap_cls_par2=0.9416
2026-01-28 18:37:18,480 - INFO -     α=1.00: gap_cls_par2=0.9417
2026-01-28 18:37:18,480 - INFO -   Selected α=0.85 (gap_cls_par2=0.9522)
2026-01-28 18:37:18,480 - INFO - Creating fusion model with α=0.85...
2026-01-28 18:37:18,480 - INFO - Computing decision function statistics on training data...
2026-01-28 18:37:20,022 - INFO - Computed statistics for 10 pairwise classifiers
2026-01-28 18:37:20,022 - INFO - Computing decision function statistics on training data...
2026-01-28 18:37:21,745 - INFO - Computed statistics for 10 pairwise classifiers
2026-01-28 18:37:21,746 - INFO - Evaluating fusion model on train set...
2026-01-28 18:37:26,002 - INFO - Evaluating fusion model on test set...
2026-01-28 18:37:27,409 - INFO - 
Fold 3 Results (α=0.85):
2026-01-28 18:37:27,409 - INFO -   Train Set:
2026-01-28 18:37:27,409 - INFO -     Solved: 597/624
2026-01-28 18:37:27,409 - INFO -     Solve rate: 95.67%
2026-01-28 18:37:27,409 - INFO -     Average PAR-2: 114.28
2026-01-28 18:37:27,409 - INFO -     Gap closed (PAR-2): 0.9522
2026-01-28 18:37:27,409 - INFO -   Test Set:
2026-01-28 18:37:27,409 - INFO -     Solved: 187/208
2026-01-28 18:37:27,409 - INFO -     Solve rate: 89.90%
2026-01-28 18:37:27,409 - INFO -     Average PAR-2: 252.67
2026-01-28 18:37:27,409 - INFO -     Gap closed (PAR-2): -0.0085
2026-01-28 18:37:27,410 - INFO - 
============================================================
2026-01-28 18:37:27,411 - INFO - Outer Fold 4/4 (3.csv)
2026-01-28 18:37:27,411 - INFO - ============================================================
2026-01-28 18:37:27,411 - INFO - Loading test instances from 3.csv...
2026-01-28 18:37:27,412 - INFO - Test instances: 208
2026-01-28 18:37:27,412 - INFO - Train instances: 624
2026-01-28 18:37:27,416 - INFO - Training syntactic model on training set...
2026-01-28 18:37:27,471 - INFO - Saved PWC_SVM model at /tmp/tmpvrxlx27n/synt/model.joblib
2026-01-28 18:37:27,473 - INFO - Training description model on training set...
2026-01-28 18:37:27,608 - INFO - Saved PWC_SVM model at /tmp/tmpvrxlx27n/desc/model.joblib
2026-01-28 18:37:27,643 - INFO - Tuning alpha on full training set (624 instances)
2026-01-28 18:37:27,643 - INFO - Computing decision function statistics on training data...
2026-01-28 18:37:28,871 - INFO - Computed statistics for 10 pairwise classifiers
2026-01-28 18:37:28,872 - INFO - Computing decision function statistics on training data...
2026-01-28 18:37:30,279 - INFO - Computed statistics for 10 pairwise classifiers
2026-01-28 18:38:28,613 - INFO -   Alpha tuning results:
2026-01-28 18:38:28,613 - INFO -     α=0.00: gap_cls_par2=0.3282
2026-01-28 18:38:28,613 - INFO -     α=0.05: gap_cls_par2=0.3282
2026-01-28 18:38:28,613 - INFO -     α=0.10: gap_cls_par2=0.3282
2026-01-28 18:38:28,613 - INFO -     α=0.15: gap_cls_par2=0.3282
2026-01-28 18:38:28,613 - INFO -     α=0.20: gap_cls_par2=0.3282
2026-01-28 18:38:28,613 - INFO -     α=0.25: gap_cls_par2=0.3282
2026-01-28 18:38:28,613 - INFO -     α=0.30: gap_cls_par2=0.2992
2026-01-28 18:38:28,613 - INFO -     α=0.35: gap_cls_par2=0.3284
2026-01-28 18:38:28,613 - INFO -     α=0.40: gap_cls_par2=0.3001
2026-01-28 18:38:28,613 - INFO -     α=0.45: gap_cls_par2=0.3018
2026-01-28 18:38:28,613 - INFO -     α=0.50: gap_cls_par2=0.3377
2026-01-28 18:38:28,613 - INFO -     α=0.55: gap_cls_par2=0.3666
2026-01-28 18:38:28,614 - INFO -     α=0.60: gap_cls_par2=0.3939
2026-01-28 18:38:28,614 - INFO -     α=0.65: gap_cls_par2=0.3967
2026-01-28 18:38:28,614 - INFO -     α=0.70: gap_cls_par2=0.6295
2026-01-28 18:38:28,614 - INFO -     α=0.75: gap_cls_par2=0.7959
2026-01-28 18:38:28,614 - INFO -     α=0.80: gap_cls_par2=0.7931
2026-01-28 18:38:28,614 - INFO -     α=0.85: gap_cls_par2=0.9726
2026-01-28 18:38:28,614 - INFO -     α=0.90: gap_cls_par2=0.9726 ← best
2026-01-28 18:38:28,614 - INFO -     α=0.95: gap_cls_par2=0.9664
2026-01-28 18:38:28,614 - INFO -     α=1.00: gap_cls_par2=0.9635
2026-01-28 18:38:28,614 - INFO -   Selected α=0.90 (gap_cls_par2=0.9726)
2026-01-28 18:38:28,614 - INFO - Creating fusion model with α=0.90...
2026-01-28 18:38:28,614 - INFO - Computing decision function statistics on training data...
2026-01-28 18:38:29,846 - INFO - Computed statistics for 10 pairwise classifiers
2026-01-28 18:38:29,847 - INFO - Computing decision function statistics on training data...
2026-01-28 18:38:31,273 - INFO - Computed statistics for 10 pairwise classifiers
2026-01-28 18:38:31,274 - INFO - Evaluating fusion model on train set...
2026-01-28 18:38:34,818 - INFO - Evaluating fusion model on test set...
2026-01-28 18:38:36,005 - INFO - 
Fold 4 Results (α=0.90):
2026-01-28 18:38:36,005 - INFO -   Train Set:
2026-01-28 18:38:36,005 - INFO -     Solved: 596/624
2026-01-28 18:38:36,005 - INFO -     Solve rate: 95.51%
2026-01-28 18:38:36,005 - INFO -     Average PAR-2: 122.28
2026-01-28 18:38:36,005 - INFO -     Gap closed (PAR-2): 0.9726
2026-01-28 18:38:36,005 - INFO -   Test Set:
2026-01-28 18:38:36,005 - INFO -     Solved: 196/208
2026-01-28 18:38:36,005 - INFO -     Solve rate: 94.23%
2026-01-28 18:38:36,005 - INFO -     Average PAR-2: 159.97
2026-01-28 18:38:36,005 - INFO -     Gap closed (PAR-2): 0.5378
2026-01-28 18:38:36,010 - INFO - Saved summary to results/20260128_55779956/fusion/BV/summary.json
2026-01-28 18:38:36,012 - INFO - 
============================================================
2026-01-28 18:38:36,012 - INFO - Cross-Validation Results Summary (Decision-Level Fusion)
2026-01-28 18:38:36,012 - INFO - ============================================================
2026-01-28 18:38:36,012 - INFO - Model type: Fusion_SVM_fixed_alpha
2026-01-28 18:38:36,012 - INFO - Number of folds: 4
2026-01-28 18:38:36,012 - INFO - Total instances: 832
2026-01-28 18:38:36,012 - INFO - 
2026-01-28 18:38:36,012 - INFO - Alpha values per fold: ['1.00', '1.00', '0.85', '0.90']
2026-01-28 18:38:36,012 - INFO - Alpha mean ± std: 0.94 ± 0.06
2026-01-28 18:38:36,012 - INFO - 
2026-01-28 18:38:36,012 - INFO - Test Set Performance:
2026-01-28 18:38:36,012 - INFO -   Algorithm Selection (Fusion):
2026-01-28 18:38:36,012 - INFO -     Solve rate: 92.19% ± 1.57%
2026-01-28 18:38:36,012 - INFO -     Average PAR-2: 203.09 ± 34.17
2026-01-28 18:38:36,012 - INFO -     Gap closed (solved): 0.2337 ± 0.2905
2026-01-28 18:38:36,012 - INFO -     Gap closed (PAR-2): 0.3149 ± 0.2030
2026-01-28 18:38:36,012 - INFO -   SBS (Single Best Solver):
2026-01-28 18:38:36,012 - INFO -     Solve rate: 90.87% ± 0.34%
2026-01-28 18:38:36,012 - INFO -     Average PAR-2: 249.12 ± 6.31
2026-01-28 18:38:36,012 - INFO -   VBS (Virtual Best Solver):
2026-01-28 18:38:36,012 - INFO -     Solve rate: 95.79% ± 0.98%
2026-01-28 18:38:36,012 - INFO -     Average PAR-2: 110.88 ± 25.21
2026-01-28 18:38:36,012 - INFO - ============================================================
