Job started at: Wed Jan 28 06:32:33 PM EST 2026
Job Array ID: 55779956
Task ID: 1
Running on node: nc30453
Logic: ALIA

Python version: Python 3.11.4

========================================================================
Fixed-Alpha Fusion Cross-Validation for: ALIA
========================================================================

Configuration:
  - Folds dir: data/perf_data/folds/ALIA
  - Syntactic features: data/features/syntactic/catalog0/ALIA.CSV
  - Description features: data/features/native_desc/all_mpnet_base_v2/ALIA.csv
  - Results directory: results/20260128_55779956/fusion/ALIA
========================================================================


========================================================================
Completed successfully for ALIA!
Results: results/20260128_55779956/fusion/ALIA/summary.json
========================================================================
Job finished at: Wed Jan 28 06:36:31 PM EST 2026
