Job started at: Wed Jan 28 06:32:33 PM EST 2026
Job Array ID: 55779956
Task ID: 3
Running on node: nc31102
Logic: QF_IDL

Python version: Python 3.11.4

========================================================================
Fixed-Alpha Fusion Cross-Validation for: QF_IDL
========================================================================

Configuration:
  - Folds dir: data/perf_data/folds/QF_IDL
  - Syntactic features: data/features/syntactic/catalog0/QF_IDL.CSV
  - Description features: data/features/native_desc/all_mpnet_base_v2/QF_IDL.csv
  - Results directory: results/20260128_55779956/fusion/QF_IDL
========================================================================


========================================================================
Completed successfully for QF_IDL!
Results: results/20260128_55779956/fusion/QF_IDL/summary.json
========================================================================
Job finished at: Wed Jan 28 06:41:20 PM EST 2026
