Job started at: Wed Jan 28 06:32:33 PM EST 2026
Job Array ID: 55779956
Task ID: 5
Running on node: nc31105
Logic: QF_NRA

Python version: Python 3.11.4

========================================================================
Fixed-Alpha Fusion Cross-Validation for: QF_NRA
========================================================================

Configuration:
  - Folds dir: data/perf_data/folds/QF_NRA
  - Syntactic features: data/features/syntactic/catalog0/QF_NRA.CSV
  - Description features: data/features/native_desc/all_mpnet_base_v2/QF_NRA.csv
  - Results directory: results/20260128_55779956/fusion/QF_NRA
========================================================================


========================================================================
Completed successfully for QF_NRA!
Results: results/20260128_55779956/fusion/QF_NRA/summary.json
========================================================================
Job finished at: Wed Jan 28 06:57:38 PM EST 2026
