2026-02-22 10:01:01,213 - INFO - Building graphs for 3454 instances (timeout=5s)...
2026-02-22 10:02:48,279 - WARNING - Graph build result timeout (15s) for /workspace/smt-select/smtlib/non-incremental/QF_BV/asp/WireRouting/wire.16.x.16.b.5.a.25_sat.data.smt2 — worker may be stuck; marking failed
2026-02-22 10:04:02,644 - WARNING - Graph build result timeout (15s) for /workspace/smt-select/smtlib/non-incremental/QF_BV/asp/EdgeMatching/edge-matching-width=9-height=9-colours=13.smt2 — worker may be stuck; marking failed
2026-02-22 10:04:23,534 - WARNING - Graph build result timeout (15s) for /workspace/smt-select/smtlib/non-incremental/QF_BV/asp/EdgeMatching/edge-matching-width=9-height=9-colours=12.smt2 — worker may be stuck; marking failed
2026-02-22 10:06:34,146 - INFO - Graphs: 2675 built, 779 failed (of 3454 instances)
2026-02-22 10:07:16,523 - INFO - GIN-PWC: 2675 instances, 24531 pairwise samples
2026-02-22 10:07:16,530 - INFO - Early stopping: val_ratio=0.15, patience=50, min_epochs=100 -> 20852 train, 3679 val samples
2026-02-22 10:07:56,339 - INFO - Best val loss 0.1317 (epoch 1)
2026-02-22 10:07:56,340 - INFO - Epoch 1/500 train loss (weighted BCE) 0.2945 val loss 0.1317 (best)
2026-02-22 10:09:52,030 - INFO - Best val loss 0.1237 (epoch 4)
2026-02-22 10:10:30,641 - INFO - Best val loss 0.1105 (epoch 5)
2026-02-22 10:13:04,024 - INFO - Best val loss 0.1094 (epoch 9)
2026-02-22 10:13:44,404 - INFO - Epoch 10/500 train loss (weighted BCE) 0.1059 val loss 0.1235
2026-02-22 10:15:02,704 - INFO - Best val loss 0.1047 (epoch 12)
2026-02-22 10:17:02,737 - INFO - Best val loss 0.1027 (epoch 15)
2026-02-22 10:19:01,035 - INFO - Best val loss 0.0985 (epoch 18)
2026-02-22 10:20:22,597 - INFO - Best val loss 0.0982 (epoch 20)
2026-02-22 10:20:22,597 - INFO - Epoch 20/500 train loss (weighted BCE) 0.0863 val loss 0.0982 (best)
2026-02-22 10:21:03,712 - INFO - Best val loss 0.0965 (epoch 21)
2026-02-22 10:23:42,541 - INFO - Best val loss 0.0924 (epoch 25)
2026-02-22 10:27:04,806 - INFO - Epoch 30/500 train loss (weighted BCE) 0.0738 val loss 0.1086
2026-02-22 10:27:45,788 - INFO - Best val loss 0.0914 (epoch 31)
2026-02-22 10:28:25,934 - INFO - Best val loss 0.0880 (epoch 32)
2026-02-22 10:33:52,905 - INFO - Epoch 40/500 train loss (weighted BCE) 0.0622 val loss 0.0958
2026-02-22 10:40:44,106 - INFO - Epoch 50/500 train loss (weighted BCE) 0.0586 val loss 0.1221
2026-02-22 10:47:28,805 - INFO - Epoch 60/500 train loss (weighted BCE) 0.0566 val loss 0.1055
2026-02-22 10:54:09,286 - INFO - Epoch 70/500 train loss (weighted BCE) 0.0509 val loss 0.1053
2026-02-22 11:00:48,721 - INFO - Epoch 80/500 train loss (weighted BCE) 0.2401 val loss 0.1153
2026-02-22 11:07:24,924 - INFO - Epoch 90/500 train loss (weighted BCE) 0.0513 val loss 0.1031
2026-02-22 11:14:13,683 - INFO - Epoch 100/500 train loss (weighted BCE) 0.0455 val loss 0.1242
2026-02-22 11:14:13,685 - INFO - Early stop: no val improvement for 50 epochs (min_epochs=100 reached), restoring best
2026-02-22 11:14:13,747 - INFO - Saved GIN-PWC model, vocab, config, failed_paths to models/gin_pwc/QF_BV/seed20
