2026-02-22 06:01:50,326 - INFO - Building graphs for 3463 instances (timeout=5s)...
2026-02-22 06:07:19,901 - INFO - Graphs: 2714 built, 749 failed (of 3463 instances)
2026-02-22 06:08:14,519 - INFO - GIN-PWC: 2714 instances, 24959 pairwise samples
2026-02-22 06:08:14,528 - INFO - Early stopping: val_ratio=0.15, patience=50, min_epochs=100 -> 21216 train, 3743 val samples
2026-02-22 06:09:11,851 - INFO - Best val loss 0.1678 (epoch 1)
2026-02-22 06:09:11,851 - INFO - Epoch 1/500 train loss (weighted BCE) 0.4862 val loss 0.1678 (best)
2026-02-22 06:10:02,930 - INFO - Best val loss 0.1227 (epoch 2)
2026-02-22 06:10:51,435 - INFO - Best val loss 0.1177 (epoch 3)
2026-02-22 06:11:38,528 - INFO - Best val loss 0.1169 (epoch 4)
2026-02-22 06:13:08,029 - INFO - Best val loss 0.1095 (epoch 6)
2026-02-22 06:13:55,435 - INFO - Best val loss 0.1076 (epoch 7)
2026-02-22 06:15:33,333 - INFO - Best val loss 0.1057 (epoch 9)
2026-02-22 06:16:23,860 - INFO - Best val loss 0.1017 (epoch 10)
2026-02-22 06:16:23,903 - INFO - Epoch 10/500 train loss (weighted BCE) 0.1093 val loss 0.1017 (best)
2026-02-22 06:17:23,115 - INFO - Best val loss 0.1007 (epoch 11)
2026-02-22 06:19:04,032 - INFO - Best val loss 0.0930 (epoch 13)
2026-02-22 06:20:36,133 - INFO - Best val loss 0.0908 (epoch 15)
2026-02-22 06:22:10,031 - INFO - Best val loss 0.0862 (epoch 17)
2026-02-22 06:24:18,328 - INFO - Best val loss 0.0861 (epoch 20)
2026-02-22 06:24:18,330 - INFO - Epoch 20/500 train loss (weighted BCE) 0.0890 val loss 0.0861 (best)
2026-02-22 06:26:30,028 - INFO - Best val loss 0.0821 (epoch 23)
2026-02-22 06:27:12,530 - INFO - Best val loss 0.0795 (epoch 24)
2026-02-22 06:27:55,129 - INFO - Best val loss 0.0760 (epoch 25)
2026-02-22 06:29:21,529 - INFO - Best val loss 0.0755 (epoch 27)
2026-02-22 06:31:25,131 - INFO - Epoch 30/500 train loss (weighted BCE) 0.0746 val loss 0.0795
2026-02-22 06:33:39,423 - INFO - Best val loss 0.0699 (epoch 33)
2026-02-22 06:38:46,317 - INFO - Epoch 40/500 train loss (weighted BCE) 0.0748 val loss 0.0887
2026-02-22 06:40:15,534 - INFO - Best val loss 0.0681 (epoch 42)
2026-02-22 06:41:45,829 - INFO - Best val loss 0.0671 (epoch 44)
2026-02-22 06:42:31,431 - INFO - Best val loss 0.0669 (epoch 45)
2026-02-22 06:43:14,818 - INFO - Best val loss 0.0667 (epoch 46)
2026-02-22 06:46:20,632 - INFO - Best val loss 0.0665 (epoch 50)
2026-02-22 06:46:20,633 - INFO - Epoch 50/500 train loss (weighted BCE) 0.0593 val loss 0.0665 (best)
2026-02-22 06:47:59,131 - INFO - Best val loss 0.0648 (epoch 52)
2026-02-22 06:54:19,505 - INFO - Epoch 60/500 train loss (weighted BCE) 0.0598 val loss 0.0658
2026-02-22 06:55:50,831 - INFO - Best val loss 0.0626 (epoch 62)
2026-02-22 06:57:26,543 - INFO - Best val loss 0.0616 (epoch 64)
2026-02-22 07:01:22,360 - INFO - Best val loss 0.0606 (epoch 69)
2026-02-22 07:02:18,135 - INFO - Best val loss 0.0570 (epoch 70)
2026-02-22 07:02:18,136 - INFO - Epoch 70/500 train loss (weighted BCE) 0.0533 val loss 0.0570 (best)
2026-02-22 07:09:58,216 - INFO - Epoch 80/500 train loss (weighted BCE) 0.0574 val loss 0.0633
2026-02-22 07:17:53,817 - INFO - Epoch 90/500 train loss (weighted BCE) 0.0609 val loss 0.0694
2026-02-22 07:21:37,030 - INFO - Best val loss 0.0568 (epoch 95)
2026-02-22 07:25:35,822 - INFO - Epoch 100/500 train loss (weighted BCE) 0.0502 val loss 0.0639
2026-02-22 07:26:25,821 - INFO - Best val loss 0.0560 (epoch 101)
2026-02-22 07:28:01,020 - INFO - Best val loss 0.0551 (epoch 103)
2026-02-22 07:29:37,138 - INFO - Best val loss 0.0548 (epoch 105)
2026-02-22 07:31:09,927 - INFO - Best val loss 0.0547 (epoch 107)
2026-02-22 07:31:55,225 - INFO - Best val loss 0.0514 (epoch 108)
2026-02-22 07:33:23,114 - INFO - Epoch 110/500 train loss (weighted BCE) 0.0581 val loss 0.0684
2026-02-22 07:41:04,520 - INFO - Epoch 120/500 train loss (weighted BCE) 0.0647 val loss 0.0717
2026-02-22 07:48:29,441 - INFO - Epoch 130/500 train loss (weighted BCE) 0.0406 val loss 0.0587
2026-02-22 07:56:39,816 - INFO - Epoch 140/500 train loss (weighted BCE) 0.0434 val loss 0.0625
2026-02-22 08:04:16,420 - INFO - Epoch 150/500 train loss (weighted BCE) 0.0430 val loss 0.0668
2026-02-22 08:10:33,022 - INFO - Early stop: no val improvement for 50 epochs (min_epochs=100 reached), restoring best
2026-02-22 08:10:33,076 - INFO - Saved GIN-PWC model, vocab, config, failed_paths to models/gin_pwc/QF_BV/seed0
