2026-02-20 10:32:23,715 - INFO - Building graphs for 1865 instances (timeout=5s)...
2026-02-20 10:32:27,631 - INFO - Graphs: 1865 built, 0 failed (of 1865 instances)
2026-02-20 10:32:27,730 - INFO - GIN-PWC: 1865 instances, 1656 pairwise samples
2026-02-20 10:32:27,730 - INFO - Early stopping: val_ratio=0.15, patience=50, min_epochs=100 -> 1408 train, 248 val samples
2026-02-20 10:32:27,806 - INFO - Best val loss 0.3761 (epoch 1)
2026-02-20 10:32:27,806 - INFO - Epoch 1/500 train loss (weighted BCE) 0.5185 val loss 0.3761 (best)
2026-02-20 10:32:27,863 - INFO - Best val loss 0.3488 (epoch 2)
2026-02-20 10:32:27,919 - INFO - Best val loss 0.3305 (epoch 3)
2026-02-20 10:32:27,975 - INFO - Best val loss 0.3052 (epoch 4)
2026-02-20 10:32:28,032 - INFO - Best val loss 0.2734 (epoch 5)
2026-02-20 10:32:28,089 - INFO - Best val loss 0.2342 (epoch 6)
2026-02-20 10:32:28,146 - INFO - Best val loss 0.1909 (epoch 7)
2026-02-20 10:32:28,205 - INFO - Best val loss 0.1780 (epoch 8)
2026-02-20 10:32:28,262 - INFO - Best val loss 0.1696 (epoch 9)
2026-02-20 10:32:28,317 - INFO - Epoch 10/500 train loss (weighted BCE) 0.1526 val loss 0.2022
2026-02-20 10:32:28,374 - INFO - Best val loss 0.1664 (epoch 11)
2026-02-20 10:32:28,539 - INFO - Best val loss 0.1499 (epoch 14)
2026-02-20 10:32:28,752 - INFO - Best val loss 0.1404 (epoch 18)
2026-02-20 10:32:28,864 - INFO - Epoch 20/500 train loss (weighted BCE) 0.0973 val loss 0.1724
2026-02-20 10:32:29,026 - INFO - Best val loss 0.1261 (epoch 23)
2026-02-20 10:32:29,344 - INFO - Best val loss 0.1243 (epoch 29)
2026-02-20 10:32:29,399 - INFO - Epoch 30/500 train loss (weighted BCE) 0.0590 val loss 0.1653
2026-02-20 10:32:29,508 - INFO - Best val loss 0.1157 (epoch 32)
2026-02-20 10:32:29,617 - INFO - Best val loss 0.1089 (epoch 34)
2026-02-20 10:32:29,778 - INFO - Best val loss 0.1080 (epoch 37)
2026-02-20 10:32:29,938 - INFO - Epoch 40/500 train loss (weighted BCE) 0.0326 val loss 0.1874
2026-02-20 10:32:30,307 - INFO - Best val loss 0.0954 (epoch 47)
2026-02-20 10:32:30,466 - INFO - Epoch 50/500 train loss (weighted BCE) 0.0485 val loss 0.1433
2026-02-20 10:32:30,681 - INFO - Best val loss 0.0923 (epoch 54)
2026-02-20 10:32:30,997 - INFO - Epoch 60/500 train loss (weighted BCE) 0.0109 val loss 0.1132
2026-02-20 10:32:31,526 - INFO - Epoch 70/500 train loss (weighted BCE) 0.0086 val loss 0.1471
2026-02-20 10:32:32,053 - INFO - Epoch 80/500 train loss (weighted BCE) 0.0042 val loss 0.2378
2026-02-20 10:32:32,582 - INFO - Epoch 90/500 train loss (weighted BCE) 0.0021 val loss 0.1904
2026-02-20 10:32:33,106 - INFO - Epoch 100/500 train loss (weighted BCE) 0.0052 val loss 0.1962
2026-02-20 10:32:33,311 - INFO - Early stop: no val improvement for 50 epochs (min_epochs=100 reached), restoring best
2026-02-20 10:32:33,316 - INFO - Saved GIN-PWC model, vocab, config, failed_paths to models/gin_pwc/ABV/seed20
