2026-02-01 00:47:07,333 - INFO - Loading all instances from fold files in data/perf_data/folds/BV...
2026-02-01 00:47:07,439 - INFO - Using syntactic features: data/features/syntactic/catalog0/BV.CSV
2026-02-01 00:47:07,439 - INFO - Using description features: data/features/native_desc/all_mpnet_base_v2/BV.csv
2026-02-01 00:47:07,439 - INFO - Validating feature coverage for syntactic features...
2026-02-01 00:47:07,484 - INFO - Validating feature coverage for description features...
2026-02-01 00:47:08,426 - INFO - Feature coverage validated: all 832 instances have features
2026-02-01 00:47:08,426 - INFO - Starting 4-fold cross-validation with fixed-alpha fusion on 832 instances
2026-02-01 00:47:08,426 - INFO - Alpha candidates: [0.0, 0.05, 0.1, 0.15, 0.2, 0.25, 0.3, 0.35, 0.4, 0.45, 0.5, 0.55, 0.6, 0.65, 0.7, 0.75, 0.8, 0.85, 0.9, 0.95, 1.0]
2026-02-01 00:47:08,426 - INFO - 
============================================================
2026-02-01 00:47:08,427 - INFO - Outer Fold 1/4 (0.csv)
2026-02-01 00:47:08,427 - INFO - ============================================================
2026-02-01 00:47:08,427 - INFO - Loading test instances from 0.csv...
2026-02-01 00:47:08,428 - INFO - Test instances: 208
2026-02-01 00:47:08,428 - INFO - Train instances: 624
2026-02-01 00:47:08,433 - INFO - Training syntactic model on training set...
2026-02-01 00:47:08,656 - INFO - Saved PWC_SVM model at /tmp/tmpf_5lk_z3/synt/model.joblib
2026-02-01 00:47:08,665 - INFO - Training description model on training set...
2026-02-01 00:47:09,108 - INFO - Saved PWC_SVM model at /tmp/tmpf_5lk_z3/desc/model.joblib
2026-02-01 00:47:09,142 - INFO - 
[ORACLE MODE] Tuning alpha on VALIDATION set (208 instances)
2026-02-01 00:47:09,142 - INFO -   (This gives upper bound - not realistic for deployment)
2026-02-01 00:47:30,558 - INFO - 
  Alpha tuning results (on validation set):
2026-02-01 00:47:30,558 - INFO -    Alpha |   Gap PAR2 | Gap Solved |   Solve% |   Avg PAR2
2026-02-01 00:47:30,558 - INFO -   ------ | ---------- | ---------- | -------- | ----------
2026-02-01 00:47:30,558 - INFO -     0.00 |    -0.1542 |    -0.5000 |   89.90% |     257.01 ← BEST
2026-02-01 00:47:30,558 - INFO -     0.05 |    -0.4007 |    -0.8333 |   88.94% |     280.37
2026-02-01 00:47:30,558 - INFO -     0.10 |    -0.5171 |    -1.0000 |   88.46% |     291.40
2026-02-01 00:47:30,559 - INFO -     0.15 |    -0.7565 |    -1.3333 |   87.50% |     314.09
2026-02-01 00:47:30,559 - INFO -     0.20 |    -0.7565 |    -1.3333 |   87.50% |     314.09
2026-02-01 00:47:30,559 - INFO -     0.25 |    -0.8298 |    -1.5000 |   87.02% |     321.04
2026-02-01 00:47:30,559 - INFO -     0.30 |    -0.8144 |    -1.5000 |   87.02% |     319.58
2026-02-01 00:47:30,559 - INFO -     0.35 |    -0.8144 |    -1.5000 |   87.02% |     319.58
2026-02-01 00:47:30,559 - INFO -     0.40 |    -0.8144 |    -1.5000 |   87.02% |     319.57
2026-02-01 00:47:30,559 - INFO -     0.45 |    -0.8045 |    -1.5000 |   87.02% |     318.64
2026-02-01 00:47:30,559 - INFO -     0.50 |    -0.5909 |    -1.1667 |   87.98% |     298.40
2026-02-01 00:47:30,559 - INFO -     0.55 |    -0.5909 |    -1.1667 |   87.98% |     298.40
2026-02-01 00:47:30,559 - INFO -     0.60 |    -0.7139 |    -1.3333 |   87.50% |     310.05
2026-02-01 00:47:30,559 - INFO -     0.65 |    -0.7094 |    -1.3333 |   87.50% |     309.62
2026-02-01 00:47:30,559 - INFO -     0.70 |    -0.8306 |    -1.5000 |   87.02% |     321.11
2026-02-01 00:47:30,559 - INFO -     0.75 |    -0.8300 |    -1.5000 |   87.02% |     321.06
2026-02-01 00:47:30,559 - INFO -     0.80 |    -0.8300 |    -1.5000 |   87.02% |     321.06
2026-02-01 00:47:30,559 - INFO -     0.85 |    -0.8300 |    -1.5000 |   87.02% |     321.06
2026-02-01 00:47:30,559 - INFO -     0.90 |    -0.8300 |    -1.5000 |   87.02% |     321.06
2026-02-01 00:47:30,559 - INFO -     0.95 |    -0.8300 |    -1.5000 |   87.02% |     321.06
2026-02-01 00:47:30,559 - INFO -     1.00 |    -0.8300 |    -1.5000 |   87.02% |     321.05
2026-02-01 00:47:30,559 - INFO - 
  [ORACLE] Selected α=0.00 (gap_cls_par2=-0.1542)
2026-02-01 00:47:30,559 - INFO -   → Best alpha=0.0 means description model alone is best
2026-02-01 00:47:30,559 - INFO - Creating fusion model with α=0.00...
2026-02-01 00:47:30,561 - INFO - Evaluating fusion model on train set...
2026-02-01 00:47:34,111 - INFO - Evaluating fusion model on test set...
2026-02-01 00:47:35,296 - INFO - 
Fold 1 Results (α=0.00):
2026-02-01 00:47:35,297 - INFO -   Train Set:
2026-02-01 00:47:35,297 - INFO -     Solved: 578/624
2026-02-01 00:47:35,297 - INFO -     Solve rate: 92.63%
2026-02-01 00:47:35,297 - INFO -     Average PAR-2: 189.41
2026-02-01 00:47:35,297 - INFO -     Gap closed (PAR-2): 0.4056
2026-02-01 00:47:35,297 - INFO -   Test Set:
2026-02-01 00:47:35,297 - INFO -     Solved: 187/208
2026-02-01 00:47:35,297 - INFO -     Solve rate: 89.90%
2026-02-01 00:47:35,297 - INFO -     Average PAR-2: 257.01
2026-02-01 00:47:35,297 - INFO -     Gap closed (PAR-2): -0.1542
2026-02-01 00:47:35,298 - INFO - 
============================================================
2026-02-01 00:47:35,298 - INFO - Outer Fold 2/4 (1.csv)
2026-02-01 00:47:35,298 - INFO - ============================================================
2026-02-01 00:47:35,298 - INFO - Loading test instances from 1.csv...
2026-02-01 00:47:35,300 - INFO - Test instances: 208
2026-02-01 00:47:35,300 - INFO - Train instances: 624
2026-02-01 00:47:35,305 - INFO - Training syntactic model on training set...
2026-02-01 00:47:35,513 - INFO - Saved PWC_SVM model at /tmp/tmp0hamqynw/synt/model.joblib
2026-02-01 00:47:35,515 - INFO - Training description model on training set...
2026-02-01 00:47:35,937 - INFO - Saved PWC_SVM model at /tmp/tmp0hamqynw/desc/model.joblib
2026-02-01 00:47:35,971 - INFO - 
[ORACLE MODE] Tuning alpha on VALIDATION set (208 instances)
2026-02-01 00:47:35,971 - INFO -   (This gives upper bound - not realistic for deployment)
2026-02-01 00:47:57,393 - INFO - 
  Alpha tuning results (on validation set):
2026-02-01 00:47:57,393 - INFO -    Alpha |   Gap PAR2 | Gap Solved |   Solve% |   Avg PAR2
2026-02-01 00:47:57,393 - INFO -   ------ | ---------- | ---------- | -------- | ----------
2026-02-01 00:47:57,393 - INFO -     0.00 |    -0.2048 |    -0.3077 |   88.46% |     293.27
2026-02-01 00:47:57,393 - INFO -     0.05 |    -0.2048 |    -0.3077 |   88.46% |     293.27
2026-02-01 00:47:57,393 - INFO -     0.10 |    -0.2048 |    -0.3077 |   88.46% |     293.27
2026-02-01 00:47:57,393 - INFO -     0.15 |    -0.1372 |    -0.2308 |   88.94% |     281.73
2026-02-01 00:47:57,393 - INFO -     0.20 |    -0.0652 |    -0.1538 |   89.42% |     269.43
2026-02-01 00:47:57,393 - INFO -     0.25 |    -0.0628 |    -0.1538 |   89.42% |     269.03 ← BEST
2026-02-01 00:47:57,393 - INFO -     0.30 |    -0.0629 |    -0.1538 |   89.42% |     269.03
2026-02-01 00:47:57,393 - INFO -     0.35 |    -0.0629 |    -0.1538 |   89.42% |     269.03
2026-02-01 00:47:57,393 - INFO -     0.40 |    -0.0629 |    -0.1538 |   89.42% |     269.03
2026-02-01 00:47:57,393 - INFO -     0.45 |    -0.0629 |    -0.1538 |   89.42% |     269.03
2026-02-01 00:47:57,393 - INFO -     0.50 |    -0.0629 |    -0.1538 |   89.42% |     269.03
2026-02-01 00:47:57,393 - INFO -     0.55 |    -0.0629 |    -0.1538 |   89.42% |     269.03
2026-02-01 00:47:57,393 - INFO -     0.60 |    -0.0629 |    -0.1538 |   89.42% |     269.03
2026-02-01 00:47:57,393 - INFO -     0.65 |    -0.1974 |    -0.3077 |   88.46% |     292.01
2026-02-01 00:47:57,393 - INFO -     0.70 |    -0.1974 |    -0.3077 |   88.46% |     292.01
2026-02-01 00:47:57,393 - INFO -     0.75 |    -0.3323 |    -0.4615 |   87.50% |     315.05
2026-02-01 00:47:57,393 - INFO -     0.80 |    -0.4675 |    -0.6154 |   86.54% |     338.14
2026-02-01 00:47:57,393 - INFO -     0.85 |    -0.4675 |    -0.6154 |   86.54% |     338.14
2026-02-01 00:47:57,393 - INFO -     0.90 |    -0.4675 |    -0.6154 |   86.54% |     338.14
2026-02-01 00:47:57,393 - INFO -     0.95 |    -0.4001 |    -0.5385 |   87.02% |     326.63
2026-02-01 00:47:57,393 - INFO -     1.00 |    -0.5860 |    -0.7692 |   85.58% |     358.38
2026-02-01 00:47:57,393 - INFO - 
  [ORACLE] Selected α=0.25 (gap_cls_par2=-0.0628)
2026-02-01 00:47:57,393 - INFO -   → Best alpha=0.25 means fusion helps (25% syntactic, 75% description)
2026-02-01 00:47:57,394 - INFO - Creating fusion model with α=0.25...
2026-02-01 00:47:57,394 - INFO - Evaluating fusion model on train set...
2026-02-01 00:48:00,974 - INFO - Evaluating fusion model on test set...
2026-02-01 00:48:02,153 - INFO - 
Fold 2 Results (α=0.25):
2026-02-01 00:48:02,153 - INFO -   Train Set:
2026-02-01 00:48:02,153 - INFO -     Solved: 559/624
2026-02-01 00:48:02,154 - INFO -     Solve rate: 89.58%
2026-02-01 00:48:02,154 - INFO -     Average PAR-2: 263.19
2026-02-01 00:48:02,154 - INFO -     Gap closed (PAR-2): -0.1345
2026-02-01 00:48:02,154 - INFO -   Test Set:
2026-02-01 00:48:02,154 - INFO -     Solved: 186/208
2026-02-01 00:48:02,154 - INFO -     Solve rate: 89.42%
2026-02-01 00:48:02,154 - INFO -     Average PAR-2: 269.03
2026-02-01 00:48:02,154 - INFO -     Gap closed (PAR-2): -0.0628
2026-02-01 00:48:02,155 - INFO - 
============================================================
2026-02-01 00:48:02,155 - INFO - Outer Fold 3/4 (2.csv)
2026-02-01 00:48:02,155 - INFO - ============================================================
2026-02-01 00:48:02,155 - INFO - Loading test instances from 2.csv...
2026-02-01 00:48:02,157 - INFO - Test instances: 208
2026-02-01 00:48:02,157 - INFO - Train instances: 624
2026-02-01 00:48:02,161 - INFO - Training syntactic model on training set...
2026-02-01 00:48:02,368 - INFO - Saved PWC_SVM model at /tmp/tmppe3h0sp6/synt/model.joblib
2026-02-01 00:48:02,371 - INFO - Training description model on training set...
2026-02-01 00:48:02,829 - INFO - Saved PWC_SVM model at /tmp/tmppe3h0sp6/desc/model.joblib
2026-02-01 00:48:02,863 - INFO - 
[ORACLE MODE] Tuning alpha on VALIDATION set (208 instances)
2026-02-01 00:48:02,863 - INFO -   (This gives upper bound - not realistic for deployment)
2026-02-01 00:48:24,087 - INFO - 
  Alpha tuning results (on validation set):
2026-02-01 00:48:24,087 - INFO -    Alpha |   Gap PAR2 | Gap Solved |   Solve% |   Avg PAR2
2026-02-01 00:48:24,087 - INFO -   ------ | ---------- | ---------- | -------- | ----------
2026-02-01 00:48:24,087 - INFO -     0.00 |    -0.7351 |    -1.0000 |   86.06% |     347.62
2026-02-01 00:48:24,087 - INFO -     0.05 |    -1.0007 |    -1.3000 |   84.62% |     382.33
2026-02-01 00:48:24,087 - INFO -     0.10 |    -0.8200 |    -1.1000 |   85.58% |     358.71
2026-02-01 00:48:24,087 - INFO -     0.15 |    -0.7709 |    -1.1000 |   85.58% |     352.29
2026-02-01 00:48:24,087 - INFO -     0.20 |    -0.6042 |    -0.9000 |   86.54% |     330.51
2026-02-01 00:48:24,087 - INFO -     0.25 |    -0.6042 |    -0.9000 |   86.54% |     330.51
2026-02-01 00:48:24,087 - INFO -     0.30 |    -0.6047 |    -0.9000 |   86.54% |     330.58
2026-02-01 00:48:24,087 - INFO -     0.35 |    -0.6047 |    -0.9000 |   86.54% |     330.57
2026-02-01 00:48:24,087 - INFO -     0.40 |    -0.6047 |    -0.9000 |   86.54% |     330.57
2026-02-01 00:48:24,087 - INFO -     0.45 |    -0.6047 |    -0.9000 |   86.54% |     330.57
2026-02-01 00:48:24,087 - INFO -     0.50 |    -0.5421 |    -0.8000 |   87.02% |     322.40
2026-02-01 00:48:24,087 - INFO -     0.55 |    -0.5421 |    -0.8000 |   87.02% |     322.40
2026-02-01 00:48:24,087 - INFO -     0.60 |    -0.5420 |    -0.8000 |   87.02% |     322.39
2026-02-01 00:48:24,087 - INFO -     0.65 |    -0.5420 |    -0.8000 |   87.02% |     322.38 ← BEST
2026-02-01 00:48:24,087 - INFO -     0.70 |    -0.5420 |    -0.8000 |   87.02% |     322.38
2026-02-01 00:48:24,087 - INFO -     0.75 |    -0.5420 |    -0.8000 |   87.02% |     322.38
2026-02-01 00:48:24,087 - INFO -     0.80 |    -0.5420 |    -0.8000 |   87.02% |     322.38
2026-02-01 00:48:24,087 - INFO -     0.85 |    -0.6286 |    -0.9000 |   86.54% |     333.70
2026-02-01 00:48:24,087 - INFO -     0.90 |    -0.7169 |    -1.0000 |   86.06% |     345.24
2026-02-01 00:48:24,087 - INFO -     0.95 |    -0.7169 |    -1.0000 |   86.06% |     345.24
2026-02-01 00:48:24,087 - INFO -     1.00 |    -0.8140 |    -1.1000 |   85.58% |     357.93
2026-02-01 00:48:24,087 - INFO - 
  [ORACLE] Selected α=0.65 (gap_cls_par2=-0.5420)
2026-02-01 00:48:24,087 - INFO -   → Best alpha=0.65 means fusion helps (65% syntactic, 35% description)
2026-02-01 00:48:24,087 - INFO - Creating fusion model with α=0.65...
2026-02-01 00:48:24,088 - INFO - Evaluating fusion model on train set...
2026-02-01 00:48:27,604 - INFO - Evaluating fusion model on test set...
2026-02-01 00:48:28,782 - INFO - 
Fold 3 Results (α=0.65):
2026-02-01 00:48:28,782 - INFO -   Train Set:
2026-02-01 00:48:28,782 - INFO -     Solved: 558/624
2026-02-01 00:48:28,782 - INFO -     Solve rate: 89.42%
2026-02-01 00:48:28,782 - INFO -     Average PAR-2: 264.66
2026-02-01 00:48:28,782 - INFO -     Gap closed (PAR-2): -0.1162
2026-02-01 00:48:28,782 - INFO -   Test Set:
2026-02-01 00:48:28,782 - INFO -     Solved: 181/208
2026-02-01 00:48:28,782 - INFO -     Solve rate: 87.02%
2026-02-01 00:48:28,782 - INFO -     Average PAR-2: 322.38
2026-02-01 00:48:28,782 - INFO -     Gap closed (PAR-2): -0.5420
2026-02-01 00:48:28,784 - INFO - 
============================================================
2026-02-01 00:48:28,784 - INFO - Outer Fold 4/4 (3.csv)
2026-02-01 00:48:28,784 - INFO - ============================================================
2026-02-01 00:48:28,784 - INFO - Loading test instances from 3.csv...
2026-02-01 00:48:28,785 - INFO - Test instances: 208
2026-02-01 00:48:28,785 - INFO - Train instances: 624
2026-02-01 00:48:28,789 - INFO - Training syntactic model on training set...
2026-02-01 00:48:29,007 - INFO - Saved PWC_SVM model at /tmp/tmp29neb9ss/synt/model.joblib
2026-02-01 00:48:29,010 - INFO - Training description model on training set...
2026-02-01 00:48:29,475 - INFO - Saved PWC_SVM model at /tmp/tmp29neb9ss/desc/model.joblib
2026-02-01 00:48:29,511 - INFO - 
[ORACLE MODE] Tuning alpha on VALIDATION set (208 instances)
2026-02-01 00:48:29,511 - INFO -   (This gives upper bound - not realistic for deployment)
2026-02-01 00:48:47,166 - INFO - 
  Alpha tuning results (on validation set):
2026-02-01 00:48:47,166 - INFO -    Alpha |   Gap PAR2 | Gap Solved |   Solve% |   Avg PAR2
2026-02-01 00:48:47,166 - INFO -   ------ | ---------- | ---------- | -------- | ----------
2026-02-01 00:48:47,166 - INFO -     0.00 |     0.0867 |     0.0833 |   91.35% |     230.66
2026-02-01 00:48:47,166 - INFO -     0.05 |     0.0867 |     0.0833 |   91.35% |     230.66
2026-02-01 00:48:47,166 - INFO -     0.10 |     0.0867 |     0.0833 |   91.35% |     230.66
2026-02-01 00:48:47,166 - INFO -     0.15 |     0.2340 |     0.2500 |   92.31% |     207.57
2026-02-01 00:48:47,166 - INFO -     0.20 |     0.2340 |     0.2500 |   92.31% |     207.57
2026-02-01 00:48:47,166 - INFO -     0.25 |     0.2341 |     0.2500 |   92.31% |     207.57
2026-02-01 00:48:47,166 - INFO -     0.30 |     0.2341 |     0.2500 |   92.31% |     207.57
2026-02-01 00:48:47,166 - INFO -     0.35 |     0.2341 |     0.2500 |   92.31% |     207.57
2026-02-01 00:48:47,166 - INFO -     0.40 |     0.1954 |     0.1667 |   91.83% |     213.62
2026-02-01 00:48:47,166 - INFO -     0.45 |     0.2687 |     0.2500 |   92.31% |     202.14
2026-02-01 00:48:47,166 - INFO -     0.50 |     0.2687 |     0.2500 |   92.31% |     202.14
2026-02-01 00:48:47,167 - INFO -     0.55 |     0.2687 |     0.2500 |   92.31% |     202.14
2026-02-01 00:48:47,167 - INFO -     0.60 |     0.2687 |     0.2500 |   92.31% |     202.13 ← BEST
2026-02-01 00:48:47,167 - INFO -     0.65 |     0.1951 |     0.1667 |   91.83% |     213.67
2026-02-01 00:48:47,167 - INFO -     0.70 |     0.1950 |     0.1667 |   91.83% |     213.68
2026-02-01 00:48:47,167 - INFO -     0.75 |     0.1214 |     0.0833 |   91.35% |     225.22
2026-02-01 00:48:47,167 - INFO -     0.80 |     0.1214 |     0.0833 |   91.35% |     225.22
2026-02-01 00:48:47,167 - INFO -     0.85 |     0.1211 |     0.0833 |   91.35% |     225.27
2026-02-01 00:48:47,167 - INFO -     0.90 |     0.1414 |     0.0833 |   91.35% |     222.09
2026-02-01 00:48:47,167 - INFO -     0.95 |     0.1414 |     0.0833 |   91.35% |     222.09
2026-02-01 00:48:47,167 - INFO -     1.00 |     0.1414 |     0.0833 |   91.35% |     222.09
2026-02-01 00:48:47,167 - INFO - 
  [ORACLE] Selected α=0.60 (gap_cls_par2=0.2687)
2026-02-01 00:48:47,167 - INFO -   → Best alpha=0.60 means fusion helps (60% syntactic, 40% description)
2026-02-01 00:48:47,167 - INFO - Creating fusion model with α=0.60...
2026-02-01 00:48:47,167 - INFO - Evaluating fusion model on train set...
2026-02-01 00:48:50,190 - INFO - Evaluating fusion model on test set...
2026-02-01 00:48:51,191 - INFO - 
Fold 4 Results (α=0.60):
2026-02-01 00:48:51,191 - INFO -   Train Set:
2026-02-01 00:48:51,191 - INFO -     Solved: 548/624
2026-02-01 00:48:51,191 - INFO -     Solve rate: 87.82%
2026-02-01 00:48:51,191 - INFO -     Average PAR-2: 301.50
2026-02-01 00:48:51,191 - INFO -     Gap closed (PAR-2): -0.3842
2026-02-01 00:48:51,191 - INFO -   Test Set:
2026-02-01 00:48:51,191 - INFO -     Solved: 192/208
2026-02-01 00:48:51,191 - INFO -     Solve rate: 92.31%
2026-02-01 00:48:51,191 - INFO -     Average PAR-2: 202.13
2026-02-01 00:48:51,191 - INFO -     Gap closed (PAR-2): 0.2687
2026-02-01 00:48:51,195 - INFO - Saved summary to results/20260201_55946487/fusion_oracle/BV/summary.json
2026-02-01 00:48:51,196 - INFO - 
============================================================
2026-02-01 00:48:51,196 - INFO - Cross-Validation Results Summary (ORACLE MODE)
2026-02-01 00:48:51,196 - INFO - ============================================================
2026-02-01 00:48:51,196 - INFO - *** ORACLE MODE: Alpha tuned on validation set (upper bound) ***
2026-02-01 00:48:51,196 - INFO - Model type: Fusion_SVM_fixed_alpha_oracle
2026-02-01 00:48:51,196 - INFO - Number of folds: 4
2026-02-01 00:48:51,196 - INFO - Total instances: 832
2026-02-01 00:48:51,196 - INFO - 
2026-02-01 00:48:51,196 - INFO - Alpha values per fold: ['0.00', '0.25', '0.65', '0.60']
2026-02-01 00:48:51,197 - INFO - Alpha mean ± std: 0.38 ± 0.27
2026-02-01 00:48:51,197 - INFO - 
2026-02-01 00:48:51,197 - INFO - Test Set Performance:
2026-02-01 00:48:51,197 - INFO -   Algorithm Selection (Fusion):
2026-02-01 00:48:51,197 - INFO -     Solve rate: 89.66% ± 1.88%
2026-02-01 00:48:51,197 - INFO -     Average PAR-2: 262.64 ± 42.73
2026-02-01 00:48:51,197 - INFO -     Gap closed (solved): -0.3010 ± 0.3917
2026-02-01 00:48:51,197 - INFO -     Gap closed (PAR-2): -0.1226 ± 0.2888
2026-02-01 00:48:51,197 - INFO -   SBS (Single Best Solver):
2026-02-01 00:48:51,197 - INFO -     Solve rate: 90.87% ± 0.34%
2026-02-01 00:48:51,197 - INFO -     Average PAR-2: 249.12 ± 6.31
2026-02-01 00:48:51,197 - INFO -   VBS (Virtual Best Solver):
2026-02-01 00:48:51,197 - INFO -     Solve rate: 95.79% ± 0.98%
2026-02-01 00:48:51,197 - INFO -     Average PAR-2: 110.88 ± 25.21
2026-02-01 00:48:51,197 - INFO - ============================================================
