Job started at: Sun Feb  1 12:46:20 AM EST 2026
Job ID: 55946487
Running on node: nc10902
Logic: BV

*** ORACLE MODE: Alpha tuned on validation set (upper bound analysis) ***

Python version: Python 3.11.4

========================================================================
ORACLE MODE: Fixed-Alpha Fusion Cross-Validation for: BV
========================================================================

Configuration:
  - Folds dir: data/perf_data/folds/BV
  - Syntactic features: data/features/syntactic/catalog0/BV.CSV
  - Description features: data/features/native_desc/all_mpnet_base_v2/BV.csv
  - Results directory: results/20260201_55946487/fusion_oracle/BV
  - Mode: ORACLE (alpha tuned on validation set)
========================================================================


========================================================================
Completed successfully for BV (ORACLE MODE)!
Results: results/20260201_55946487/fusion_oracle/BV/summary.json
========================================================================
Job finished at: Sun Feb  1 12:48:51 AM EST 2026
