2026-02-22 23:03:26,344 - INFO - Building graphs for 1865 instances (timeout=5s)...
2026-02-22 23:03:30,273 - INFO - Graphs: 1865 built, 0 failed (of 1865 instances)
2026-02-22 23:03:30,367 - INFO - GIN-PWC: 1865 instances, 1683 pairwise samples
2026-02-22 23:03:30,367 - INFO - Early stopping: val_ratio=0.15, patience=50, min_epochs=100 -> 1431 train, 252 val samples
2026-02-22 23:03:30,705 - INFO - Best val loss 0.3689 (epoch 1)
2026-02-22 23:03:30,705 - INFO - Epoch 1/500 train loss (weighted BCE) 0.4998 val loss 0.3689 (best)
2026-02-22 23:03:30,764 - INFO - Best val loss 0.3474 (epoch 2)
2026-02-22 23:03:30,824 - INFO - Best val loss 0.3275 (epoch 3)
2026-02-22 23:03:30,883 - INFO - Best val loss 0.2721 (epoch 4)
2026-02-22 23:03:30,940 - INFO - Best val loss 0.2076 (epoch 5)
2026-02-22 23:03:30,999 - INFO - Best val loss 0.1748 (epoch 6)
2026-02-22 23:03:31,224 - INFO - Best val loss 0.1730 (epoch 10)
2026-02-22 23:03:31,224 - INFO - Epoch 10/500 train loss (weighted BCE) 0.1269 val loss 0.1730 (best)
2026-02-22 23:03:31,284 - INFO - Best val loss 0.1637 (epoch 11)
2026-02-22 23:03:31,344 - INFO - Best val loss 0.1415 (epoch 12)
2026-02-22 23:03:31,522 - INFO - Best val loss 0.1284 (epoch 15)
2026-02-22 23:03:31,802 - INFO - Best val loss 0.1209 (epoch 20)
2026-02-22 23:03:31,802 - INFO - Epoch 20/500 train loss (weighted BCE) 0.0975 val loss 0.1209 (best)
2026-02-22 23:03:31,914 - INFO - Best val loss 0.1101 (epoch 22)
2026-02-22 23:03:32,081 - INFO - Best val loss 0.1028 (epoch 25)
2026-02-22 23:03:32,191 - INFO - Best val loss 0.0977 (epoch 27)
2026-02-22 23:03:32,355 - INFO - Epoch 30/500 train loss (weighted BCE) 0.0558 val loss 0.1209
2026-02-22 23:03:32,411 - INFO - Best val loss 0.0960 (epoch 31)
2026-02-22 23:03:32,469 - INFO - Best val loss 0.0955 (epoch 32)
2026-02-22 23:03:32,902 - INFO - Epoch 40/500 train loss (weighted BCE) 0.0475 val loss 0.1257
2026-02-22 23:03:33,119 - INFO - Best val loss 0.0826 (epoch 44)
2026-02-22 23:03:33,444 - INFO - Epoch 50/500 train loss (weighted BCE) 0.0323 val loss 0.1163
2026-02-22 23:03:33,981 - INFO - Epoch 60/500 train loss (weighted BCE) 0.0174 val loss 0.1503
2026-02-22 23:03:34,516 - INFO - Epoch 70/500 train loss (weighted BCE) 0.0444 val loss 0.1299
2026-02-22 23:03:35,052 - INFO - Epoch 80/500 train loss (weighted BCE) 0.0204 val loss 0.2741
2026-02-22 23:03:35,586 - INFO - Epoch 90/500 train loss (weighted BCE) 0.0055 val loss 0.1415
2026-02-22 23:03:36,120 - INFO - Epoch 100/500 train loss (weighted BCE) 0.0056 val loss 0.1786
2026-02-22 23:03:36,120 - INFO - Early stop: no val improvement for 50 epochs (min_epochs=100 reached), restoring best
2026-02-22 23:03:36,124 - INFO - Saved GIN-PWC model, vocab, config, failed_paths to models/gin_pwc/ABV/seed0
